Warning: No display specified.  You will not be able to display graphics on the screen.

                            < M A T L A B (R) >
                  Copyright 1984-2010 The MathWorks, Inc.
                Version 7.11.0.584 (R2010b) 64-bit (glnxa64)
                              August 16, 2010

 
  To get started, type one of these: helpwin, helpdesk, or demo.
  For product information, visit www.mathworks.com.
 
Segmenting subject 108


------------------------------------------------------------------------
Running job #1
------------------------------------------------------------------------
Running 'Segment'
Done    'Segment'
Done

./4-SPM_preproc.sh: line 50: syntax error near unexpected token `fi'
./4-SPM_preproc.sh: line 50: `fi'
mkdir: cannot create directory `/media/DATAPART5/kmc400/spm/108': File exists
mkdir: cannot create directory `/media/DATAPART5/kmc400/spm/108/T1': File exists
Warning: No display specified.  You will not be able to display graphics on the screen.

                            < M A T L A B (R) >
                  Copyright 1984-2010 The MathWorks, Inc.
                Version 7.11.0.584 (R2010b) 64-bit (glnxa64)
                              August 16, 2010

 
  To get started, type one of these: helpwin, helpdesk, or demo.
  For product information, visit www.mathworks.com.
 
Segmenting subject 108


------------------------------------------------------------------------
Running job #1
------------------------------------------------------------------------
Running 'Segment'
Done    'Segment'
Done

Warning: No display specified.  You will not be able to display graphics on the screen.

                            < M A T L A B (R) >
                  Copyright 1984-2010 The MathWorks, Inc.
                Version 7.11.0.584 (R2010b) 64-bit (glnxa64)
                              August 16, 2010

 
  To get started, type one of these: helpwin, helpdesk, or demo.
  For product information, visit www.mathworks.com.
 
Processing ATENCIONSENSE for subject 108


------------------------------------------------------------------------
Running job #1
------------------------------------------------------------------------
Running 'Slice Timing'

SPM8: spm_slice_timing (v4310)                     11:30:02 - 24/05/2013
========================================================================
Your TR is 2.0
Done    'Slice Timing'
Running 'Realign: Estimate & Reslice'
Done    'Realign: Estimate & Reslice'
Running 'Coregister: Estimate'
iteration 1...
-1.545   0        0        0        0        0        | -1.0638
-1.545   -3.768   0        0        0        0        | -1.0659
-1.545   -3.768   -1.243   0        0        0        | -1.0662
-1.545   -3.768   -1.243   -0.004109 0        0        | -1.0663
-1.545   -3.768   -1.243   -0.004109 -0.005616 0        | -1.0663
-1.545   -3.768   -1.243   -0.004109 -0.005616 0        | -1.0663
iteration 2...
-1.559   -3.768   -1.243   -0.004109 -0.005616 0        | -1.0663
-1.559   -3.549   -1.243   -0.004109 -0.005616 0        | -1.0663
-1.559   -3.549   -1.243   -0.004109 -0.005616 0        | -1.0663
-1.559   -3.549   -1.243   -0.00509 -0.005616 0        | -1.0663
-1.559   -3.549   -1.243   -0.00509 -0.005475 0        | -1.0663
-1.559   -3.549   -1.243   -0.00509 -0.005475 0.003373 | -1.0663
iteration 3...
-1.528   -3.549   -1.243   -0.00509 -0.005475 0.003373 | -1.0663
-1.528   -3.476   -1.243   -0.00509 -0.005475 0.003373 | -1.0663
-1.528   -3.476   -1.193   -0.00509 -0.005475 0.003373 | -1.0663
-1.528   -3.476   -1.193   -0.006337 -0.005475 0.003373 | -1.0663
-1.528   -3.476   -1.193   -0.006337 -0.00538 0.003373 | -1.0663
-1.528   -3.476   -1.193   -0.006337 -0.00538 0.004547 | -1.0663
iteration 4...
-1.542   -3.476   -1.193   -0.006337 -0.00538 0.004547 | -1.0663
-1.542   -3.477   -1.193   -0.006337 -0.00538 0.004547 | -1.0663
-1.542   -3.477   -1.171   -0.006337 -0.00538 0.004547 | -1.0663
-1.542   -3.477   -1.171   -0.006784 -0.00538 0.004547 | -1.0663
-1.542   -3.477   -1.171   -0.006784 -0.00538 0.004547 | -1.0663
-1.542   -3.477   -1.171   -0.006784 -0.00538 0.005059 | -1.0663
-1.579   -3.479   -1.114   -0.007953 -0.00538 0.0064   | -1.0663
iteration 5...
-1.548   -3.479   -1.114   -0.007953 -0.00538 0.0064   | -1.0663
-1.548   -3.484   -1.114   -0.007953 -0.00538 0.0064   | -1.0663
-1.548   -3.484   -1.067   -0.007953 -0.00538 0.0064   | -1.0663
-1.548   -3.484   -1.067   -0.007953 -0.00538 0.0064   | -1.0663
-1.548   -3.484   -1.067   -0.007953 -0.0051  0.0064   | -1.0663
-1.548   -3.484   -1.067   -0.007953 -0.0051  0.005925 | -1.0663
iteration 6...
-1.572   -3.484   -1.067   -0.007953 -0.0051  0.005925 | -1.0663
-1.572   -3.484   -1.067   -0.007953 -0.0051  0.005925 | -1.0663
-1.572   -3.484   -1.068   -0.007953 -0.0051  0.005925 | -1.0663
-1.572   -3.484   -1.068   -0.007953 -0.0051  0.005925 | -1.0663
-1.572   -3.484   -1.068   -0.007953 -0.0051  0.005925 | -1.0663
-1.572   -3.484   -1.068   -0.007953 -0.0051  0.005925 | -1.0663
iteration 7...
-1.572   -3.484   -1.068   -0.007953 -0.0051  0.005925 | -1.0663
-1.572   -3.484   -1.068   -0.007953 -0.0051  0.005925 | -1.0663
-1.572   -3.484   -1.068   -0.007953 -0.0051  0.005925 | -1.0663
-1.572   -3.484   -1.068   -0.007953 -0.0051  0.005925 | -1.0663
-1.572   -3.484   -1.068   -0.007953 -0.0051  0.005925 | -1.0663
-1.572   -3.484   -1.068   -0.007953 -0.0051  0.005925 | -1.0663
iteration 1...
-1.515   -3.484   -1.068   -0.007953 -0.0051  0.005925 | -1.0662
-1.515   -3.663   -1.068   -0.007953 -0.0051  0.005925 | -1.0662
-1.515   -3.663   -1.178   -0.007953 -0.0051  0.005925 | -1.0662
-1.515   -3.663   -1.178   -0.006869 -0.0051  0.005925 | -1.0662
-1.515   -3.663   -1.178   -0.006869 -0.005874 0.005925 | -1.0662
-1.515   -3.663   -1.178   -0.006869 -0.005874 0.006023 | -1.0662
iteration 2...
-1.502   -3.663   -1.178   -0.006869 -0.005874 0.006023 | -1.0662
-1.502   -3.696   -1.178   -0.006869 -0.005874 0.006023 | -1.0662
-1.502   -3.696   -1.18    -0.006869 -0.005874 0.006023 | -1.0662
-1.502   -3.696   -1.18    -0.006869 -0.005874 0.006023 | -1.0662
-1.502   -3.696   -1.18    -0.006869 -0.006383 0.006023 | -1.0662
-1.502   -3.696   -1.18    -0.006869 -0.006383 0.006225 | -1.0662
iteration 3...
-1.492   -3.696   -1.18    -0.006869 -0.006383 0.006225 | -1.0662
-1.492   -3.699   -1.18    -0.006869 -0.006383 0.006225 | -1.0662
-1.492   -3.699   -1.174   -0.006869 -0.006383 0.006225 | -1.0662
-1.492   -3.699   -1.174   -0.006869 -0.006383 0.006225 | -1.0662
-1.492   -3.699   -1.174   -0.006869 -0.006562 0.006225 | -1.0662
-1.492   -3.699   -1.174   -0.006869 -0.006562 0.006225 | -1.0662
Done    'Coregister: Estimate'
Running 'Normalise: Write'
Done    'Normalise: Write'
Running 'Smooth'
Done    'Smooth'
Done


Preprocessing of ATENCIONSENSE for subject 108 completed succesfully
Warning: No display specified.  You will not be able to display graphics on the screen.

                            < M A T L A B (R) >
                  Copyright 1984-2010 The MathWorks, Inc.
                Version 7.11.0.584 (R2010b) 64-bit (glnxa64)
                              August 16, 2010

 
  To get started, type one of these: helpwin, helpdesk, or demo.
  For product information, visit www.mathworks.com.
 
Processing COORDINACIONSENSE for subject 108


------------------------------------------------------------------------
Running job #1
------------------------------------------------------------------------
Running 'Slice Timing'

SPM8: spm_slice_timing (v4310)                     11:31:58 - 24/05/2013
========================================================================
Your TR is 2.0
Done    'Slice Timing'
Running 'Realign: Estimate & Reslice'
Done    'Realign: Estimate & Reslice'
Running 'Coregister: Estimate'
iteration 1...
0.2346   0        0        0        0        0        | -1.0656
0.2346   -0.2852  0        0        0        0        | -1.0656
0.2346   -0.2852  1.055    0        0        0        | -1.0658
0.2346   -0.2852  1.055    -0.004752 0        0        | -1.0658
0.2346   -0.2852  1.055    -0.004752 0.0002095 0        | -1.0658
0.2346   -0.2852  1.055    -0.004752 0.0002095 -0.005967 | -1.0658
iteration 2...
0.2443   -0.2852  1.055    -0.004752 0.0002095 -0.005967 | -1.0658
0.2443   -0.1471  1.055    -0.004752 0.0002095 -0.005967 | -1.0658
0.2443   -0.1471  1.046    -0.004752 0.0002095 -0.005967 | -1.0658
0.2443   -0.1471  1.046    -0.004752 0.0002095 -0.005967 | -1.0658
0.2443   -0.1471  1.046    -0.004752 0.0001512 -0.005967 | -1.0658
0.2443   -0.1471  1.046    -0.004752 0.0001512 -0.005809 | -1.0658
iteration 3...
0.2093   -0.1471  1.046    -0.004752 0.0001512 -0.005809 | -1.0658
0.2093   -0.1471  1.046    -0.004752 0.0001512 -0.005809 | -1.0658
0.2093   -0.1471  1.052    -0.004752 0.0001512 -0.005809 | -1.0658
0.2093   -0.1471  1.052    -0.004752 0.0001512 -0.005809 | -1.0658
0.2093   -0.1471  1.052    -0.004752 0.0001512 -0.005809 | -1.0658
0.2093   -0.1471  1.052    -0.004752 0.0001512 -0.006019 | -1.0658
iteration 4...
0.2093   -0.1471  1.052    -0.004752 0.0001512 -0.006019 | -1.0658
0.2093   -0.1471  1.052    -0.004752 0.0001512 -0.006019 | -1.0658
0.2093   -0.1471  1.052    -0.004752 0.0001512 -0.006019 | -1.0658
0.2093   -0.1471  1.052    -0.004752 0.0001512 -0.006019 | -1.0658
0.2093   -0.1471  1.052    -0.004752 0.0001512 -0.006019 | -1.0658
0.2093   -0.1471  1.052    -0.004752 0.0001512 -0.006019 | -1.0658
iteration 1...
0.1927   -0.1471  1.052    -0.004752 0.0001512 -0.006019 | -1.0656
0.1927   -0.1363  1.052    -0.004752 0.0001512 -0.006019 | -1.0656
0.1927   -0.1363  1.057    -0.004752 0.0001512 -0.006019 | -1.0656
0.1927   -0.1363  1.057    -0.006524 0.0001512 -0.006019 | -1.0656
0.1927   -0.1363  1.057    -0.006524 -0.0003929 -0.006019 | -1.0656
0.1927   -0.1363  1.057    -0.006524 -0.0003929 -0.002363 | -1.0656
iteration 2...
0.2447   -0.1363  1.057    -0.006524 -0.0003929 -0.002363 | -1.0656
0.2447   -0.08061 1.057    -0.006524 -0.0003929 -0.002363 | -1.0656
0.2447   -0.08061 1.095    -0.006524 -0.0003929 -0.002363 | -1.0656
0.2447   -0.08061 1.095    -0.006965 -0.0003929 -0.002363 | -1.0656
0.2447   -0.08061 1.095    -0.006965 -0.0003929 -0.002363 | -1.0656
0.2447   -0.08061 1.095    -0.006965 -0.0003929 -0.001676 | -1.0656
iteration 3...
0.2519   -0.08061 1.095    -0.006965 -0.0003929 -0.001676 | -1.0656
0.2519   -0.06737 1.095    -0.006965 -0.0003929 -0.001676 | -1.0656
0.2519   -0.06737 1.106    -0.006965 -0.0003929 -0.001676 | -1.0656
0.2519   -0.06737 1.106    -0.006965 -0.0003929 -0.001676 | -1.0656
0.2519   -0.06737 1.106    -0.006965 -0.0003929 -0.001676 | -1.0656
0.2519   -0.06737 1.106    -0.006965 -0.0003929 -0.001369 | -1.0656
0.2592   -0.05412 1.118    -0.006965 -0.0003929 -0.001062 | -1.0656
iteration 4...
0.2635   -0.05412 1.118    -0.006965 -0.0003929 -0.001062 | -1.0656
0.2635   -0.05412 1.118    -0.006965 -0.0003929 -0.001062 | -1.0656
0.2635   -0.05412 1.109    -0.006965 -0.0003929 -0.001062 | -1.0656
0.2635   -0.05412 1.109    -0.006965 -0.0003929 -0.001062 | -1.0656
0.2635   -0.05412 1.109    -0.006965 -0.0003929 -0.001062 | -1.0656
0.2635   -0.05412 1.109    -0.006965 -0.0003929 -0.001062 | -1.0656
Done    'Coregister: Estimate'
Running 'Normalise: Write'
Done    'Normalise: Write'
Running 'Smooth'
Done    'Smooth'
Done


Preprocessing of COORDINACIONSENSE for subject 108 completed succesfully
Warning: No display specified.  You will not be able to display graphics on the screen.

                            < M A T L A B (R) >
                  Copyright 1984-2010 The MathWorks, Inc.
                Version 7.11.0.584 (R2010b) 64-bit (glnxa64)
                              August 16, 2010

 
  To get started, type one of these: helpwin, helpdesk, or demo.
  For product information, visit www.mathworks.com.
 
Processing MEMORIASENSE for subject 108


------------------------------------------------------------------------
Running job #1
------------------------------------------------------------------------
Running 'Slice Timing'

SPM8: spm_slice_timing (v4310)                     11:33:59 - 24/05/2013
========================================================================
Your TR is 4.0
Done    'Slice Timing'
Running 'Realign: Estimate & Reslice'
Done    'Realign: Estimate & Reslice'
Running 'Coregister: Estimate'
iteration 1...
-0.2785  0        0        0        0        0        | -1.0623
-0.2785  0.2262   0        0        0        0        | -1.0623
-0.2785  0.2262   -0.3232  0        0        0        | -1.0623
-0.2785  0.2262   -0.3232  0        0        0        | -1.0623
-0.2785  0.2262   -0.3232  0        0.001122 0        | -1.0623
-0.2785  0.2262   -0.3232  0        0.001122 -0.004061 | -1.0623
iteration 2...
-0.2812  0.2262   -0.3232  0        0.001122 -0.004061 | -1.0623
-0.2812  0.2262   -0.3232  0        0.001122 -0.004061 | -1.0623
-0.2812  0.2262   -0.3108  0        0.001122 -0.004061 | -1.0623
-0.2812  0.2262   -0.3108  0        0.001122 -0.004061 | -1.0623
-0.2812  0.2262   -0.3108  0        0.000213 -0.004061 | -1.0624
-0.2812  0.2262   -0.3108  0        0.000213 -0.004061 | -1.0624
iteration 3...
-0.2514  0.2262   -0.3108  0        0.000213 -0.004061 | -1.0624
-0.2514  0.2293   -0.3108  0        0.000213 -0.004061 | -1.0624
-0.2514  0.2293   -0.2956  0        0.000213 -0.004061 | -1.0624
-0.2514  0.2293   -0.2956  0        0.000213 -0.004061 | -1.0624
-0.2514  0.2293   -0.2956  0        -0.000594 -0.004061 | -1.0624
-0.2514  0.2293   -0.2956  0        -0.000594 -0.004061 | -1.0624
iteration 4...
-0.2421  0.2293   -0.2956  0        -0.000594 -0.004061 | -1.0624
-0.2421  0.232    -0.2956  0        -0.000594 -0.004061 | -1.0624
-0.2421  0.232    -0.2906  0        -0.000594 -0.004061 | -1.0624
-0.2421  0.232    -0.2906  0        -0.000594 -0.004061 | -1.0624
-0.2421  0.232    -0.2906  0        -0.0007171 -0.004061 | -1.0624
-0.2421  0.232    -0.2906  0        -0.0007171 -0.004061 | -1.0624
iteration 1...
-0.2271  0.232    -0.2906  0        -0.0007171 -0.004061 | -1.0622
-0.2271  0.245    -0.2906  0        -0.0007171 -0.004061 | -1.0622
-0.2271  0.245    -0.2936  0        -0.0007171 -0.004061 | -1.0622
-0.2271  0.245    -0.2936  0.001598 -0.0007171 -0.004061 | -1.0622
-0.2271  0.245    -0.2936  0.001598 -0.001637 -0.004061 | -1.0622
-0.2271  0.245    -0.2936  0.001598 -0.001637 -0.004197 | -1.0622
iteration 2...
-0.2047  0.245    -0.2936  0.001598 -0.001637 -0.004197 | -1.0622
-0.2047  0.1878   -0.2936  0.001598 -0.001637 -0.004197 | -1.0622
-0.2047  0.1878   -0.2845  0.001598 -0.001637 -0.004197 | -1.0622
-0.2047  0.1878   -0.2845  0.002311 -0.001637 -0.004197 | -1.0622
-0.2047  0.1878   -0.2845  0.002311 -0.002033 -0.004197 | -1.0622
-0.2047  0.1878   -0.2845  0.002311 -0.002033 -0.004085 | -1.0622
-0.1823  0.1307   -0.2754  0.003023 -0.002428 -0.003974 | -1.0622
iteration 3...
-0.1811  0.1307   -0.2754  0.003023 -0.002428 -0.003974 | -1.0622
-0.18    0.1281   -0.2749  0.003056 -0.002447 -0.003968 | -1.0622
-0.18    0.1281   -0.2954  0.003056 -0.002447 -0.003968 | -1.0622
-0.18    0.1281   -0.2954  0.003738 -0.002447 -0.003968 | -1.0622
-0.18    0.1281   -0.2954  0.003738 -0.002505 -0.003968 | -1.0622
-0.18    0.1281   -0.2954  0.003738 -0.002505 -0.003968 | -1.0622
iteration 4...
-0.1806  0.1281   -0.2954  0.003738 -0.002505 -0.003968 | -1.0622
-0.1763  0.117    -0.2936  0.003877 -0.002583 -0.003947 | -1.0622
-0.1763  0.117    -0.2986  0.003877 -0.002583 -0.003947 | -1.0622
-0.1763  0.117    -0.2986  0.00396  -0.002583 -0.003947 | -1.0622
-0.1763  0.117    -0.2986  0.00396  -0.002549 -0.003947 | -1.0622
-0.1763  0.117    -0.2986  0.00396  -0.002549 -0.003947 | -1.0622
Done    'Coregister: Estimate'
Running 'Normalise: Write'
Done    'Normalise: Write'
Running 'Smooth'
Done    'Smooth'
Done


Preprocessing of MEMORIASENSE for subject 108 completed succesfully
Warning: No display specified.  You will not be able to display graphics on the screen.

                            < M A T L A B (R) >
                  Copyright 1984-2010 The MathWorks, Inc.
                Version 7.11.0.584 (R2010b) 64-bit (glnxa64)
                              August 16, 2010

 
  To get started, type one of these: helpwin, helpdesk, or demo.
  For product information, visit www.mathworks.com.
 
Processing PRENSIONSENSE for subject 108


------------------------------------------------------------------------
Running job #1
------------------------------------------------------------------------
Running 'Slice Timing'

SPM8: spm_slice_timing (v4310)                     11:36:43 - 24/05/2013
========================================================================
Your TR is 2.0
Done    'Slice Timing'
Running 'Realign: Estimate & Reslice'
Done    'Realign: Estimate & Reslice'
Running 'Coregister: Estimate'
iteration 1...
0.306    0        0        0        0        0        | -1.0654
0.306    -0.02586 0        0        0        0        | -1.0654
0.306    -0.02586 0.3015   0        0        0        | -1.0654
0.306    -0.02586 0.3015   -0.003735 0        0        | -1.0654
0.306    -0.02586 0.3015   -0.003735 -0.002936 0        | -1.0654
0.306    -0.02586 0.3015   -0.003735 -0.002936 0        | -1.0654
iteration 2...
0.4037   -0.02586 0.3015   -0.003735 -0.002936 0        | -1.0654
0.4037   0.1645   0.3015   -0.003735 -0.002936 0        | -1.0654
0.4037   0.1645   0.2449   -0.003735 -0.002936 0        | -1.0654
0.4037   0.1645   0.2449   -0.006919 -0.002936 0        | -1.0654
0.4037   0.1645   0.2449   -0.006919 -0.003957 0        | -1.0654
0.4037   0.1645   0.2449   -0.006919 -0.003957 0.007617 | -1.0654
iteration 3...
0.502    0.1645   0.2449   -0.006919 -0.003957 0.007617 | -1.0654
0.502    0.1353   0.2449   -0.006919 -0.003957 0.007617 | -1.0654
0.502    0.1353   0.2449   -0.006919 -0.003957 0.007617 | -1.0654
0.502    0.1353   0.2449   -0.006981 -0.003957 0.007617 | -1.0654
0.502    0.1353   0.2449   -0.006981 -0.003957 0.007617 | -1.0654
0.502    0.1353   0.2449   -0.006981 -0.003957 0.008149 | -1.0654
iteration 4...
0.4984   0.1353   0.2449   -0.006981 -0.003957 0.008149 | -1.0654
0.4984   0.1449   0.2449   -0.006981 -0.003957 0.008149 | -1.0654
0.4984   0.1449   0.2825   -0.006981 -0.003957 0.008149 | -1.0654
0.4984   0.1449   0.2825   -0.006981 -0.003957 0.008149 | -1.0654
0.4984   0.1449   0.2825   -0.006981 -0.003957 0.008149 | -1.0654
0.4984   0.1449   0.2825   -0.006981 -0.003957 0.008164 | -1.0654
iteration 5...
0.4984   0.1449   0.2825   -0.006981 -0.003957 0.008164 | -1.0654
0.4984   0.1562   0.2825   -0.006981 -0.003957 0.008164 | -1.0654
0.4984   0.1562   0.2749   -0.006981 -0.003957 0.008164 | -1.0654
0.4984   0.1562   0.2749   -0.006981 -0.003957 0.008164 | -1.0654
0.4984   0.1562   0.2749   -0.006981 -0.003282 0.008164 | -1.0654
0.4984   0.1562   0.2749   -0.006981 -0.003282 0.008187 | -1.0654
iteration 1...
0.4783   0.1562   0.2749   -0.006981 -0.003282 0.008187 | -1.0653
0.4783   0.1467   0.2749   -0.006981 -0.003282 0.008187 | -1.0653
0.4783   0.1467   0.3331   -0.006981 -0.003282 0.008187 | -1.0653
0.4783   0.1467   0.3331   -0.003902 -0.003282 0.008187 | -1.0653
0.4783   0.1467   0.3331   -0.003902 -0.0003816 0.008187 | -1.0653
0.4783   0.1467   0.3331   -0.003902 -0.0003816 0.006521 | -1.0653
iteration 2...
0.4045   0.1467   0.3331   -0.003902 -0.0003816 0.006521 | -1.0653
0.4045   0.1055   0.3331   -0.003902 -0.0003816 0.006521 | -1.0653
0.4045   0.1055   0.3051   -0.003902 -0.0003816 0.006521 | -1.0653
0.4045   0.1055   0.3051   -0.003037 -0.0003816 0.006521 | -1.0653
0.4045   0.1055   0.3051   -0.003037 0.0006785 0.006521 | -1.0653
0.4045   0.1055   0.3051   -0.003037 0.0006785 0.006228 | -1.0653
0.3603   0.08085  0.2884   -0.00252 0.001313 0.006052 | -1.0653
iteration 3...
0.3609   0.08118  0.2886   -0.002526 0.001304 0.006054 | -1.0653
0.3609   0.07868  0.2886   -0.002526 0.001304 0.006054 | -1.0653
0.3609   0.07868  0.3026   -0.002526 0.001304 0.006054 | -1.0653
0.3609   0.07868  0.3026   -0.002741 0.001304 0.006054 | -1.0653
0.3609   0.07868  0.3026   -0.002741 0.001304 0.006054 | -1.0653
0.3609   0.07868  0.3026   -0.002741 0.001304 0.006058 | -1.0653
Done    'Coregister: Estimate'
Running 'Normalise: Write'
Done    'Normalise: Write'
Running 'Smooth'
Done    'Smooth'
Done


Preprocessing of PRENSIONSENSE for subject 108 completed succesfully
