#
# A fatal error has been detected by the Java Runtime Environment:
#
# java.lang.OutOfMemoryError: Cannot create GC thread. Out of system resources.
#
#  Internal Error (gcTaskThread.cpp:38), pid=22594, tid=139945429739264
#  Error: Cannot create GC thread. Out of system resources.
#
# JRE version: 6.0_17-b04
# Java VM: Java HotSpot(TM) 64-Bit Server VM (14.3-b01 mixed mode linux-amd64 )
# If you would like to submit a bug report, please visit:
#   http://java.sun.com/webapps/bugreport/crash.jsp
#

---------------  T H R E A D  ---------------

Current thread (0x00007f4788062000):  JavaThread "Unknown thread" [_thread_in_vm, id=22977, stack(0x00007f479520a000,0x00007f4795a0b000)]

Stack: [0x00007f479520a000,0x00007f4795a0b000],  sp=0x00007f4795a08c10,  free space=8187k
Native frames: (J=compiled Java code, j=interpreted, Vv=VM code, C=native code)
V  [libjvm.so+0x6bd1ef]
V  [libjvm.so+0x2be6c8]
V  [libjvm.so+0x33a2fd]
V  [libjvm.so+0x338e3e]
V  [libjvm.so+0x338bd3]
V  [libjvm.so+0x5a87c7]
V  [libjvm.so+0x697695]
V  [libjvm.so+0x69732a]
V  [libjvm.so+0x377cd0]
V  [libjvm.so+0x67f5af]
V  [libjvm.so+0x3def30]
C  [libmwjmi.so+0x33c30]  _Z9InitSunVMv+0xa20
C  [libmwjmi.so+0x346ab]
C  [libmwjmi.so+0x24429]  _Z7mljInitv+0x19
C  [libmwmcr.so+0x3778c]
C  [libmwmcr.so+0x2d650]
C  [libmwmcr.so+0x2d9de]


---------------  P R O C E S S  ---------------

Java Threads: ( => current thread )

Other Threads:

=>0x00007f4788062000 (exited) JavaThread "Unknown thread" [_thread_in_vm, id=22977, stack(0x00007f479520a000,0x00007f4795a0b000)]

VM state:not at safepoint (not fully initialized)

VM Mutex/Monitor currently owned by a thread: None

Dynamic libraries:
00400000-00403000 r-xp 00000000 fd:00 1867834                            /usr/local/MATLAB/R2010b-2/bin/glnxa64/MATLAB
00602000-00603000 rw-p 00002000 fd:00 1867834                            /usr/local/MATLAB/R2010b-2/bin/glnxa64/MATLAB
010c4000-011ab000 rw-p 00000000 00:00 0                                  [heap]
34e0a00000-34e0a5d000 r-xp 00000000 fd:00 399396                         /lib64/libfreebl3.so
34e0a5d000-34e0c5d000 ---p 0005d000 fd:00 399396                         /lib64/libfreebl3.so
34e0c5d000-34e0c5e000 rw-p 0005d000 fd:00 399396                         /lib64/libfreebl3.so
34e0c5e000-34e0c63000 rw-p 00000000 00:00 0 
34e2400000-34e2407000 r-xp 00000000 fd:00 399397                         /lib64/libcrypt-2.13.so
34e2407000-34e2607000 ---p 00007000 fd:00 399397                         /lib64/libcrypt-2.13.so
34e2607000-34e2608000 r--p 00007000 fd:00 399397                         /lib64/libcrypt-2.13.so
34e2608000-34e2609000 rw-p 00008000 fd:00 399397                         /lib64/libcrypt-2.13.so
34e2609000-34e2637000 rw-p 00000000 00:00 0 
3783a00000-3783a08000 r-xp 00000000 fd:00 1481025                        /usr/lib64/libXp.so.6.2.0
3783a08000-3783c08000 ---p 00008000 fd:00 1481025                        /usr/lib64/libXp.so.6.2.0
3783c08000-3783c09000 rw-p 00008000 fd:00 1481025                        /usr/lib64/libXp.so.6.2.0
3afb200000-3afb21f000 r-xp 00000000 fd:00 404930                         /lib64/ld-2.13.so
3afb41e000-3afb41f000 r--p 0001e000 fd:00 404930                         /lib64/ld-2.13.so
3afb41f000-3afb420000 rw-p 0001f000 fd:00 404930                         /lib64/ld-2.13.so
3afb420000-3afb421000 rw-p 00000000 00:00 0 
3afb600000-3afb791000 r-xp 00000000 fd:00 404931                         /lib64/libc-2.13.so
3afb791000-3afb991000 ---p 00191000 fd:00 404931                         /lib64/libc-2.13.so
3afb991000-3afb995000 r--p 00191000 fd:00 404931                         /lib64/libc-2.13.so
3afb995000-3afb996000 rw-p 00195000 fd:00 404931                         /lib64/libc-2.13.so
3afb996000-3afb99c000 rw-p 00000000 00:00 0 
3afba00000-3afba84000 r-xp 00000000 fd:00 404932                         /lib64/libm-2.13.so
3afba84000-3afbc83000 ---p 00084000 fd:00 404932                         /lib64/libm-2.13.so
3afbc83000-3afbc84000 r--p 00083000 fd:00 404932                         /lib64/libm-2.13.so
3afbc84000-3afbc85000 rw-p 00084000 fd:00 404932                         /lib64/libm-2.13.so
3afbe00000-3afbe02000 r-xp 00000000 fd:00 404937                         /lib64/libdl-2.13.so
3afbe02000-3afc002000 ---p 00002000 fd:00 404937                         /lib64/libdl-2.13.so
3afc002000-3afc003000 r--p 00002000 fd:00 404937                         /lib64/libdl-2.13.so
3afc003000-3afc004000 rw-p 00003000 fd:00 404937                         /lib64/libdl-2.13.so
3afc200000-3afc217000 r-xp 00000000 fd:00 404936                         /lib64/libpthread-2.13.so
3afc217000-3afc416000 ---p 00017000 fd:00 404936                         /lib64/libpthread-2.13.so
3afc416000-3afc417000 r--p 00016000 fd:00 404936                         /lib64/libpthread-2.13.so
3afc417000-3afc418000 rw-p 00017000 fd:00 404936                         /lib64/libpthread-2.13.so
3afc418000-3afc41c000 rw-p 00000000 00:00 0 
3afca00000-3afca07000 r-xp 00000000 fd:00 404952                         /lib64/librt-2.13.so
3afca07000-3afcc06000 ---p 00007000 fd:00 404952                         /lib64/librt-2.13.so
3afcc06000-3afcc07000 r--p 00006000 fd:00 404952                         /lib64/librt-2.13.so
3afcc07000-3afcc08000 rw-p 00007000 fd:00 404952                         /lib64/librt-2.13.so
3afce00000-3afce16000 r-xp 00000000 fd:00 404933                         /lib64/libz.so.1.2.5
3afce16000-3afd016000 ---p 00016000 fd:00 404933                         /lib64/libz.so.1.2.5
3afd016000-3afd017000 rw-p 00016000 fd:00 404933                         /lib64/libz.so.1.2.5
3afda00000-3afda02000 r-xp 00000000 fd:00 1442727                        /usr/lib64/libXau.so.6.0.0
3afda02000-3afdc02000 ---p 00002000 fd:00 1442727                        /usr/lib64/libXau.so.6.0.0
3afdc02000-3afdc03000 rw-p 00002000 fd:00 1442727                        /usr/lib64/libXau.so.6.0.0
3afde00000-3afde1b000 r-xp 00000000 fd:00 1480242                        /usr/lib64/libxcb.so.1.1.0
3afde1b000-3afe01a000 ---p 0001b000 fd:00 1480242                        /usr/lib64/libxcb.so.1.1.0
3afe01a000-3afe01b000 rw-p 0001a000 fd:00 1480242                        /usr/lib64/libxcb.so.1.1.0
3afe600000-3afe739000 r-xp 00000000 fd:00 1480243                        /usr/lib64/libX11.so.6.3.0
3afe739000-3afe939000 ---p 00139000 fd:00 1480243                        /usr/lib64/libX11.so.6.3.0
3afe939000-3afe93f000 rw-p 00139000 fd:00 1480243                        /usr/lib64/libX11.so.6.3.0
3afee00000-3afee11000 r-xp 00000000 fd:00 1480244                        /usr/lib64/libXext.so.6.4.0
3afee11000-3aff011000 ---p 00011000 fd:00 1480244                        /usr/lib64/libXext.so.6.4.0
3aff011000-3aff012000 rw-p 00011000 fd:00 1480244                        /usr/lib64/libXext.so.6.4.0
3b00200000-3b00204000 r-xp 00000000 fd:00 404954                         /lib64/libuuid.so.1.3.0
3b00204000-3b00403000 ---p 00004000 fd:00 404954                         /lib64/libuuid.so.1.3.0
3b00403000-3b00404000 rw-p 00003000 fd:00 404954                         /lib64/libuuid.so.1.3.0
3b02a00000-3b02a17000 r-xp 00000000 fd:00 1480245                        /usr/lib64/libICE.so.6.3.0
3b02a17000-3b02c17000 ---p 00017000 fd:00 1480245                        /usr/lib64/libICE.so.6.3.0
3b02c17000-3b02c18000 rw-p 00017000 fd:00 1480245                        /usr/lib64/libICE.so.6.3.0
3b02c18000-3b02c1c000 rw-p 00000000 00:00 0 
3b02e00000-3b02e07000 r-xp 00000000 fd:00 1480246                        /usr/lib64/libSM.so.6.0.0
3b02e07000-3b03007000 ---p 00007000 fd:00 1480246                        /usr/lib64/libSM.so.6.0.0
3b03007000-3b03008000 rw-p 00007000 fd:00 1480246                        /usr/lib64/libSM.so.6.0.0
3b08a00000-3b08a11000 r-xp 00000000 fd:00 1478722                        /usr/lib64/libXpm.so.4.11.0
3b08a11000-3b08c10000 ---p 00011000 fd:00 1478722                        /usr/lib64/libXpm.so.4.11.0
3b08c10000-3b08c11000 rw-p 00010000 fd:00 1478722                        /usr/lib64/libXpm.so.4.11.0
3b0b800000-3b0b823000 r-xp 00000000 fd:00 404938                         /lib64/libtinfo.so.5.7
3b0b823000-3b0ba22000 ---p 00023000 fd:00 404938                         /lib64/libtinfo.so.5.7
3b0ba22000-3b0ba27000 rw-p 00022000 fd:00 404938                         /lib64/libtinfo.so.5.7
3b0d400000-3b0d422000 r-xp 00000000 fd:00 393563                         /lib64/libncurses.so.5.7
3b0d422000-3b0d622000 ---p 00022000 fd:00 393563                         /lib64/libncurses.so.5.7
3b0d622000-3b0d623000 rw-p 00022000 fd:00 393563                         /lib64/libncurses.so.5.7
3c70a00000-3c70a18000 r-xp 00000000 fd:00 1443160                        /usr/lib64/libXmu.so.6.2.0
3c70a18000-3c70c18000 ---p 00018000 fd:00 1443160                        /usr/lib64/libXmu.so.6.2.0
3c70c18000-3c70c1a000 rw-p 00018000 fd:00 1443160                        /usr/lib64/libXmu.so.6.2.0
3c72600000-3c7265f000 r-xp 00000000 fd:00 1442726                        /usr/lib64/libXt.so.6.0.0
3c7265f000-3c7285e000 ---p 0005f000 fd:00 1442726                        /usr/lib64/libXt.so.6.0.0
3c7285e000-3c72865000 rw-p 0005e000 fd:00 1442726                        /usr/lib64/libXt.so.6.0.0
3c7ea00000-3c7ea16000 r-xp 00000000 fd:00 399309                         /lib64/libnsl-2.13.so
3c7ea16000-3c7ec15000 ---p 00016000 fd:00 399309                         /lib64/libnsl-2.13.so
3c7ec15000-3c7ec16000 r--p 00015000 fd:00 399309                         /lib64/libnsl-2.13.so
3c7ec16000-3c7ec17000 rw-p 00016000 fd:00 399309                         /lib64/libnsl-2.13.so
3c7ec17000-3c7ec19000 rw-p 00000000 00:00 0 
7f476cc00000-7f476e0c0000 rwxp 00000000 00:00 0 
7f476e0c0000-7f4774c00000 rwxp 00000000 00:00 0 
7f4774c00000-7f4777c00000 rwxp 00000000 00:00 0 
7f4777c00000-7f477df00000 rwxp 00000000 00:00 0 
7f477df00000-7f477ef00000 rwxp 00000000 00:00 0 
7f477ef00000-7f4781000000 rwxp 00000000 00:00 0 
7f4781000000-7f4781270000 rwxp 00000000 00:00 0 
7f4781270000-7f4784000000 rwxp 00000000 00:00 0 
7f4784000000-7f4784021000 rw-p 00000000 00:00 0 
7f4784021000-7f4788000000 ---p 00000000 00:00 0 
7f4788000000-7f4788139000 rw-p 00000000 00:00 0 
7f4788139000-7f478c000000 ---p 00000000 00:00 0 
7f478e684000-7f478e685000 ---p 00000000 00:00 0 
7f478e685000-7f478e790000 rwxp 00000000 00:00 0 
7f478e790000-7f478e7c5000 rwxp 00000000 00:00 0 
7f478e7c5000-7f478e7dd000 rwxp 00000000 00:00 0 
7f478e7dd000-7f478e80f000 rwxp 00000000 00:00 0 
7f478e80f000-7f478e81a000 rwxp 00000000 00:00 0 
7f478e81a000-7f478e84f000 rwxp 00000000 00:00 0 
7f478e84f000-7f478e867000 rwxp 00000000 00:00 0 
7f478e867000-7f478e898000 rwxp 00000000 00:00 0 
7f478e898000-7f478e8a1000 rwxp 00000000 00:00 0 
7f478e8a1000-7f478e8b1000 rwxp 00000000 00:00 0 
7f478e8b1000-7f478e8b2000 rwxp 00000000 00:00 0 
7f478e8b2000-7f478e8c0000 r-xp 00000000 fd:00 2245045                    /usr/local/MATLAB/R2010b-2/sys/java/jre/glnxa64/jre/lib/amd64/libzip.so
7f478e8c0000-7f478e9c2000 ---p 0000e000 fd:00 2245045                    /usr/local/MATLAB/R2010b-2/sys/java/jre/glnxa64/jre/lib/amd64/libzip.so
7f478e9c2000-7f478e9c5000 rw-p 00010000 fd:00 2245045                    /usr/local/MATLAB/R2010b-2/sys/java/jre/glnxa64/jre/lib/amd64/libzip.so
7f478e9c5000-7f478e9c6000 rw-p 00000000 00:00 0 
7f478e9c6000-7f478e9d1000 r-xp 00000000 fd:00 393245                     /lib64/libnss_files-2.13.so
7f478e9d1000-7f478ebd0000 ---p 0000b000 fd:00 393245                     /lib64/libnss_files-2.13.so
7f478ebd0000-7f478ebd1000 r--p 0000a000 fd:00 393245                     /lib64/libnss_files-2.13.so
7f478ebd1000-7f478ebd2000 rw-p 0000b000 fd:00 393245                     /lib64/libnss_files-2.13.so
7f478ebd2000-7f478ebd9000 r-xp 00000000 fd:00 2245127                    /usr/local/MATLAB/R2010b-2/sys/java/jre/glnxa64/jre/lib/amd64/native_threads/libhpi.so
7f478ebd9000-7f478ecda000 ---p 00007000 fd:00 2245127                    /usr/local/MATLAB/R2010b-2/sys/java/jre/glnxa64/jre/lib/amd64/native_threads/libhpi.so
7f478ecda000-7f478ecdc000 rw-p 00008000 fd:00 2245127                    /usr/local/MATLAB/R2010b-2/sys/java/jre/glnxa64/jre/lib/amd64/native_threads/libhpi.so
7f478ecdc000-7f478ecdd000 rw-p 00000000 00:00 0 
7f478ecdd000-7f478ecde000 ---p 00000000 00:00 0 
7f478ecde000-7f478f4de000 rwxp 00000000 00:00 0 
7f478f4de000-7f478f4eb000 r-xp 00000000 fd:00 2245133                    /usr/local/MATLAB/R2010b-2/sys/java/jre/glnxa64/jre/lib/amd64/libverify.so
7f478f4eb000-7f478f5ea000 ---p 0000d000 fd:00 2245133                    /usr/local/MATLAB/R2010b-2/sys/java/jre/glnxa64/jre/lib/amd64/libverify.so
7f478f5ea000-7f478f5ed000 rw-p 0000c000 fd:00 2245133                    /usr/local/MATLAB/R2010b-2/sys/java/jre/glnxa64/jre/lib/amd64/libverify.so
7f478f5ed000-7f478fd4b000 r-xp 00000000 fd:00 2245147                    /usr/local/MATLAB/R2010b-2/sys/java/jre/glnxa64/jre/lib/amd64/server/libjvm.so
7f478fd4b000-7f478fe4a000 ---p 0075e000 fd:00 2245147                    /usr/local/MATLAB/R2010b-2/sys/java/jre/glnxa64/jre/lib/amd64/server/libjvm.so
7f478fe4a000-7f478ffc2000 rw-p 0075d000 fd:00 2245147                    /usr/local/MATLAB/R2010b-2/sys/java/jre/glnxa64/jre/lib/amd64/server/libjvm.so
7f478ffc2000-7f4790000000 rw-p 00000000 00:00 0 
7f4790000000-7f4790021000 rw-p 00000000 00:00 0 
7f4790021000-7f4794000000 ---p 00000000 00:00 0 
7f4794019000-7f4794023000 rwxp 00000000 00:00 0 
7f4794023000-7f47940d9000 rwxp 00000000 00:00 0 
7f47940d9000-7f4794102000 r-xp 00000000 fd:00 2245063                    /usr/local/MATLAB/R2010b-2/sys/java/jre/glnxa64/jre/lib/amd64/libjava.so
7f4794102000-7f4794201000 ---p 00029000 fd:00 2245063                    /usr/local/MATLAB/R2010b-2/sys/java/jre/glnxa64/jre/lib/amd64/libjava.so
7f4794201000-7f4794208000 rw-p 00028000 fd:00 2245063                    /usr/local/MATLAB/R2010b-2/sys/java/jre/glnxa64/jre/lib/amd64/libjava.so
7f4794208000-7f4794209000 ---p 00000000 00:00 0 
7f4794209000-7f4794a09000 rwxp 00000000 00:00 0 
7f4794a09000-7f4794a0a000 ---p 00000000 00:00 0 
7f4794a0a000-7f479520a000 rwxp 00000000 00:00 0 
7f479520a000-7f479520d000 ---p 00000000 00:00 0 
7f479520d000-7f4795a0b000 rwxp 00000000 00:00 0 
7f4795a0b000-7f4795a0c000 rw-p 00000000 00:00 0 
7f4795a0c000-7f4795a0d000 ---p 00000000 00:00 0 
7f4795a0d000-7f479620d000 rwxp 00000000 00:00 0 
7f479620d000-7f479c09e000 r--p 00000000 fd:00 1478946                    /usr/lib/locale/locale-archive
7f479c09e000-7f479c0a8000 rw-p 00000000 00:00 0 
7f479c0a8000-7f479c0b1000 r-xp 00000000 fd:00 1867630                    /usr/local/MATLAB/R2010b-2/bin/glnxa64/libmwbinder.so
7f479c0b1000-7f479c2b0000 ---p 00009000 fd:00 1867630                    /usr/local/MATLAB/R2010b-2/bin/glnxa64/libmwbinder.so
7f479c2b0000-7f479c2b1000 rw-p 00008000 fd:00 1867630                    /usr/local/MATLAB/R2010b-2/bin/glnxa64/libmwbinder.so
7f479c2b1000-7f479c2b2000 rw-p 00000000 00:00 0 
7f479c2b2000-7f479c717000 r-xp 00000000 fd:00 1867838                    /usr/local/MATLAB/R2010b-2/bin/glnxa64/libhdf5.so.6.0.2
7f479c717000-7f479c916000 ---p 00465000 fd:00 1867838                    /usr/local/MATLAB/R2010b-2/bin/glnxa64/libhdf5.so.6.0.2
7f479c916000-7f479c920000 rw-p 00464000 fd:00 1867838                    /usr/local/MATLAB/R2010b-2/bin/glnxa64/libhdf5.so.6.0.2
7f479c920000-7f479c922000 rw-p 00000000 00:00 0 
7f479c922000-7f479c940000 r-xp 00000000 fd:00 1867839                    /usr/local/MATLAB/R2010b-2/bin/glnxa64/libhdf5_hl.so.6.0.2
7f479c940000-7f479cb40000 ---p 0001e000 fd:00 1867839                    /usr/local/MATLAB/R2010b-2/bin/glnxa64/libhdf5_hl.so.6.0.2
7f479cb40000-7f479cb41000 rw-p 0001e000 fd:00 1867839                    /usr/local/MATLAB/R2010b-2/bin/glnxa64/libhdf5_hl.so.6.0.2
7f479cb41000-7f479cb54000 rw-p 00000000 00:00 0 
7f479cb54000-7f479cdd5000 r-xp 00000000 fd:00 1996723                    /usr/local/MATLAB/R2010b-2/sys/os/glnxa64/libXm.so.3.0.2
7f479cdd5000-7f479cfd5000 ---p 00281000 fd:00 1996723                    /usr/local/MATLAB/R2010b-2/sys/os/glnxa64/libXm.so.3.0.2
7f479cfd5000-7f479cfff000 rw-p 00281000 fd:00 1996723                    /usr/local/MATLAB/R2010b-2/sys/os/glnxa64/libXm.so.3.0.2
7f479cfff000-7f479d001000 rw-p 00000000 00:00 0 
7f479d001000-7f479d0a9000 r-xp 00000000 fd:00 1867670                    /usr/local/MATLAB/R2010b-2/bin/glnxa64/libmwlapack.so
7f479d0a9000-7f479d2a9000 ---p 000a8000 fd:00 1867670                    /usr/local/MATLAB/R2010b-2/bin/glnxa64/libmwlapack.so
7f479d2a9000-7f479d2b2000 rw-p 000a8000 fd:00 1867670                    /usr/local/MATLAB/R2010b-2/bin/glnxa64/libmwlapack.so
7f479d2b2000-7f479d4c4000 r-xp 00000000 fd:00 1867652                    /usr/local/MATLAB/R2010b-2/bin/glnxa64/libmwhgdatatypes.so
7f479d4c4000-7f479d6c3000 ---p 00212000 fd:00 1867652                    /usr/local/MATLAB/R2010b-2/bin/glnxa64/libmwhgdatatypes.so
7f479d6c3000-7f479d6de000 rw-p 00211000 fd:00 1867652                    /usr/local/MATLAB/R2010b-2/bin/glnxa64/libmwhgdatatypes.so
7f479d6de000-7f479d6e0000 rw-p 00000000 00:00 0 
7f479d6e0000-7f479d709000 r-xp 00000000 fd:00 1867732                    /usr/local/MATLAB/R2010b-2/bin/glnxa64/libmwhardcopy.so
7f479d709000-7f479d909000 ---p 00029000 fd:00 1867732                    /usr/local/MATLAB/R2010b-2/bin/glnxa64/libmwhardcopy.so
7f479d909000-7f479d90b000 rw-p 00029000 fd:00 1867732                    /usr/local/MATLAB/R2010b-2/bin/glnxa64/libmwhardcopy.so
7f479d90b000-7f479d90c000 rw-p 00000000 00:00 0 
7f479d90c000-7f479d919000 r-xp 00000000 fd:00 1867680                    /usr/local/MATLAB/R2010b-2/bin/glnxa64/libmwir_xfmr.so
7f479d919000-7f479db19000 ---p 0000d000 fd:00 1867680                    /usr/local/MATLAB/R2010b-2/bin/glnxa64/libmwir_xfmr.so
7f479db19000-7f479db1a000 rw-p 0000d000 fd:00 1867680                    /usr/local/MATLAB/R2010b-2/bin/glnxa64/libmwir_xfmr.so
7f479db1a000-7f479db1c000 rw-p 00000000 00:00 0 
7f479db1c000-7f479db66000 r-xp 00000000 fd:00 1867654                    /usr/local/MATLAB/R2010b-2/bin/glnxa64/libmwspmatrix.so
7f479db66000-7f479dd65000 ---p 0004a000 fd:00 1867654                    /usr/local/MATLAB/R2010b-2/bin/glnxa64/libmwspmatrix.so
7f479dd65000-7f479dd66000 rw-p 00049000 fd:00 1867654                    /usr/local/MATLAB/R2010b-2/bin/glnxa64/libmwspmatrix.so
7f479dd66000-7f479dd7e000 r-xp 00000000 fd:00 1867674                    /usr/local/MATLAB/R2010b-2/bin/glnxa64/libmwm_pcodegen.so
7f479dd7e000-7f479df7d000 ---p 00018000 fd:00 1867674                    /usr/local/MATLAB/R2010b-2/bin/glnxa64/libmwm_pcodegen.so
7f479df7d000-7f479df7f000 rw-p 00017000 fd:00 1867674                    /usr/local/MATLAB/R2010b-2/bin/glnxa64/libmwm_pcodegen.so
7f479df7f000-7f479df80000 rw-p 00000000 00:00 0 
7f479df80000-7f479df93000 r-xp 00000000 fd:00 1867716                    /usr/local/MATLAB/R2010b-2/bin/glnxa64/libmwm_pcodeio.so
7f479df93000-7f479e193000 ---p 00013000 fd:00 1867716                    /usr/local/MATLAB/R2010b-2/bin/glnxa64/libmwm_pcodeio.so
7f479e193000-7f479e194000 rw-p 00013000 fd:00 1867716                    /usr/local/MATLAB/R2010b-2/bin/glnxa64/libmwm_pcodeio.so
7f479e194000-7f479e19f000 r-xp 00000000 fd:00 1867633                    /usr/local/MATLAB/R2010b-2/bin/glnxa64/libmwmlib.so
7f479e19f000-7f479e39e000 ---p 0000b000 fd:00 1867633                    /usr/local/MATLAB/R2010b-2/bin/glnxa64/libmwmlib.so
7f479e39e000-7f479e3a0000 rw-p 0000a000 fd:00 1867633                    /usr/local/MATLAB/R2010b-2/bin/glnxa64/libmwmlib.so
7f479e3a0000-7f479e3c0000 r-xp 00000000 fd:00 1867709                    /usr/local/MATLAB/R2010b-2/bin/glnxa64/libmwmathrng.so
7f479e3c0000-7f479e5c0000 ---p 00020000 fd:00 1867709                    /usr/local/MATLAB/R2010b-2/bin/glnxa64/libmwmathrng.so
7f479e5c0000-7f479e5c2000 rw-p 00020000 fd:00 1867709                    /usr/local/MATLAB/R2010b-2/bin/glnxa64/libmwmathrng.so
7f479e5c2000-7f479e5c4000 rw-p 00000000 00:00 0 
7f479e5c4000-7f479e601000 r-xp 00000000 fd:00 1867729                    /usr/local/MATLAB/R2010b-2/bin/glnxa64/libmwprofiler.so
7f479e601000-7f479e801000 ---p 0003d000 fd:00 1867729                    /usr/local/MATLAB/R2010b-2/bin/glnxa64/libmwprofiler.so
7f479e801000-7f479e804000 rw-p 0003d000 fd:00 1867729                    /usr/local/MATLAB/R2010b-2/bin/glnxa64/libmwprofiler.so
7f479e804000-7f479e83c000 r-xp 00000000 fd:00 1867812                    /usr/local/MATLAB/R2010b-2/bin/glnxa64/libmat.so
7f479e83c000-7f479ea3b000 ---p 00038000 fd:00 1867812                    /usr/local/MATLAB/R2010b-2/bin/glnxa64/libmat.so
7f479ea3b000-7f479ea3e000 rw-p 00037000 fd:00 1867812                    /usr/local/MATLAB/R2010b-2/bin/glnxa64/libmat.so
7f479ea3e000-7f479ea3f000 rw-p 00000000 00:00 0 
7f479ea3f000-7f479edfa000 r-xp 00000000 fd:00 1867806                    /usr/local/MATLAB/R2010b-2/bin/glnxa64/libxerces-c.so.27.0
7f479edfa000-7f479eff9000 ---p 003bb000 fd:00 1867806                    /usr/local/MATLAB/R2010b-2/bin/glnxa64/libxerces-c.so.27.0
7f479eff9000-7f479f03d000 rw-p 003ba000 fd:00 1867806                    /usr/local/MATLAB/R2010b-2/bin/glnxa64/libxerces-c.so.27.0
7f479f03d000-7f479f03e000 rw-p 00000000 00:00 0 
7f479f03e000-7f479f10b000 r-xp 00000000 fd:00 1866791                    /usr/local/MATLAB/R2010b-2/bin/glnxa64/libboost_regex.so.1.40.0
7f479f10b000-7f479f30b000 ---p 000cd000 fd:00 1866791                    /usr/local/MATLAB/R2010b-2/bin/glnxa64/libboost_regex.so.1.40.0
7f479f30b000-7f479f311000 rw-p 000cd000 fd:00 1866791                    /usr/local/MATLAB/R2010b-2/bin/glnxa64/libboost_regex.so.1.40.0
7f479f311000-7f479f382000 r-xp 00000000 fd:00 1867673                    /usr/local/MATLAB/R2010b-2/bin/glnxa64/libmwxmlcore.so
7f479f382000-7f479f582000 ---p 00071000 fd:00 1867673                    /usr/local/MATLAB/R2010b-2/bin/glnxa64/libmwxmlcore.so
7f479f582000-7f479f58a000 rw-p 00071000 fd:00 1867673                    /usr/local/MATLAB/R2010b-2/bin/glnxa64/libmwxmlcore.so
7f479f58a000-7f479f58c000 rw-p 00000000 00:00 0 
7f479f58c000-7f479f6d0000 r-xp 00000000 fd:00 1867723                    /usr/local/MATLAB/R2010b-2/bin/glnxa64/libmwuix.so
7f479f6d0000-7f479f8d0000 ---p 00144000 fd:00 1867723                    /usr/local/MATLAB/R2010b-2/bin/glnxa64/libmwuix.so
7f479f8d0000-7f479f8e4000 rw-p 00144000 fd:00 1867723                    /usr/local/MATLAB/R2010b-2/bin/glnxa64/libmwuix.so
7f479f8e4000-7f479f8e9000 rw-p 00000000 00:00 0 
7f479f8e9000-7f479f92e000 r-xp 00000000 fd:00 1867694                    /usr/local/MATLAB/R2010b-2/bin/glnxa64/libmwm_ir.so
7f479f92e000-7f479fb2e000 ---p 00045000 fd:00 1867694                    /usr/local/MATLAB/R2010b-2/bin/glnxa64/libmwm_ir.so
7f479fb2e000-7f479fb36000 rw-p 00045000 fd:00 1867694                    /usr/local/MATLAB/R2010b-2/bin/glnxa64/libmwm_ir.so
7f479fb36000-7f479fb37000 rw-p 00000000 00:00 0 
7f479fb37000-7f479fb3c000 r-xp 00000000 fd:00 1867727                    /usr/local/MATLAB/R2010b-2/bin/glnxa64/libmwuinone.so
7f479fb3c000-7f479fd3c000 ---p 00005000 fd:00 1867727                    /usr/local/MATLAB/R2010b-2/bin/glnxa64/libmwuinone.so
7f479fd3c000-7f479fd3d000 rw-p 00005000 fd:00 1867727                    /usr/local/MATLAB/R2010b-2/bin/glnxa64/libmwuinone.so
7f479fd3d000-7f479fdd0000 r-xp 00000000 fd:00 1867734                    /usr/local/MATLAB/R2010b-2/bin/glnxa64/libmwudd_mi.so
7f479fdd0000-7f479ffd0000 ---p 00093000 fd:00 1867734                    /usr/local/MATLAB/R2010b-2/bin/glnxa64/libmwudd_mi.so
7f479ffd0000-7f479ffdb000 rw-p 00093000 fd:00 1867734                    /usr/local/MATLAB/R2010b-2/bin/glnxa64/libmwudd_mi.so
7f479ffdb000-7f479ffdc000 rw-p 00000000 00:00 0 
7f479ffdc000-7f47a0023000 r-xp 00000000 fd:00 1867684                    /usr/local/MATLAB/R2010b-2/bin/glnxa64/libuij.so
7f47a0023000-7f47a0223000 ---p 00047000 fd:00 1867684                    /usr/local/MATLAB/R2010b-2/bin/glnxa64/libuij.so
7f47a0223000-7f47a0225000 rw-p 00047000 fd:00 1867684                    /usr/local/MATLAB/R2010b-2/bin/glnxa64/libuij.so
7f47a0225000-7f47a0227000 rw-p 00000000 00:00 0 
7f47a0227000-7f47a02cb000 r-xp 00000000 fd:00 1867703                    /usr/local/MATLAB/R2010b-2/bin/glnxa64/libmwhgutils.so
7f47a02cb000-7f47a04ca000 ---p 000a4000 fd:00 1867703                    /usr/local/MATLAB/R2010b-2/bin/glnxa64/libmwhgutils.so
7f47a04ca000-7f47a04d3000 rw-p 000a3000 fd:00 1867703                    /usr/local/MATLAB/R2010b-2/bin/glnxa64/libmwhgutils.so
7f47a04d3000-7f47a0c75000 r-xp 00000000 fd:00 1867631                    /usr/local/MATLAB/R2010b-2/bin/glnxa64/libmwhg.so
7f47a0c75000-7f47a0e74000 ---p 007a2000 fd:00 1867631                    /usr/local/MATLAB/R2010b-2/bin/glnxa64/libmwhg.so
7f47a0e74000-7f47a0f1b000 rw-p 007a1000 fd:00 1867631                    /usr/local/MATLAB/R2010b-2/bin/glnxa64/libmwhg.so
7f47a0f1b000-7f47a0f24000 rw-p 00000000 00:00 0 
7f47a0f24000-7f47a102a000 r-xp 00000000 fd:00 1867660                    /usr/local/MATLAB/R2010b-2/bin/glnxa64/libmwgui.so
7f47a102a000-7f47a122a000 ---p 00106000 fd:00 1867660                    /usr/local/MATLAB/R2010b-2/bin/glnxa64/libmwgui.so
7f47a122a000-7f47a1265000 rw-p 00106000 fd:00 1867660                    /usr/local/MATLAB/R2010b-2/bin/glnxa64/libmwgui.so
7f47a1265000-7f47a1267000 rw-p 00000000 00:00 0 
7f47a1267000-7f47a1484000 r-xp 00000000 fd:00 1867704                    /usr/local/MATLAB/R2010b-2/bin/glnxa64/libmwmcos.so
7f47a1484000-7f47a1684000 ---p 0021d000 fd:00 1867704                    /usr/local/MATLAB/R2010b-2/bin/glnxa64/libmwmcos.so
7f47a1684000-7f47a16a9000 rw-p 0021d000 fd:00 1867704                    /usr/local/MATLAB/R2010b-2/bin/glnxa64/libmwmcos.so
7f47a16a9000-7f47a16b0000 r-xp 00000000 fd:00 1867676                    /usr/local/MATLAB/R2010b-2/bin/glnxa64/libmwmtok.so
7f47a16b0000-7f47a18b0000 ---p 00007000 fd:00 1867676                    /usr/local/MATLAB/R2010b-2/bin/glnxa64/libmwmtok.so
7f47a18b0000-7f47a18b1000 rw-p 00007000 fd:00 1867676                    /usr/local/MATLAB/R2010b-2/bin/glnxa64/libmwmtok.so
7f47a18b1000-7f47a1929000 r-xp 00000000 fd:00 1867637                    /usr/local/MATLAB/R2010b-2/bin/glnxa64/libmwmlint.so
7f47a1929000-7f47a1b28000 ---p 00078000 fd:00 1867637                    /usr/local/MATLAB/R2010b-2/bin/glnxa64/libmwmlint.so
7f47a1b28000-7f47a1b30000 rw-p 00077000 fd:00 1867637                    /usr/local/MATLAB/R2010b-2/bin/glnxa64/libmwmlint.so
7f47a1b30000-7f47a1b31000 rw-p 00000000 00:00 0 
7f47a1b31000-7f47a1bf5000 r-xp 00000000 fd:00 1867658                    /usr/local/MATLAB/R2010b-2/bin/glnxa64/libmwudd.so
7f47a1bf5000-7f47a1df5000 ---p 000c4000 fd:00 1867658                    /usr/local/MATLAB/R2010b-2/bin/glnxa64/libmwudd.so
7f47a1df5000-7f47a1e0b000 rw-p 000c4000 fd:00 1867658                    /usr/local/MATLAB/R2010b-2/bin/glnxa64/libmwudd.so
7f47a1e0b000-7f47a1e0e000 rw-p 00000000 00:00 0 
7f47a1e0e000-7f47a2050000 r-xp 00000000 fd:00 1867664                    /usr/local/MATLAB/R2010b-2/bin/glnxa64/libmwm_parser.so
7f47a2050000-7f47a224f000 ---p 00242000 fd:00 1867664                    /usr/local/MATLAB/R2010b-2/bin/glnxa64/libmwm_parser.so
7f47a224f000-7f47a26cf000 rw-p 00241000 fd:00 1867664                    /usr/local/MATLAB/R2010b-2/bin/glnxa64/libmwm_parser.so
7f47a26cf000-7f47a26d0000 rw-p 00000000 00:00 0 
7f47a26d0000-7f47a26dd000 r-xp 00000000 fd:00 1867713                    /usr/local/MATLAB/R2010b-2/bin/glnxa64/libmex.so
7f47a26dd000-7f47a28dd000 ---p 0000d000 fd:00 1867713                    /usr/local/MATLAB/R2010b-2/bin/glnxa64/libmex.so
7f47a28dd000-7f47a28de000 rw-p 0000d000 fd:00 1867713                    /usr/local/MATLAB/R2010b-2/bin/glnxa64/libmex.so
7f47a28de000-7f47a2946000 r-xp 00000000 fd:00 1867635                    /usr/local/MATLAB/R2010b-2/bin/glnxa64/libmwiqm.so
7f47a2946000-7f47a2b46000 ---p 00068000 fd:00 1867635                    /usr/local/MATLAB/R2010b-2/bin/glnxa64/libmwiqm.so
7f47a2b46000-7f47a2b4b000 rw-p 00068000 fd:00 1867635                    /usr/local/MATLAB/R2010b-2/bin/glnxa64/libmwiqm.so
7f47a2b4b000-7f47a2b4c000 rw-p 00000000 00:00 0 
7f47a2b4c000-7f47a2bb9000 r-xp 00000000 fd:00 1866796                    /usr/local/MATLAB/R2010b-2/bin/glnxa64/libboost_serialization.so.1.40.0
7f47a2bb9000-7f47a2db9000 ---p 0006d000 fd:00 1866796                    /usr/local/MATLAB/R2010b-2/bin/glnxa64/libboost_serialization.so.1.40.0
7f47a2db9000-7f47a2dbd000 rw-p 0006d000 fd:00 1866796                    /usr/local/MATLAB/R2010b-2/bin/glnxa64/libboost_serialization.so.1.40.0
7f47a2dbd000-7f47a2dbe000 rw-p 00000000 00:00 0 
7f47a2dbe000-7f47a2e3a000 r-xp 00000000 fd:00 1867657                    /usr/local/MATLAB/R2010b-2/bin/glnxa64/libmwmathutil.so
7f47a2e3a000-7f47a303a000 ---p 0007c000 fd:00 1867657                    /usr/local/MATLAB/R2010b-2/bin/glnxa64/libmwmathutil.so
7f47a303a000-7f47a303b000 rw-p 0007c000 fd:00 1867657                    /usr/local/MATLAB/R2010b-2/bin/glnxa64/libmwmathutil.so
7f47a303b000-7f47a3175000 r-xp 00000000 fd:00 1867647                    /usr/local/MATLAB/R2010b-2/bin/glnxa64/libmwmlutil.so
7f47a3175000-7f47a3375000 ---p 0013a000 fd:00 1867647                    /usr/local/MATLAB/R2010b-2/bin/glnxa64/libmwmlutil.so
7f47a3375000-7f47a337d000 rw-p 0013a000 fd:00 1867647                    /usr/local/MATLAB/R2010b-2/bin/glnxa64/libmwmlutil.so
7f47a337d000-7f47a3387000 rw-p 00000000 00:00 0 
7f47a3387000-7f47a339c000 r-xp 00000000 fd:00 1866792                    /usr/local/MATLAB/R2010b-2/bin/glnxa64/libboost_signals.so.1.40.0
7f47a339c000-7f47a359c000 ---p 00015000 fd:00 1866792                    /usr/local/MATLAB/R2010b-2/bin/glnxa64/libboost_signals.so.1.40.0
7f47a359c000-7f47a359d000 rw-p 00015000 fd:00 1866792                    /usr/local/MATLAB/R2010b-2/bin/glnxa64/libboost_signals.so.1.40.0
7f47a359d000-7f47a359e000 rw-p 00000000 00:00 0 
7f47a359e000-7f47a35b1000 r-xp 00000000 fd:00 1866809                    /usr/local/MATLAB/R2010b-2/bin/glnxa64/libboost_filesystem.so.1.40.0
7f47a35b1000-7f47a37b1000 ---p 00013000 fd:00 1866809                    /usr/local/MATLAB/R2010b-2/bin/glnxa64/libboost_filesystem.so.1.40.0
7f47a37b1000-7f47a37b2000 rw-p 00013000 fd:00 1866809                    /usr/local/MATLAB/R2010b-2/bin/glnxa64/libboost_filesystem.so.1.40.0
7f47a37b2000-7f47a37b3000 rw-p 00000000 00:00 0 
7f47a37b3000-7f47a37c9000 r-xp 00000000 fd:00 1867855                    /usr/local/MATLAB/R2010b-2/bin/glnxa64/libtbbmalloc.so.2
7f47a37c9000-7f47a38c8000 ---p 00016000 fd:00 1867855                    /usr/local/MATLAB/R2010b-2/bin/glnxa64/libtbbmalloc.so.2
7f47a38c8000-7f47a38cb000 rw-p 00015000 fd:00 1867855                    /usr/local/MATLAB/R2010b-2/bin/glnxa64/libtbbmalloc.so.2
7f47a38cb000-7f47a38d8000 rw-p 00000000 00:00 0 
7f47a38d8000-7f47a390b000 r-xp 00000000 fd:00 1867854                    /usr/local/MATLAB/R2010b-2/bin/glnxa64/libtbb.so.2
7f47a390b000-7f47a3a0a000 ---p 00033000 fd:00 1867854                    /usr/local/MATLAB/R2010b-2/bin/glnxa64/libtbb.so.2
7f47a3a0a000-7f47a3a0e000 rw-p 00032000 fd:00 1867854                    /usr/local/MATLAB/R2010b-2/bin/glnxa64/libtbb.so.2
7f47a3a0e000-7f47a3a0f000 rw-p 00000000 00:00 0 
7f47a3a0f000-7f47a3a1a000 r-xp 00000000 fd:00 1867741                    /usr/local/MATLAB/R2010b-2/bin/glnxa64/libicuio.so.42.1
7f47a3a1a000-7f47a3c19000 ---p 0000b000 fd:00 1867741                    /usr/local/MATLAB/R2010b-2/bin/glnxa64/libicuio.so.42.1
7f47a3c19000-7f47a3c1b000 rw-p 0000a000 fd:00 1867741                    /usr/local/MATLAB/R2010b-2/bin/glnxa64/libicuio.so.42.1
7f47a3c1b000-7f47a3c1c000 rw-p 00000000 00:00 0 
7f47a3c1c000-7f47a3db2000 r-xp 00000000 fd:00 1867746                    /usr/local/MATLAB/R2010b-2/bin/glnxa64/libicui18n.so.42.1
7f47a3db2000-7f47a3fb1000 ---p 00196000 fd:00 1867746                    /usr/local/MATLAB/R2010b-2/bin/glnxa64/libicui18n.so.42.1
7f47a3fb1000-7f47a3fbf000 rw-p 00195000 fd:00 1867746                    /usr/local/MATLAB/R2010b-2/bin/glnxa64/libicui18n.so.42.1
7f47a3fbf000-7f47a410c000 r-xp 00000000 fd:00 1867743                    /usr/local/MATLAB/R2010b-2/bin/glnxa64/libicuuc.so.42.1
7f47a410c000-7f47a430b000 ---p 0014d000 fd:00 1867743                    /usr/local/MATLAB/R2010b-2/bin/glnxa64/libicuuc.so.42.1
7f47a430b000-7f47a431c000 rw-p 0014c000 fd:00 1867743                    /usr/local/MATLAB/R2010b-2/bin/glnxa64/libicuuc.so.42.1
7f47a431c000-7f47a431e000 rw-p 00000000 00:00 0 
7f47a431e000-7f47a5263000 r--p 00000000 fd:00 1867745                    /usr/local/MATLAB/R2010b-2/bin/glnxa64/libicudata.so.42.1
7f47a5263000-7f47a5462000 ---p 00f45000 fd:00 1867745                    /usr/local/MATLAB/R2010b-2/bin/glnxa64/libicudata.so.42.1
7f47a5462000-7f47a5463000 rw-p 00f44000 fd:00 1867745                    /usr/local/MATLAB/R2010b-2/bin/glnxa64/libicudata.so.42.1
7f47a5463000-7f47a5464000 rw-p 00000000 00:00 0 
7f47a5464000-7f47a548a000 r-xp 00000000 fd:00 1867863                    /usr/local/MATLAB/R2010b-2/bin/glnxa64/libexpat.so.1.5.0
7f47a548a000-7f47a5689000 ---p 00026000 fd:00 1867863                    /usr/local/MATLAB/R2010b-2/bin/glnxa64/libexpat.so.1.5.0
7f47a5689000-7f47a568c000 rw-p 00025000 fd:00 1867863                    /usr/local/MATLAB/R2010b-2/bin/glnxa64/libexpat.so.1.5.0
7f47a568c000-7f47a56a0000 r-xp 00000000 fd:00 1866800                    /usr/local/MATLAB/R2010b-2/bin/glnxa64/libboost_thread.so.1.40.0
7f47a56a0000-7f47a589f000 ---p 00014000 fd:00 1866800                    /usr/local/MATLAB/R2010b-2/bin/glnxa64/libboost_thread.so.1.40.0
7f47a589f000-7f47a58a1000 rw-p 00013000 fd:00 1866800                    /usr/local/MATLAB/R2010b-2/bin/glnxa64/libboost_thread.so.1.40.0
7f47a58a1000-7f47a58a2000 rw-p 00000000 00:00 0 
7f47a58a2000-7f47a58a5000 r-xp 00000000 fd:00 1866802                    /usr/local/MATLAB/R2010b-2/bin/glnxa64/libboost_system.so.1.40.0
7f47a58a5000-7f47a5aa4000 ---p 00003000 fd:00 1866802                    /usr/local/MATLAB/R2010b-2/bin/glnxa64/libboost_system.so.1.40.0
7f47a5aa4000-7f47a5aa5000 rw-p 00002000 fd:00 1866802                    /usr/local/MATLAB/R2010b-2/bin/glnxa64/libboost_system.so.1.40.0
7f47a5aa5000-7f47a5ab7000 r-xp 00000000 fd:00 1866803                    /usr/local/MATLAB/R2010b-2/bin/glnxa64/libboost_date_time.so.1.40.0
7f47a5ab7000-7f47a5cb6000 ---p 00012000 fd:00 1866803                    /usr/local/MATLAB/R2010b-2/bin/glnxa64/libboost_date_time.so.1.40.0
7f47a5cb6000-7f47a5cb8000 rw-p 00011000 fd:00 1866803                    /usr/local/MATLAB/R2010b-2/bin/glnxa64/libboost_date_time.so.1.40.0
7f47a5cb8000-7f47a5cb9000 rw-p 00000000 00:00 0 
7f47a5cb9000-7f47a5cfb000 r-xp 00000000 fd:00 1867814                    /usr/local/MATLAB/R2010b-2/bin/glnxa64/libmwi18n.so
7f47a5cfb000-7f47a5efb000 ---p 00042000 fd:00 1867814                    /usr/local/MATLAB/R2010b-2/bin/glnxa64/libmwi18n.so
7f47a5efb000-7f47a5efe000 rw-p 00042000 fd:00 1867814                    /usr/local/MATLAB/R2010b-2/bin/glnxa64/libmwi18n.so
7f47a5efe000-7f47a5eff000 rw-p 00000000 00:00 0 
7f47a5eff000-7f47a5f15000 r-xp 00000000 fd:00 1996634                    /usr/local/MATLAB/R2010b-2/sys/os/glnxa64/libgcc_s.so.1
7f47a5f15000-7f47a6114000 ---p 00016000 fd:00 1996634                    /usr/local/MATLAB/R2010b-2/sys/os/glnxa64/libgcc_s.so.1
7f47a6114000-7f47a6115000 rw-p 00015000 fd:00 1996634                    /usr/local/MATLAB/R2010b-2/sys/os/glnxa64/libgcc_s.so.1
7f47a6115000-7f47a6116000 rw-p 00000000 00:00 0 
7f47a6145000-7f47a614d000 rw-s 00000000 fd:00 2136497                    /tmp/hsperfdata_imagine/22594
7f47a614d000-7f47a614e000 rw-p 00000000 00:00 0 
7f47a614e000-7f47a614f000 r--p 00000000 00:00 0 
7f47a614f000-7f47a6239000 r-xp 00000000 fd:00 1996637                    /usr/local/MATLAB/R2010b-2/sys/os/glnxa64/libstdc++.so.6.0.10
7f47a6239000-7f47a6439000 ---p 000ea000 fd:00 1996637                    /usr/local/MATLAB/R2010b-2/sys/os/glnxa64/libstdc++.so.6.0.10
7f47a6439000-7f47a6440000 r--p 000ea000 fd:00 1996637                    /usr/local/MATLAB/R2010b-2/sys/os/glnxa64/libstdc++.so.6.0.10
7f47a6440000-7f47a6442000 rw-p 000f1000 fd:00 1996637                    /usr/local/MATLAB/R2010b-2/sys/os/glnxa64/libstdc++.so.6.0.10
7f47a6442000-7f47a6455000 rw-p 00000000 00:00 0 
7f47a6455000-7f47a68c9000 r-xp 00000000 fd:00 1867719                    /usr/local/MATLAB/R2010b-2/bin/glnxa64/libmwm_interpreter.so
7f47a68c9000-7f47a6ac9000 ---p 00474000 fd:00 1867719                    /usr/local/MATLAB/R2010b-2/bin/glnxa64/libmwm_interpreter.so
7f47a6ac9000-7f47a6b9e000 rw-p 00474000 fd:00 1867719                    /usr/local/MATLAB/R2010b-2/bin/glnxa64/libmwm_interpreter.so
7f47a6b9e000-7f47a6c38000 rw-p 00000000 00:00 0 
7f47a6c38000-7f47a6cb2000 r-xp 00000000 fd:00 1867714                    /usr/local/MATLAB/R2010b-2/bin/glnxa64/libmwm_dispatcher.so
7f47a6cb2000-7f47a6eb1000 ---p 0007a000 fd:00 1867714                    /usr/local/MATLAB/R2010b-2/bin/glnxa64/libmwm_dispatcher.so
7f47a6eb1000-7f47a6eb7000 rw-p 00079000 fd:00 1867714                    /usr/local/MATLAB/R2010b-2/bin/glnxa64/libmwm_dispatcher.so
7f47a6eb7000-7f47a6f24000 r-xp 00000000 fd:00 1867649                    /usr/local/MATLAB/R2010b-2/bin/glnxa64/libmwmcr.so
7f47a6f24000-7f47a7123000 ---p 0006d000 fd:00 1867649                    /usr/local/MATLAB/R2010b-2/bin/glnxa64/libmwmcr.so
7f47a7123000-7f47a7128000 rw-p 0006c000 fd:00 1867649                    /usr/local/MATLAB/R2010b-2/bin/glnxa64/libmwmcr.so
7f47a7128000-7f47a712f000 rw-p 00000000 00:00 0 
7f47a712f000-7f47a7152000 r-xp 00000000 fd:00 1867659                    /usr/local/MATLAB/R2010b-2/bin/glnxa64/libmwbridge.so
7f47a7152000-7f47a7352000 ---p 00023000 fd:00 1867659                    /usr/local/MATLAB/R2010b-2/bin/glnxa64/libmwbridge.so
7f47a7352000-7f47a7355000 rw-p 00023000 fd:00 1867659                    /usr/local/MATLAB/R2010b-2/bin/glnxa64/libmwbridge.so
7f47a7355000-7f47a735c000 rw-p 00000000 00:00 0 
7f47a735c000-7f47a73b2000 r-xp 00000000 fd:00 1867636                    /usr/local/MATLAB/R2010b-2/bin/glnxa64/libmwjmi.so
7f47a73b2000-7f47a75b2000 ---p 00056000 fd:00 1867636                    /usr/local/MATLAB/R2010b-2/bin/glnxa64/libmwjmi.so
7f47a75b2000-7f47a75b6000 rw-p 00056000 fd:00 1867636                    /usr/local/MATLAB/R2010b-2/bin/glnxa64/libmwjmi.so
7f47a75b6000-7f47a75b7000 rw-p 00000000 00:00 0 
7f47a75b7000-7f47a774e000 r-xp 00000000 fd:00 1867706                    /usr/local/MATLAB/R2010b-2/bin/glnxa64/libmwservices.so
7f47a774e000-7f47a794e000 ---p 00197000 fd:00 1867706                    /usr/local/MATLAB/R2010b-2/bin/glnxa64/libmwservices.so
7f47a794e000-7f47a795c000 rw-p 00197000 fd:00 1867706                    /usr/local/MATLAB/R2010b-2/bin/glnxa64/libmwservices.so
7f47a795c000-7f47a796c000 rw-p 00000000 00:00 0 
7f47a796c000-7f47a79a4000 r-xp 00000000 fd:00 1867642                    /usr/local/MATLAB/R2010b-2/bin/glnxa64/libmwmpath.so
7f47a79a4000-7f47a7ba4000 ---p 00038000 fd:00 1867642                    /usr/local/MATLAB/R2010b-2/bin/glnxa64/libmwmpath.so
7f47a7ba4000-7f47a7ba7000 rw-p 00038000 fd:00 1867642                    /usr/local/MATLAB/R2010b-2/bin/glnxa64/libmwmpath.so
7f47a7ba7000-7f47a7baa000 rw-p 00000000 00:00 0 
7f47a7baa000-7f47a7c0a000 r-xp 00000000 fd:00 1867811                    /usr/local/MATLAB/R2010b-2/bin/glnxa64/libmx.so
7f47a7c0a000-7f47a7e09000 ---p 00060000 fd:00 1867811                    /usr/local/MATLAB/R2010b-2/bin/glnxa64/libmx.so
7f47a7e09000-7f47a7e0c000 rw-p 0005f000 fd:00 1867811                    /usr/local/MATLAB/R2010b-2/bin/glnxa64/libmx.so
7f47a7e0c000-7f47a7e9b000 r-xp 00000000 fd:00 1867815                    /usr/local/MATLAB/R2010b-2/bin/glnxa64/libmwfl.so
7f47a7e9b000-7f47a809a000 ---p 0008f000 fd:00 1867815                    /usr/local/MATLAB/R2010b-2/bin/glnxa64/libmwfl.so
7f47a809a000-7f47a80a2000 rw-p 0008e000 fd:00 1867815                    /usr/local/MATLAB/R2010b-2/bin/glnxa64/libmwfl.so
7f47a80a2000-7f47a80b2000 rw-p 00000000 00:00 0 
7f47a80b2000-7f47a817a000 r-xp 00000000 fd:00 1867810                    /usr/local/MATLAB/R2010b-2/bin/glnxa64/libut.so
7f47a817a000-7f47a8379000 ---p 000c8000 fd:00 1867810                    /usr/local/MATLAB/R2010b-2/bin/glnxa64/libut.so
7f47a8379000-7f47a8384000 rw-p 000c7000 fd:00 1867810                    /usr/local/MATLAB/R2010b-2/bin/glnxa64/libut.so
7f47a8384000-7f47a839a000 rw-p 00000000 00:00 0 
7fff1a374000-7fff1a393000 rwxp 00000000 00:00 0                          [stack]
7fff1a393000-7fff1a398000 rw-p 00000000 00:00 0 
7fff1a3e5000-7fff1a3e6000 r-xp 00000000 00:00 0                          [vdso]
ffffffffff600000-ffffffffff601000 r-xp 00000000 00:00 0                  [vsyscall]

VM Arguments:
jvm_args: -Xms64m -XX:NewRatio=3 -XX:MaxPermSize=128m -Xmx196m -XX:MaxDirectMemorySize=2147400000 -Djava.util.prefs.PreferencesFactory=com.mathworks.util.DisabledPreferencesFactory -XX:+AllowUserSignalHandlers -Xrs -Dsun.awt.disableMixing=true -Djava.library.path=/usr/local/MATLAB/R2010b-2/bin/glnxa64 vfprintf abort -Djava.awt.headless=true -Dfile.encoding=UTF-8 
java_command: <unknown>
Launcher Type: generic

Environment Variables:
PATH=/media/DATAPART4/DarMart/Software/Fuentes/freesurfer/bin:/media/DATAPART4/DarMart/Software/Fuentes/freesurfer/fsfast/bin:/media/DATAPART4/DarMart/Software/Fuentes/freesurfer/tktools:/media/DATAPART2/Kangaroo/fsl/install/fsl/bin:/media/DATAPART4/DarMart/Software/Fuentes/freesurfer/mni/bin:/media/DATAPART2/Kangaroo/fsl/install/fsl/bin:/media/DATAPART4/DarMart/Software/Fuentes/freesurfer/bin:/media/DATAPART4/DarMart/Software/Fuentes/freesurfer/fsfast/bin:/media/DATAPART4/DarMart/Software/Fuentes/freesurfer/tktools:/media/DATAPART4/DarMart/Software/Fuentes/freesurfer/mni/bin:/usr/lib64/qt-3.3/bin:/usr/lib64/mpich2/bin:/usr/lib64/ccache:/usr/local/bin:/bin:/usr/bin:/usr/local/sbin:/usr/sbin:/sbin:/media/DATAPART2/CreaTools/All_Aug2011/thirdparty_install/bin:/media/DATAPART2/CreaTools/All_Aug2011/creatools_install/bin:/media/DATAPART2/CreaTools/All_Aug2011/creatools_install/bin:/home/imagine/bin:/media/DATAPART2/CreaTools/All_Aug2011/thirdparty_install/bin:/media/DATAPART2/CreaTools/All_Aug2011/creatools_install/bin:/media/DATAPART2/CreaTools/All_Aug2011/creatools_install/bin
LD_LIBRARY_PATH=/usr/local/MATLAB/R2010b-2/sys/os/glnxa64:/usr/local/MATLAB/R2010b-2/bin/glnxa64:/usr/local/MATLAB/R2010b-2/extern/lib/glnxa64:/usr/local/MATLAB/R2010b-2/runtime/glnxa64:/usr/local/MATLAB/R2010b-2/sys/java/jre/glnxa64/jre/lib/amd64/native_threads:/usr/local/MATLAB/R2010b-2/sys/java/jre/glnxa64/jre/lib/amd64/server:/usr/local/MATLAB/R2010b-2/sys/java/jre/glnxa64/jre/lib/amd64:/usr/lib64/mpich2/lib:/media/DATAPART2/CreaTools/All_Aug2011/thirdparty_install/lib/gdcm/:/media/DATAPART2/CreaTools/All_Aug2011/thirdparty_install/lib/InsightToolkit/:/media/DATAPART2/CreaTools/All_Aug2011/thirdparty_install/lib/vtk-5.6/:/media/DATAPART2/CreaTools/All_Aug2011/creatools_install/lib/creatools:/media/DATAPART2/CreaTools/All_Aug2011/creatools_install/lib64/creatools:/media/DATAPART2/CreaTools/All_Aug2011/creatools_install/lib/creatools:/media/DATAPART2/CreaTools/All_Aug2011/creatools_install/lib64/creatools:/media/DATAPART5/applications/vtk/build/bin
SHELL=/bin/bash
DISPLAY=
ARCH=glnxa64
OS=Linux

Signal Handlers:
SIGSEGV: [libjvm.so+0x6bddc0], sa_mask[0]=0x7ffbfeff, sa_flags=0x10000004
SIGBUS: [libjvm.so+0x6bddc0], sa_mask[0]=0x7ffbfeff, sa_flags=0x10000004
SIGFPE: [libjvm.so+0x594f90], sa_mask[0]=0x7ffbfeff, sa_flags=0x10000004
SIGPIPE: [libjvm.so+0x594f90], sa_mask[0]=0x7ffbfeff, sa_flags=0x10000004
SIGXFSZ: [libjvm.so+0x594f90], sa_mask[0]=0x7ffbfeff, sa_flags=0x10000004
SIGILL: [libjvm.so+0x594f90], sa_mask[0]=0x7ffbfeff, sa_flags=0x10000004
SIGUSR1: SIG_DFL, sa_mask[0]=0x00000000, sa_flags=0x00000000
SIGUSR2: [libjvm.so+0x597750], sa_mask[0]=0x08080002, sa_flags=0x10000004
SIGHUP: SIG_DFL, sa_mask[0]=0x00000000, sa_flags=0x00000000
SIGINT: SIG_IGN, sa_mask[0]=0x00000000, sa_flags=0x00000000
SIGTERM: SIG_DFL, sa_mask[0]=0x00000000, sa_flags=0x00000000
SIGQUIT: [libmwmcr.so+0x59410], sa_mask[0]=0x08080002, sa_flags=0x00000004


---------------  S Y S T E M  ---------------

OS:Fedora release 14 (Laughlin)

uname:Linux 2.6.35.14-106.fc14.x86_64 #1 SMP Wed Nov 23 13:07:52 UTC 2011 x86_64
libc:glibc 2.13 NPTL 2.13 
rlimit: STACK 8192k, CORE 0k, NPROC 1024, NOFILE 1024, AS infinity
load average:29.27 10.14 5.58

CPU:total 16 (8 cores per cpu, 2 threads per core) family 6 model 26 stepping 5, cmov, cx8, fxsr, mmx, sse, sse2, sse3, ssse3, sse4.1, sse4.2, ht

Memory: 4k page, physical 49621980k(148988k free), swap 51642364k(47428000k free)

vm_info: Java HotSpot(TM) 64-Bit Server VM (14.3-b01) for linux-amd64 JRE (1.6.0_17-b04), built on Oct 11 2009 01:08:48 by "java_re" with gcc 3.2.2 (SuSE Linux)

time: Mon Jul 22 16:54:46 2013
elapsed time: 0 seconds

