#
# A fatal error has been detected by the Java Runtime Environment:
#
# java.lang.OutOfMemoryError: Cannot create GC thread. Out of system resources.
#
#  Internal Error (gcTaskThread.cpp:38), pid=22787, tid=140102291252992
#  Error: Cannot create GC thread. Out of system resources.
#
# JRE version: 6.0_17-b04
# Java VM: Java HotSpot(TM) 64-Bit Server VM (14.3-b01 mixed mode linux-amd64 )
# If you would like to submit a bug report, please visit:
#   http://java.sun.com/webapps/bugreport/crash.jsp
#

---------------  T H R E A D  ---------------

Current thread (0x00007f6c0c062000):  JavaThread "Unknown thread" [_thread_in_vm, id=23208, stack(0x00007f6c1acd6000,0x00007f6c1b4d7000)]

Stack: [0x00007f6c1acd6000,0x00007f6c1b4d7000],  sp=0x00007f6c1b4d4c10,  free space=8187k
Native frames: (J=compiled Java code, j=interpreted, Vv=VM code, C=native code)
V  [libjvm.so+0x6bd1ef]
V  [libjvm.so+0x2be6c8]
V  [libjvm.so+0x33a2fd]
V  [libjvm.so+0x338e3e]
V  [libjvm.so+0x338bd3]
V  [libjvm.so+0x5a87c7]
V  [libjvm.so+0x697695]
V  [libjvm.so+0x69732a]
V  [libjvm.so+0x377cd0]
V  [libjvm.so+0x67f5af]
V  [libjvm.so+0x3def30]
C  [libmwjmi.so+0x33c30]  _Z9InitSunVMv+0xa20
C  [libmwjmi.so+0x346ab]
C  [libmwjmi.so+0x24429]  _Z7mljInitv+0x19
C  [libmwmcr.so+0x3778c]
C  [libmwmcr.so+0x2d650]
C  [libmwmcr.so+0x2d9de]


---------------  P R O C E S S  ---------------

Java Threads: ( => current thread )

Other Threads:

=>0x00007f6c0c062000 (exited) JavaThread "Unknown thread" [_thread_in_vm, id=23208, stack(0x00007f6c1acd6000,0x00007f6c1b4d7000)]

VM state:not at safepoint (not fully initialized)

VM Mutex/Monitor currently owned by a thread: None

Dynamic libraries:
00400000-00403000 r-xp 00000000 fd:00 1867834                            /usr/local/MATLAB/R2010b-2/bin/glnxa64/MATLAB
00602000-00603000 rw-p 00002000 fd:00 1867834                            /usr/local/MATLAB/R2010b-2/bin/glnxa64/MATLAB
01d8a000-01e71000 rw-p 00000000 00:00 0                                  [heap]
34e0a00000-34e0a5d000 r-xp 00000000 fd:00 399396                         /lib64/libfreebl3.so
34e0a5d000-34e0c5d000 ---p 0005d000 fd:00 399396                         /lib64/libfreebl3.so
34e0c5d000-34e0c5e000 rw-p 0005d000 fd:00 399396                         /lib64/libfreebl3.so
34e0c5e000-34e0c63000 rw-p 00000000 00:00 0 
34e2400000-34e2407000 r-xp 00000000 fd:00 399397                         /lib64/libcrypt-2.13.so
34e2407000-34e2607000 ---p 00007000 fd:00 399397                         /lib64/libcrypt-2.13.so
34e2607000-34e2608000 r--p 00007000 fd:00 399397                         /lib64/libcrypt-2.13.so
34e2608000-34e2609000 rw-p 00008000 fd:00 399397                         /lib64/libcrypt-2.13.so
34e2609000-34e2637000 rw-p 00000000 00:00 0 
3783a00000-3783a08000 r-xp 00000000 fd:00 1481025                        /usr/lib64/libXp.so.6.2.0
3783a08000-3783c08000 ---p 00008000 fd:00 1481025                        /usr/lib64/libXp.so.6.2.0
3783c08000-3783c09000 rw-p 00008000 fd:00 1481025                        /usr/lib64/libXp.so.6.2.0
3afb200000-3afb21f000 r-xp 00000000 fd:00 404930                         /lib64/ld-2.13.so
3afb41e000-3afb41f000 r--p 0001e000 fd:00 404930                         /lib64/ld-2.13.so
3afb41f000-3afb420000 rw-p 0001f000 fd:00 404930                         /lib64/ld-2.13.so
3afb420000-3afb421000 rw-p 00000000 00:00 0 
3afb600000-3afb791000 r-xp 00000000 fd:00 404931                         /lib64/libc-2.13.so
3afb791000-3afb991000 ---p 00191000 fd:00 404931                         /lib64/libc-2.13.so
3afb991000-3afb995000 r--p 00191000 fd:00 404931                         /lib64/libc-2.13.so
3afb995000-3afb996000 rw-p 00195000 fd:00 404931                         /lib64/libc-2.13.so
3afb996000-3afb99c000 rw-p 00000000 00:00 0 
3afba00000-3afba84000 r-xp 00000000 fd:00 404932                         /lib64/libm-2.13.so
3afba84000-3afbc83000 ---p 00084000 fd:00 404932                         /lib64/libm-2.13.so
3afbc83000-3afbc84000 r--p 00083000 fd:00 404932                         /lib64/libm-2.13.so
3afbc84000-3afbc85000 rw-p 00084000 fd:00 404932                         /lib64/libm-2.13.so
3afbe00000-3afbe02000 r-xp 00000000 fd:00 404937                         /lib64/libdl-2.13.so
3afbe02000-3afc002000 ---p 00002000 fd:00 404937                         /lib64/libdl-2.13.so
3afc002000-3afc003000 r--p 00002000 fd:00 404937                         /lib64/libdl-2.13.so
3afc003000-3afc004000 rw-p 00003000 fd:00 404937                         /lib64/libdl-2.13.so
3afc200000-3afc217000 r-xp 00000000 fd:00 404936                         /lib64/libpthread-2.13.so
3afc217000-3afc416000 ---p 00017000 fd:00 404936                         /lib64/libpthread-2.13.so
3afc416000-3afc417000 r--p 00016000 fd:00 404936                         /lib64/libpthread-2.13.so
3afc417000-3afc418000 rw-p 00017000 fd:00 404936                         /lib64/libpthread-2.13.so
3afc418000-3afc41c000 rw-p 00000000 00:00 0 
3afca00000-3afca07000 r-xp 00000000 fd:00 404952                         /lib64/librt-2.13.so
3afca07000-3afcc06000 ---p 00007000 fd:00 404952                         /lib64/librt-2.13.so
3afcc06000-3afcc07000 r--p 00006000 fd:00 404952                         /lib64/librt-2.13.so
3afcc07000-3afcc08000 rw-p 00007000 fd:00 404952                         /lib64/librt-2.13.so
3afce00000-3afce16000 r-xp 00000000 fd:00 404933                         /lib64/libz.so.1.2.5
3afce16000-3afd016000 ---p 00016000 fd:00 404933                         /lib64/libz.so.1.2.5
3afd016000-3afd017000 rw-p 00016000 fd:00 404933                         /lib64/libz.so.1.2.5
3afda00000-3afda02000 r-xp 00000000 fd:00 1442727                        /usr/lib64/libXau.so.6.0.0
3afda02000-3afdc02000 ---p 00002000 fd:00 1442727                        /usr/lib64/libXau.so.6.0.0
3afdc02000-3afdc03000 rw-p 00002000 fd:00 1442727                        /usr/lib64/libXau.so.6.0.0
3afde00000-3afde1b000 r-xp 00000000 fd:00 1480242                        /usr/lib64/libxcb.so.1.1.0
3afde1b000-3afe01a000 ---p 0001b000 fd:00 1480242                        /usr/lib64/libxcb.so.1.1.0
3afe01a000-3afe01b000 rw-p 0001a000 fd:00 1480242                        /usr/lib64/libxcb.so.1.1.0
3afe600000-3afe739000 r-xp 00000000 fd:00 1480243                        /usr/lib64/libX11.so.6.3.0
3afe739000-3afe939000 ---p 00139000 fd:00 1480243                        /usr/lib64/libX11.so.6.3.0
3afe939000-3afe93f000 rw-p 00139000 fd:00 1480243                        /usr/lib64/libX11.so.6.3.0
3afee00000-3afee11000 r-xp 00000000 fd:00 1480244                        /usr/lib64/libXext.so.6.4.0
3afee11000-3aff011000 ---p 00011000 fd:00 1480244                        /usr/lib64/libXext.so.6.4.0
3aff011000-3aff012000 rw-p 00011000 fd:00 1480244                        /usr/lib64/libXext.so.6.4.0
3b00200000-3b00204000 r-xp 00000000 fd:00 404954                         /lib64/libuuid.so.1.3.0
3b00204000-3b00403000 ---p 00004000 fd:00 404954                         /lib64/libuuid.so.1.3.0
3b00403000-3b00404000 rw-p 00003000 fd:00 404954                         /lib64/libuuid.so.1.3.0
3b02a00000-3b02a17000 r-xp 00000000 fd:00 1480245                        /usr/lib64/libICE.so.6.3.0
3b02a17000-3b02c17000 ---p 00017000 fd:00 1480245                        /usr/lib64/libICE.so.6.3.0
3b02c17000-3b02c18000 rw-p 00017000 fd:00 1480245                        /usr/lib64/libICE.so.6.3.0
3b02c18000-3b02c1c000 rw-p 00000000 00:00 0 
3b02e00000-3b02e07000 r-xp 00000000 fd:00 1480246                        /usr/lib64/libSM.so.6.0.0
3b02e07000-3b03007000 ---p 00007000 fd:00 1480246                        /usr/lib64/libSM.so.6.0.0
3b03007000-3b03008000 rw-p 00007000 fd:00 1480246                        /usr/lib64/libSM.so.6.0.0
3b08a00000-3b08a11000 r-xp 00000000 fd:00 1478722                        /usr/lib64/libXpm.so.4.11.0
3b08a11000-3b08c10000 ---p 00011000 fd:00 1478722                        /usr/lib64/libXpm.so.4.11.0
3b08c10000-3b08c11000 rw-p 00010000 fd:00 1478722                        /usr/lib64/libXpm.so.4.11.0
3b0b800000-3b0b823000 r-xp 00000000 fd:00 404938                         /lib64/libtinfo.so.5.7
3b0b823000-3b0ba22000 ---p 00023000 fd:00 404938                         /lib64/libtinfo.so.5.7
3b0ba22000-3b0ba27000 rw-p 00022000 fd:00 404938                         /lib64/libtinfo.so.5.7
3b0d400000-3b0d422000 r-xp 00000000 fd:00 393563                         /lib64/libncurses.so.5.7
3b0d422000-3b0d622000 ---p 00022000 fd:00 393563                         /lib64/libncurses.so.5.7
3b0d622000-3b0d623000 rw-p 00022000 fd:00 393563                         /lib64/libncurses.so.5.7
3c70a00000-3c70a18000 r-xp 00000000 fd:00 1443160                        /usr/lib64/libXmu.so.6.2.0
3c70a18000-3c70c18000 ---p 00018000 fd:00 1443160                        /usr/lib64/libXmu.so.6.2.0
3c70c18000-3c70c1a000 rw-p 00018000 fd:00 1443160                        /usr/lib64/libXmu.so.6.2.0
3c72600000-3c7265f000 r-xp 00000000 fd:00 1442726                        /usr/lib64/libXt.so.6.0.0
3c7265f000-3c7285e000 ---p 0005f000 fd:00 1442726                        /usr/lib64/libXt.so.6.0.0
3c7285e000-3c72865000 rw-p 0005e000 fd:00 1442726                        /usr/lib64/libXt.so.6.0.0
3c7ea00000-3c7ea16000 r-xp 00000000 fd:00 399309                         /lib64/libnsl-2.13.so
3c7ea16000-3c7ec15000 ---p 00016000 fd:00 399309                         /lib64/libnsl-2.13.so
3c7ec15000-3c7ec16000 r--p 00015000 fd:00 399309                         /lib64/libnsl-2.13.so
3c7ec16000-3c7ec17000 rw-p 00016000 fd:00 399309                         /lib64/libnsl-2.13.so
3c7ec17000-3c7ec19000 rw-p 00000000 00:00 0 
7f6bd0000000-7f6bd0021000 rw-p 00000000 00:00 0 
7f6bd0021000-7f6bd4000000 ---p 00000000 00:00 0 
7f6bd4000000-7f6bd4021000 rw-p 00000000 00:00 0 
7f6bd4021000-7f6bd8000000 ---p 00000000 00:00 0 
7f6bd8000000-7f6bd8021000 rw-p 00000000 00:00 0 
7f6bd8021000-7f6bdc000000 ---p 00000000 00:00 0 
7f6bdc000000-7f6bdc021000 rw-p 00000000 00:00 0 
7f6bdc021000-7f6be0000000 ---p 00000000 00:00 0 
7f6be0000000-7f6be0021000 rw-p 00000000 00:00 0 
7f6be0021000-7f6be4000000 ---p 00000000 00:00 0 
7f6be4000000-7f6be4021000 rw-p 00000000 00:00 0 
7f6be4021000-7f6be8000000 ---p 00000000 00:00 0 
7f6be8000000-7f6be8021000 rw-p 00000000 00:00 0 
7f6be8021000-7f6bec000000 ---p 00000000 00:00 0 
7f6bec000000-7f6bec021000 rw-p 00000000 00:00 0 
7f6bec021000-7f6bf0000000 ---p 00000000 00:00 0 
7f6bf0000000-7f6bf0021000 rw-p 00000000 00:00 0 
7f6bf0021000-7f6bf4000000 ---p 00000000 00:00 0 
7f6bf42f7000-7f6bf42f8000 ---p 00000000 00:00 0 
7f6bf42f8000-7f6bf43f8000 rwxp 00000000 00:00 0 
7f6bf43f8000-7f6bf43f9000 ---p 00000000 00:00 0 
7f6bf43f9000-7f6bf44f9000 rwxp 00000000 00:00 0 
7f6bf44f9000-7f6bf44fa000 ---p 00000000 00:00 0 
7f6bf44fa000-7f6bf45fa000 rwxp 00000000 00:00 0 
7f6bf45fa000-7f6bf45fb000 ---p 00000000 00:00 0 
7f6bf45fb000-7f6bf46fb000 rwxp 00000000 00:00 0 
7f6bf46fb000-7f6bf46fc000 ---p 00000000 00:00 0 
7f6bf46fc000-7f6bf47fc000 rwxp 00000000 00:00 0 
7f6bf47fc000-7f6bf47fd000 ---p 00000000 00:00 0 
7f6bf47fd000-7f6bf48fd000 rwxp 00000000 00:00 0 
7f6bf48fd000-7f6bf48fe000 ---p 00000000 00:00 0 
7f6bf48fe000-7f6bf49fe000 rwxp 00000000 00:00 0 
7f6bf49fe000-7f6bf49ff000 ---p 00000000 00:00 0 
7f6bf49ff000-7f6bf4aff000 rwxp 00000000 00:00 0 
7f6bf4aff000-7f6bf4b00000 ---p 00000000 00:00 0 
7f6bf4b00000-7f6bf60c0000 rwxp 00000000 00:00 0 
7f6bf60c0000-7f6bfcc00000 rwxp 00000000 00:00 0 
7f6bfcc00000-7f6bffc00000 rwxp 00000000 00:00 0 
7f6bffc00000-7f6c05f00000 rwxp 00000000 00:00 0 
7f6c05f00000-7f6c06f00000 rwxp 00000000 00:00 0 
7f6c06f00000-7f6c09000000 rwxp 00000000 00:00 0 
7f6c09000000-7f6c09270000 rwxp 00000000 00:00 0 
7f6c09270000-7f6c0c000000 rwxp 00000000 00:00 0 
7f6c0c000000-7f6c0c139000 rw-p 00000000 00:00 0 
7f6c0c139000-7f6c10000000 ---p 00000000 00:00 0 
7f6c10000000-7f6c10021000 rw-p 00000000 00:00 0 
7f6c10021000-7f6c14000000 ---p 00000000 00:00 0 
7f6c14000000-7f6c14021000 rw-p 00000000 00:00 0 
7f6c14021000-7f6c18000000 ---p 00000000 00:00 0 
7f6c1802f000-7f6c18030000 ---p 00000000 00:00 0 
7f6c18030000-7f6c18130000 rwxp 00000000 00:00 0 
7f6c18130000-7f6c18131000 ---p 00000000 00:00 0 
7f6c18131000-7f6c1823c000 rwxp 00000000 00:00 0 
7f6c1823c000-7f6c18271000 rwxp 00000000 00:00 0 
7f6c18271000-7f6c18289000 rwxp 00000000 00:00 0 
7f6c18289000-7f6c182bb000 rwxp 00000000 00:00 0 
7f6c182bb000-7f6c182c6000 rwxp 00000000 00:00 0 
7f6c182c6000-7f6c182fb000 rwxp 00000000 00:00 0 
7f6c182fb000-7f6c18313000 rwxp 00000000 00:00 0 
7f6c18313000-7f6c18344000 rwxp 00000000 00:00 0 
7f6c18344000-7f6c1834d000 rwxp 00000000 00:00 0 
7f6c1834d000-7f6c1835d000 rwxp 00000000 00:00 0 
7f6c1835d000-7f6c18368000 rwxp 00000000 00:00 0 
7f6c18368000-7f6c1841e000 rwxp 00000000 00:00 0 
7f6c1841e000-7f6c1842c000 r-xp 00000000 fd:00 2245045                    /usr/local/MATLAB/R2010b-2/sys/java/jre/glnxa64/jre/lib/amd64/libzip.so
7f6c1842c000-7f6c1852e000 ---p 0000e000 fd:00 2245045                    /usr/local/MATLAB/R2010b-2/sys/java/jre/glnxa64/jre/lib/amd64/libzip.so
7f6c1852e000-7f6c18531000 rw-p 00010000 fd:00 2245045                    /usr/local/MATLAB/R2010b-2/sys/java/jre/glnxa64/jre/lib/amd64/libzip.so
7f6c18531000-7f6c18532000 rw-p 00000000 00:00 0 
7f6c18532000-7f6c1853d000 r-xp 00000000 fd:00 393245                     /lib64/libnss_files-2.13.so
7f6c1853d000-7f6c1873c000 ---p 0000b000 fd:00 393245                     /lib64/libnss_files-2.13.so
7f6c1873c000-7f6c1873d000 r--p 0000a000 fd:00 393245                     /lib64/libnss_files-2.13.so
7f6c1873d000-7f6c1873e000 rw-p 0000b000 fd:00 393245                     /lib64/libnss_files-2.13.so
7f6c18777000-7f6c1877e000 r-xp 00000000 fd:00 2245127                    /usr/local/MATLAB/R2010b-2/sys/java/jre/glnxa64/jre/lib/amd64/native_threads/libhpi.so
7f6c1877e000-7f6c1887f000 ---p 00007000 fd:00 2245127                    /usr/local/MATLAB/R2010b-2/sys/java/jre/glnxa64/jre/lib/amd64/native_threads/libhpi.so
7f6c1887f000-7f6c18881000 rw-p 00008000 fd:00 2245127                    /usr/local/MATLAB/R2010b-2/sys/java/jre/glnxa64/jre/lib/amd64/native_threads/libhpi.so
7f6c18881000-7f6c18882000 rw-p 00000000 00:00 0 
7f6c18882000-7f6c18883000 ---p 00000000 00:00 0 
7f6c18883000-7f6c19083000 rwxp 00000000 00:00 0 
7f6c19083000-7f6c19090000 r-xp 00000000 fd:00 2245133                    /usr/local/MATLAB/R2010b-2/sys/java/jre/glnxa64/jre/lib/amd64/libverify.so
7f6c19090000-7f6c1918f000 ---p 0000d000 fd:00 2245133                    /usr/local/MATLAB/R2010b-2/sys/java/jre/glnxa64/jre/lib/amd64/libverify.so
7f6c1918f000-7f6c19192000 rw-p 0000c000 fd:00 2245133                    /usr/local/MATLAB/R2010b-2/sys/java/jre/glnxa64/jre/lib/amd64/libverify.so
7f6c19192000-7f6c198f0000 r-xp 00000000 fd:00 2245147                    /usr/local/MATLAB/R2010b-2/sys/java/jre/glnxa64/jre/lib/amd64/server/libjvm.so
7f6c198f0000-7f6c199ef000 ---p 0075e000 fd:00 2245147                    /usr/local/MATLAB/R2010b-2/sys/java/jre/glnxa64/jre/lib/amd64/server/libjvm.so
7f6c199ef000-7f6c19b67000 rw-p 0075d000 fd:00 2245147                    /usr/local/MATLAB/R2010b-2/sys/java/jre/glnxa64/jre/lib/amd64/server/libjvm.so
7f6c19b67000-7f6c19ba5000 rw-p 00000000 00:00 0 
7f6c19ba5000-7f6c19bce000 r-xp 00000000 fd:00 2245063                    /usr/local/MATLAB/R2010b-2/sys/java/jre/glnxa64/jre/lib/amd64/libjava.so
7f6c19bce000-7f6c19ccd000 ---p 00029000 fd:00 2245063                    /usr/local/MATLAB/R2010b-2/sys/java/jre/glnxa64/jre/lib/amd64/libjava.so
7f6c19ccd000-7f6c19cd4000 rw-p 00028000 fd:00 2245063                    /usr/local/MATLAB/R2010b-2/sys/java/jre/glnxa64/jre/lib/amd64/libjava.so
7f6c19cd4000-7f6c19cd5000 ---p 00000000 00:00 0 
7f6c19cd5000-7f6c1a4d5000 rwxp 00000000 00:00 0 
7f6c1a4d5000-7f6c1a4d6000 ---p 00000000 00:00 0 
7f6c1a4d6000-7f6c1acd6000 rwxp 00000000 00:00 0 
7f6c1acd6000-7f6c1acd9000 ---p 00000000 00:00 0 
7f6c1acd9000-7f6c1b4d7000 rwxp 00000000 00:00 0 
7f6c1b4d7000-7f6c1b4d8000 rw-p 00000000 00:00 0 
7f6c1b4d8000-7f6c1b4d9000 ---p 00000000 00:00 0 
7f6c1b4d9000-7f6c1bcd9000 rwxp 00000000 00:00 0 
7f6c1bcd9000-7f6c21b6a000 r--p 00000000 fd:00 1478946                    /usr/lib/locale/locale-archive
7f6c21b6a000-7f6c21b74000 rw-p 00000000 00:00 0 
7f6c21b74000-7f6c21b7d000 r-xp 00000000 fd:00 1867630                    /usr/local/MATLAB/R2010b-2/bin/glnxa64/libmwbinder.so
7f6c21b7d000-7f6c21d7c000 ---p 00009000 fd:00 1867630                    /usr/local/MATLAB/R2010b-2/bin/glnxa64/libmwbinder.so
7f6c21d7c000-7f6c21d7d000 rw-p 00008000 fd:00 1867630                    /usr/local/MATLAB/R2010b-2/bin/glnxa64/libmwbinder.so
7f6c21d7d000-7f6c21d7e000 rw-p 00000000 00:00 0 
7f6c21d7e000-7f6c221e3000 r-xp 00000000 fd:00 1867838                    /usr/local/MATLAB/R2010b-2/bin/glnxa64/libhdf5.so.6.0.2
7f6c221e3000-7f6c223e2000 ---p 00465000 fd:00 1867838                    /usr/local/MATLAB/R2010b-2/bin/glnxa64/libhdf5.so.6.0.2
7f6c223e2000-7f6c223ec000 rw-p 00464000 fd:00 1867838                    /usr/local/MATLAB/R2010b-2/bin/glnxa64/libhdf5.so.6.0.2
7f6c223ec000-7f6c223ee000 rw-p 00000000 00:00 0 
7f6c223ee000-7f6c2240c000 r-xp 00000000 fd:00 1867839                    /usr/local/MATLAB/R2010b-2/bin/glnxa64/libhdf5_hl.so.6.0.2
7f6c2240c000-7f6c2260c000 ---p 0001e000 fd:00 1867839                    /usr/local/MATLAB/R2010b-2/bin/glnxa64/libhdf5_hl.so.6.0.2
7f6c2260c000-7f6c2260d000 rw-p 0001e000 fd:00 1867839                    /usr/local/MATLAB/R2010b-2/bin/glnxa64/libhdf5_hl.so.6.0.2
7f6c2260d000-7f6c22620000 rw-p 00000000 00:00 0 
7f6c22620000-7f6c228a1000 r-xp 00000000 fd:00 1996723                    /usr/local/MATLAB/R2010b-2/sys/os/glnxa64/libXm.so.3.0.2
7f6c228a1000-7f6c22aa1000 ---p 00281000 fd:00 1996723                    /usr/local/MATLAB/R2010b-2/sys/os/glnxa64/libXm.so.3.0.2
7f6c22aa1000-7f6c22acb000 rw-p 00281000 fd:00 1996723                    /usr/local/MATLAB/R2010b-2/sys/os/glnxa64/libXm.so.3.0.2
7f6c22acb000-7f6c22acd000 rw-p 00000000 00:00 0 
7f6c22acd000-7f6c22b75000 r-xp 00000000 fd:00 1867670                    /usr/local/MATLAB/R2010b-2/bin/glnxa64/libmwlapack.so
7f6c22b75000-7f6c22d75000 ---p 000a8000 fd:00 1867670                    /usr/local/MATLAB/R2010b-2/bin/glnxa64/libmwlapack.so
7f6c22d75000-7f6c22d7e000 rw-p 000a8000 fd:00 1867670                    /usr/local/MATLAB/R2010b-2/bin/glnxa64/libmwlapack.so
7f6c22d7e000-7f6c22f90000 r-xp 00000000 fd:00 1867652                    /usr/local/MATLAB/R2010b-2/bin/glnxa64/libmwhgdatatypes.so
7f6c22f90000-7f6c2318f000 ---p 00212000 fd:00 1867652                    /usr/local/MATLAB/R2010b-2/bin/glnxa64/libmwhgdatatypes.so
7f6c2318f000-7f6c231aa000 rw-p 00211000 fd:00 1867652                    /usr/local/MATLAB/R2010b-2/bin/glnxa64/libmwhgdatatypes.so
7f6c231aa000-7f6c231ac000 rw-p 00000000 00:00 0 
7f6c231ac000-7f6c231d5000 r-xp 00000000 fd:00 1867732                    /usr/local/MATLAB/R2010b-2/bin/glnxa64/libmwhardcopy.so
7f6c231d5000-7f6c233d5000 ---p 00029000 fd:00 1867732                    /usr/local/MATLAB/R2010b-2/bin/glnxa64/libmwhardcopy.so
7f6c233d5000-7f6c233d7000 rw-p 00029000 fd:00 1867732                    /usr/local/MATLAB/R2010b-2/bin/glnxa64/libmwhardcopy.so
7f6c233d7000-7f6c233d8000 rw-p 00000000 00:00 0 
7f6c233d8000-7f6c233e5000 r-xp 00000000 fd:00 1867680                    /usr/local/MATLAB/R2010b-2/bin/glnxa64/libmwir_xfmr.so
7f6c233e5000-7f6c235e5000 ---p 0000d000 fd:00 1867680                    /usr/local/MATLAB/R2010b-2/bin/glnxa64/libmwir_xfmr.so
7f6c235e5000-7f6c235e6000 rw-p 0000d000 fd:00 1867680                    /usr/local/MATLAB/R2010b-2/bin/glnxa64/libmwir_xfmr.so
7f6c235e6000-7f6c235e8000 rw-p 00000000 00:00 0 
7f6c235e8000-7f6c23632000 r-xp 00000000 fd:00 1867654                    /usr/local/MATLAB/R2010b-2/bin/glnxa64/libmwspmatrix.so
7f6c23632000-7f6c23831000 ---p 0004a000 fd:00 1867654                    /usr/local/MATLAB/R2010b-2/bin/glnxa64/libmwspmatrix.so
7f6c23831000-7f6c23832000 rw-p 00049000 fd:00 1867654                    /usr/local/MATLAB/R2010b-2/bin/glnxa64/libmwspmatrix.so
7f6c23832000-7f6c2384a000 r-xp 00000000 fd:00 1867674                    /usr/local/MATLAB/R2010b-2/bin/glnxa64/libmwm_pcodegen.so
7f6c2384a000-7f6c23a49000 ---p 00018000 fd:00 1867674                    /usr/local/MATLAB/R2010b-2/bin/glnxa64/libmwm_pcodegen.so
7f6c23a49000-7f6c23a4b000 rw-p 00017000 fd:00 1867674                    /usr/local/MATLAB/R2010b-2/bin/glnxa64/libmwm_pcodegen.so
7f6c23a4b000-7f6c23a4c000 rw-p 00000000 00:00 0 
7f6c23a4c000-7f6c23a5f000 r-xp 00000000 fd:00 1867716                    /usr/local/MATLAB/R2010b-2/bin/glnxa64/libmwm_pcodeio.so
7f6c23a5f000-7f6c23c5f000 ---p 00013000 fd:00 1867716                    /usr/local/MATLAB/R2010b-2/bin/glnxa64/libmwm_pcodeio.so
7f6c23c5f000-7f6c23c60000 rw-p 00013000 fd:00 1867716                    /usr/local/MATLAB/R2010b-2/bin/glnxa64/libmwm_pcodeio.so
7f6c23c60000-7f6c23c6b000 r-xp 00000000 fd:00 1867633                    /usr/local/MATLAB/R2010b-2/bin/glnxa64/libmwmlib.so
7f6c23c6b000-7f6c23e6a000 ---p 0000b000 fd:00 1867633                    /usr/local/MATLAB/R2010b-2/bin/glnxa64/libmwmlib.so
7f6c23e6a000-7f6c23e6c000 rw-p 0000a000 fd:00 1867633                    /usr/local/MATLAB/R2010b-2/bin/glnxa64/libmwmlib.so
7f6c23e6c000-7f6c23e8c000 r-xp 00000000 fd:00 1867709                    /usr/local/MATLAB/R2010b-2/bin/glnxa64/libmwmathrng.so
7f6c23e8c000-7f6c2408c000 ---p 00020000 fd:00 1867709                    /usr/local/MATLAB/R2010b-2/bin/glnxa64/libmwmathrng.so
7f6c2408c000-7f6c2408e000 rw-p 00020000 fd:00 1867709                    /usr/local/MATLAB/R2010b-2/bin/glnxa64/libmwmathrng.so
7f6c2408e000-7f6c24090000 rw-p 00000000 00:00 0 
7f6c24090000-7f6c240cd000 r-xp 00000000 fd:00 1867729                    /usr/local/MATLAB/R2010b-2/bin/glnxa64/libmwprofiler.so
7f6c240cd000-7f6c242cd000 ---p 0003d000 fd:00 1867729                    /usr/local/MATLAB/R2010b-2/bin/glnxa64/libmwprofiler.so
7f6c242cd000-7f6c242d0000 rw-p 0003d000 fd:00 1867729                    /usr/local/MATLAB/R2010b-2/bin/glnxa64/libmwprofiler.so
7f6c242d0000-7f6c24308000 r-xp 00000000 fd:00 1867812                    /usr/local/MATLAB/R2010b-2/bin/glnxa64/libmat.so
7f6c24308000-7f6c24507000 ---p 00038000 fd:00 1867812                    /usr/local/MATLAB/R2010b-2/bin/glnxa64/libmat.so
7f6c24507000-7f6c2450a000 rw-p 00037000 fd:00 1867812                    /usr/local/MATLAB/R2010b-2/bin/glnxa64/libmat.so
7f6c2450a000-7f6c2450b000 rw-p 00000000 00:00 0 
7f6c2450b000-7f6c248c6000 r-xp 00000000 fd:00 1867806                    /usr/local/MATLAB/R2010b-2/bin/glnxa64/libxerces-c.so.27.0
7f6c248c6000-7f6c24ac5000 ---p 003bb000 fd:00 1867806                    /usr/local/MATLAB/R2010b-2/bin/glnxa64/libxerces-c.so.27.0
7f6c24ac5000-7f6c24b09000 rw-p 003ba000 fd:00 1867806                    /usr/local/MATLAB/R2010b-2/bin/glnxa64/libxerces-c.so.27.0
7f6c24b09000-7f6c24b0a000 rw-p 00000000 00:00 0 
7f6c24b0a000-7f6c24bd7000 r-xp 00000000 fd:00 1866791                    /usr/local/MATLAB/R2010b-2/bin/glnxa64/libboost_regex.so.1.40.0
7f6c24bd7000-7f6c24dd7000 ---p 000cd000 fd:00 1866791                    /usr/local/MATLAB/R2010b-2/bin/glnxa64/libboost_regex.so.1.40.0
7f6c24dd7000-7f6c24ddd000 rw-p 000cd000 fd:00 1866791                    /usr/local/MATLAB/R2010b-2/bin/glnxa64/libboost_regex.so.1.40.0
7f6c24ddd000-7f6c24e4e000 r-xp 00000000 fd:00 1867673                    /usr/local/MATLAB/R2010b-2/bin/glnxa64/libmwxmlcore.so
7f6c24e4e000-7f6c2504e000 ---p 00071000 fd:00 1867673                    /usr/local/MATLAB/R2010b-2/bin/glnxa64/libmwxmlcore.so
7f6c2504e000-7f6c25056000 rw-p 00071000 fd:00 1867673                    /usr/local/MATLAB/R2010b-2/bin/glnxa64/libmwxmlcore.so
7f6c25056000-7f6c25058000 rw-p 00000000 00:00 0 
7f6c25058000-7f6c2519c000 r-xp 00000000 fd:00 1867723                    /usr/local/MATLAB/R2010b-2/bin/glnxa64/libmwuix.so
7f6c2519c000-7f6c2539c000 ---p 00144000 fd:00 1867723                    /usr/local/MATLAB/R2010b-2/bin/glnxa64/libmwuix.so
7f6c2539c000-7f6c253b0000 rw-p 00144000 fd:00 1867723                    /usr/local/MATLAB/R2010b-2/bin/glnxa64/libmwuix.so
7f6c253b0000-7f6c253b5000 rw-p 00000000 00:00 0 
7f6c253b5000-7f6c253fa000 r-xp 00000000 fd:00 1867694                    /usr/local/MATLAB/R2010b-2/bin/glnxa64/libmwm_ir.so
7f6c253fa000-7f6c255fa000 ---p 00045000 fd:00 1867694                    /usr/local/MATLAB/R2010b-2/bin/glnxa64/libmwm_ir.so
7f6c255fa000-7f6c25602000 rw-p 00045000 fd:00 1867694                    /usr/local/MATLAB/R2010b-2/bin/glnxa64/libmwm_ir.so
7f6c25602000-7f6c25603000 rw-p 00000000 00:00 0 
7f6c25603000-7f6c25608000 r-xp 00000000 fd:00 1867727                    /usr/local/MATLAB/R2010b-2/bin/glnxa64/libmwuinone.so
7f6c25608000-7f6c25808000 ---p 00005000 fd:00 1867727                    /usr/local/MATLAB/R2010b-2/bin/glnxa64/libmwuinone.so
7f6c25808000-7f6c25809000 rw-p 00005000 fd:00 1867727                    /usr/local/MATLAB/R2010b-2/bin/glnxa64/libmwuinone.so
7f6c25809000-7f6c2589c000 r-xp 00000000 fd:00 1867734                    /usr/local/MATLAB/R2010b-2/bin/glnxa64/libmwudd_mi.so
7f6c2589c000-7f6c25a9c000 ---p 00093000 fd:00 1867734                    /usr/local/MATLAB/R2010b-2/bin/glnxa64/libmwudd_mi.so
7f6c25a9c000-7f6c25aa7000 rw-p 00093000 fd:00 1867734                    /usr/local/MATLAB/R2010b-2/bin/glnxa64/libmwudd_mi.so
7f6c25aa7000-7f6c25aa8000 rw-p 00000000 00:00 0 
7f6c25aa8000-7f6c25aef000 r-xp 00000000 fd:00 1867684                    /usr/local/MATLAB/R2010b-2/bin/glnxa64/libuij.so
7f6c25aef000-7f6c25cef000 ---p 00047000 fd:00 1867684                    /usr/local/MATLAB/R2010b-2/bin/glnxa64/libuij.so
7f6c25cef000-7f6c25cf1000 rw-p 00047000 fd:00 1867684                    /usr/local/MATLAB/R2010b-2/bin/glnxa64/libuij.so
7f6c25cf1000-7f6c25cf3000 rw-p 00000000 00:00 0 
7f6c25cf3000-7f6c25d97000 r-xp 00000000 fd:00 1867703                    /usr/local/MATLAB/R2010b-2/bin/glnxa64/libmwhgutils.so
7f6c25d97000-7f6c25f96000 ---p 000a4000 fd:00 1867703                    /usr/local/MATLAB/R2010b-2/bin/glnxa64/libmwhgutils.so
7f6c25f96000-7f6c25f9f000 rw-p 000a3000 fd:00 1867703                    /usr/local/MATLAB/R2010b-2/bin/glnxa64/libmwhgutils.so
7f6c25f9f000-7f6c26741000 r-xp 00000000 fd:00 1867631                    /usr/local/MATLAB/R2010b-2/bin/glnxa64/libmwhg.so
7f6c26741000-7f6c26940000 ---p 007a2000 fd:00 1867631                    /usr/local/MATLAB/R2010b-2/bin/glnxa64/libmwhg.so
7f6c26940000-7f6c269e7000 rw-p 007a1000 fd:00 1867631                    /usr/local/MATLAB/R2010b-2/bin/glnxa64/libmwhg.so
7f6c269e7000-7f6c269f0000 rw-p 00000000 00:00 0 
7f6c269f0000-7f6c26af6000 r-xp 00000000 fd:00 1867660                    /usr/local/MATLAB/R2010b-2/bin/glnxa64/libmwgui.so
7f6c26af6000-7f6c26cf6000 ---p 00106000 fd:00 1867660                    /usr/local/MATLAB/R2010b-2/bin/glnxa64/libmwgui.so
7f6c26cf6000-7f6c26d31000 rw-p 00106000 fd:00 1867660                    /usr/local/MATLAB/R2010b-2/bin/glnxa64/libmwgui.so
7f6c26d31000-7f6c26d33000 rw-p 00000000 00:00 0 
7f6c26d33000-7f6c26f50000 r-xp 00000000 fd:00 1867704                    /usr/local/MATLAB/R2010b-2/bin/glnxa64/libmwmcos.so
7f6c26f50000-7f6c27150000 ---p 0021d000 fd:00 1867704                    /usr/local/MATLAB/R2010b-2/bin/glnxa64/libmwmcos.so
7f6c27150000-7f6c27175000 rw-p 0021d000 fd:00 1867704                    /usr/local/MATLAB/R2010b-2/bin/glnxa64/libmwmcos.so
7f6c27175000-7f6c2717c000 r-xp 00000000 fd:00 1867676                    /usr/local/MATLAB/R2010b-2/bin/glnxa64/libmwmtok.so
7f6c2717c000-7f6c2737c000 ---p 00007000 fd:00 1867676                    /usr/local/MATLAB/R2010b-2/bin/glnxa64/libmwmtok.so
7f6c2737c000-7f6c2737d000 rw-p 00007000 fd:00 1867676                    /usr/local/MATLAB/R2010b-2/bin/glnxa64/libmwmtok.so
7f6c2737d000-7f6c273f5000 r-xp 00000000 fd:00 1867637                    /usr/local/MATLAB/R2010b-2/bin/glnxa64/libmwmlint.so
7f6c273f5000-7f6c275f4000 ---p 00078000 fd:00 1867637                    /usr/local/MATLAB/R2010b-2/bin/glnxa64/libmwmlint.so
7f6c275f4000-7f6c275fc000 rw-p 00077000 fd:00 1867637                    /usr/local/MATLAB/R2010b-2/bin/glnxa64/libmwmlint.so
7f6c275fc000-7f6c275fd000 rw-p 00000000 00:00 0 
7f6c275fd000-7f6c276c1000 r-xp 00000000 fd:00 1867658                    /usr/local/MATLAB/R2010b-2/bin/glnxa64/libmwudd.so
7f6c276c1000-7f6c278c1000 ---p 000c4000 fd:00 1867658                    /usr/local/MATLAB/R2010b-2/bin/glnxa64/libmwudd.so
7f6c278c1000-7f6c278d7000 rw-p 000c4000 fd:00 1867658                    /usr/local/MATLAB/R2010b-2/bin/glnxa64/libmwudd.so
7f6c278d7000-7f6c278da000 rw-p 00000000 00:00 0 
7f6c278da000-7f6c27b1c000 r-xp 00000000 fd:00 1867664                    /usr/local/MATLAB/R2010b-2/bin/glnxa64/libmwm_parser.so
7f6c27b1c000-7f6c27d1b000 ---p 00242000 fd:00 1867664                    /usr/local/MATLAB/R2010b-2/bin/glnxa64/libmwm_parser.so
7f6c27d1b000-7f6c2819b000 rw-p 00241000 fd:00 1867664                    /usr/local/MATLAB/R2010b-2/bin/glnxa64/libmwm_parser.so
7f6c2819b000-7f6c2819c000 rw-p 00000000 00:00 0 
7f6c2819c000-7f6c281a9000 r-xp 00000000 fd:00 1867713                    /usr/local/MATLAB/R2010b-2/bin/glnxa64/libmex.so
7f6c281a9000-7f6c283a9000 ---p 0000d000 fd:00 1867713                    /usr/local/MATLAB/R2010b-2/bin/glnxa64/libmex.so
7f6c283a9000-7f6c283aa000 rw-p 0000d000 fd:00 1867713                    /usr/local/MATLAB/R2010b-2/bin/glnxa64/libmex.so
7f6c283aa000-7f6c28412000 r-xp 00000000 fd:00 1867635                    /usr/local/MATLAB/R2010b-2/bin/glnxa64/libmwiqm.so
7f6c28412000-7f6c28612000 ---p 00068000 fd:00 1867635                    /usr/local/MATLAB/R2010b-2/bin/glnxa64/libmwiqm.so
7f6c28612000-7f6c28617000 rw-p 00068000 fd:00 1867635                    /usr/local/MATLAB/R2010b-2/bin/glnxa64/libmwiqm.so
7f6c28617000-7f6c28618000 rw-p 00000000 00:00 0 
7f6c28618000-7f6c28685000 r-xp 00000000 fd:00 1866796                    /usr/local/MATLAB/R2010b-2/bin/glnxa64/libboost_serialization.so.1.40.0
7f6c28685000-7f6c28885000 ---p 0006d000 fd:00 1866796                    /usr/local/MATLAB/R2010b-2/bin/glnxa64/libboost_serialization.so.1.40.0
7f6c28885000-7f6c28889000 rw-p 0006d000 fd:00 1866796                    /usr/local/MATLAB/R2010b-2/bin/glnxa64/libboost_serialization.so.1.40.0
7f6c28889000-7f6c2888a000 rw-p 00000000 00:00 0 
7f6c2888a000-7f6c28906000 r-xp 00000000 fd:00 1867657                    /usr/local/MATLAB/R2010b-2/bin/glnxa64/libmwmathutil.so
7f6c28906000-7f6c28b06000 ---p 0007c000 fd:00 1867657                    /usr/local/MATLAB/R2010b-2/bin/glnxa64/libmwmathutil.so
7f6c28b06000-7f6c28b07000 rw-p 0007c000 fd:00 1867657                    /usr/local/MATLAB/R2010b-2/bin/glnxa64/libmwmathutil.so
7f6c28b07000-7f6c28c41000 r-xp 00000000 fd:00 1867647                    /usr/local/MATLAB/R2010b-2/bin/glnxa64/libmwmlutil.so
7f6c28c41000-7f6c28e41000 ---p 0013a000 fd:00 1867647                    /usr/local/MATLAB/R2010b-2/bin/glnxa64/libmwmlutil.so
7f6c28e41000-7f6c28e49000 rw-p 0013a000 fd:00 1867647                    /usr/local/MATLAB/R2010b-2/bin/glnxa64/libmwmlutil.so
7f6c28e49000-7f6c28e53000 rw-p 00000000 00:00 0 
7f6c28e53000-7f6c28e68000 r-xp 00000000 fd:00 1866792                    /usr/local/MATLAB/R2010b-2/bin/glnxa64/libboost_signals.so.1.40.0
7f6c28e68000-7f6c29068000 ---p 00015000 fd:00 1866792                    /usr/local/MATLAB/R2010b-2/bin/glnxa64/libboost_signals.so.1.40.0
7f6c29068000-7f6c29069000 rw-p 00015000 fd:00 1866792                    /usr/local/MATLAB/R2010b-2/bin/glnxa64/libboost_signals.so.1.40.0
7f6c29069000-7f6c2906a000 rw-p 00000000 00:00 0 
7f6c2906a000-7f6c2907d000 r-xp 00000000 fd:00 1866809                    /usr/local/MATLAB/R2010b-2/bin/glnxa64/libboost_filesystem.so.1.40.0
7f6c2907d000-7f6c2927d000 ---p 00013000 fd:00 1866809                    /usr/local/MATLAB/R2010b-2/bin/glnxa64/libboost_filesystem.so.1.40.0
7f6c2927d000-7f6c2927e000 rw-p 00013000 fd:00 1866809                    /usr/local/MATLAB/R2010b-2/bin/glnxa64/libboost_filesystem.so.1.40.0
7f6c2927e000-7f6c2927f000 rw-p 00000000 00:00 0 
7f6c2927f000-7f6c29295000 r-xp 00000000 fd:00 1867855                    /usr/local/MATLAB/R2010b-2/bin/glnxa64/libtbbmalloc.so.2
7f6c29295000-7f6c29394000 ---p 00016000 fd:00 1867855                    /usr/local/MATLAB/R2010b-2/bin/glnxa64/libtbbmalloc.so.2
7f6c29394000-7f6c29397000 rw-p 00015000 fd:00 1867855                    /usr/local/MATLAB/R2010b-2/bin/glnxa64/libtbbmalloc.so.2
7f6c29397000-7f6c293a4000 rw-p 00000000 00:00 0 
7f6c293a4000-7f6c293d7000 r-xp 00000000 fd:00 1867854                    /usr/local/MATLAB/R2010b-2/bin/glnxa64/libtbb.so.2
7f6c293d7000-7f6c294d6000 ---p 00033000 fd:00 1867854                    /usr/local/MATLAB/R2010b-2/bin/glnxa64/libtbb.so.2
7f6c294d6000-7f6c294da000 rw-p 00032000 fd:00 1867854                    /usr/local/MATLAB/R2010b-2/bin/glnxa64/libtbb.so.2
7f6c294da000-7f6c294db000 rw-p 00000000 00:00 0 
7f6c294db000-7f6c294e6000 r-xp 00000000 fd:00 1867741                    /usr/local/MATLAB/R2010b-2/bin/glnxa64/libicuio.so.42.1
7f6c294e6000-7f6c296e5000 ---p 0000b000 fd:00 1867741                    /usr/local/MATLAB/R2010b-2/bin/glnxa64/libicuio.so.42.1
7f6c296e5000-7f6c296e7000 rw-p 0000a000 fd:00 1867741                    /usr/local/MATLAB/R2010b-2/bin/glnxa64/libicuio.so.42.1
7f6c296e7000-7f6c296e8000 rw-p 00000000 00:00 0 
7f6c296e8000-7f6c2987e000 r-xp 00000000 fd:00 1867746                    /usr/local/MATLAB/R2010b-2/bin/glnxa64/libicui18n.so.42.1
7f6c2987e000-7f6c29a7d000 ---p 00196000 fd:00 1867746                    /usr/local/MATLAB/R2010b-2/bin/glnxa64/libicui18n.so.42.1
7f6c29a7d000-7f6c29a8b000 rw-p 00195000 fd:00 1867746                    /usr/local/MATLAB/R2010b-2/bin/glnxa64/libicui18n.so.42.1
7f6c29a8b000-7f6c29bd8000 r-xp 00000000 fd:00 1867743                    /usr/local/MATLAB/R2010b-2/bin/glnxa64/libicuuc.so.42.1
7f6c29bd8000-7f6c29dd7000 ---p 0014d000 fd:00 1867743                    /usr/local/MATLAB/R2010b-2/bin/glnxa64/libicuuc.so.42.1
7f6c29dd7000-7f6c29de8000 rw-p 0014c000 fd:00 1867743                    /usr/local/MATLAB/R2010b-2/bin/glnxa64/libicuuc.so.42.1
7f6c29de8000-7f6c29dea000 rw-p 00000000 00:00 0 
7f6c29dea000-7f6c2ad2f000 r--p 00000000 fd:00 1867745                    /usr/local/MATLAB/R2010b-2/bin/glnxa64/libicudata.so.42.1
7f6c2ad2f000-7f6c2af2e000 ---p 00f45000 fd:00 1867745                    /usr/local/MATLAB/R2010b-2/bin/glnxa64/libicudata.so.42.1
7f6c2af2e000-7f6c2af2f000 rw-p 00f44000 fd:00 1867745                    /usr/local/MATLAB/R2010b-2/bin/glnxa64/libicudata.so.42.1
7f6c2af2f000-7f6c2af30000 rw-p 00000000 00:00 0 
7f6c2af30000-7f6c2af56000 r-xp 00000000 fd:00 1867863                    /usr/local/MATLAB/R2010b-2/bin/glnxa64/libexpat.so.1.5.0
7f6c2af56000-7f6c2b155000 ---p 00026000 fd:00 1867863                    /usr/local/MATLAB/R2010b-2/bin/glnxa64/libexpat.so.1.5.0
7f6c2b155000-7f6c2b158000 rw-p 00025000 fd:00 1867863                    /usr/local/MATLAB/R2010b-2/bin/glnxa64/libexpat.so.1.5.0
7f6c2b158000-7f6c2b16c000 r-xp 00000000 fd:00 1866800                    /usr/local/MATLAB/R2010b-2/bin/glnxa64/libboost_thread.so.1.40.0
7f6c2b16c000-7f6c2b36b000 ---p 00014000 fd:00 1866800                    /usr/local/MATLAB/R2010b-2/bin/glnxa64/libboost_thread.so.1.40.0
7f6c2b36b000-7f6c2b36d000 rw-p 00013000 fd:00 1866800                    /usr/local/MATLAB/R2010b-2/bin/glnxa64/libboost_thread.so.1.40.0
7f6c2b36d000-7f6c2b36e000 rw-p 00000000 00:00 0 
7f6c2b36e000-7f6c2b371000 r-xp 00000000 fd:00 1866802                    /usr/local/MATLAB/R2010b-2/bin/glnxa64/libboost_system.so.1.40.0
7f6c2b371000-7f6c2b570000 ---p 00003000 fd:00 1866802                    /usr/local/MATLAB/R2010b-2/bin/glnxa64/libboost_system.so.1.40.0
7f6c2b570000-7f6c2b571000 rw-p 00002000 fd:00 1866802                    /usr/local/MATLAB/R2010b-2/bin/glnxa64/libboost_system.so.1.40.0
7f6c2b571000-7f6c2b583000 r-xp 00000000 fd:00 1866803                    /usr/local/MATLAB/R2010b-2/bin/glnxa64/libboost_date_time.so.1.40.0
7f6c2b583000-7f6c2b782000 ---p 00012000 fd:00 1866803                    /usr/local/MATLAB/R2010b-2/bin/glnxa64/libboost_date_time.so.1.40.0
7f6c2b782000-7f6c2b784000 rw-p 00011000 fd:00 1866803                    /usr/local/MATLAB/R2010b-2/bin/glnxa64/libboost_date_time.so.1.40.0
7f6c2b784000-7f6c2b785000 rw-p 00000000 00:00 0 
7f6c2b785000-7f6c2b7c7000 r-xp 00000000 fd:00 1867814                    /usr/local/MATLAB/R2010b-2/bin/glnxa64/libmwi18n.so
7f6c2b7c7000-7f6c2b9c7000 ---p 00042000 fd:00 1867814                    /usr/local/MATLAB/R2010b-2/bin/glnxa64/libmwi18n.so
7f6c2b9c7000-7f6c2b9ca000 rw-p 00042000 fd:00 1867814                    /usr/local/MATLAB/R2010b-2/bin/glnxa64/libmwi18n.so
7f6c2b9ca000-7f6c2b9cb000 rw-p 00000000 00:00 0 
7f6c2b9cb000-7f6c2b9e1000 r-xp 00000000 fd:00 1996634                    /usr/local/MATLAB/R2010b-2/sys/os/glnxa64/libgcc_s.so.1
7f6c2b9e1000-7f6c2bbe0000 ---p 00016000 fd:00 1996634                    /usr/local/MATLAB/R2010b-2/sys/os/glnxa64/libgcc_s.so.1
7f6c2bbe0000-7f6c2bbe1000 rw-p 00015000 fd:00 1996634                    /usr/local/MATLAB/R2010b-2/sys/os/glnxa64/libgcc_s.so.1
7f6c2bbe1000-7f6c2bbe2000 rw-p 00000000 00:00 0 
7f6c2bc11000-7f6c2bc19000 rw-s 00000000 fd:00 2136496                    /tmp/hsperfdata_imagine/22787
7f6c2bc19000-7f6c2bc1a000 rw-p 00000000 00:00 0 
7f6c2bc1a000-7f6c2bc1b000 r--p 00000000 00:00 0 
7f6c2bc1b000-7f6c2bd05000 r-xp 00000000 fd:00 1996637                    /usr/local/MATLAB/R2010b-2/sys/os/glnxa64/libstdc++.so.6.0.10
7f6c2bd05000-7f6c2bf05000 ---p 000ea000 fd:00 1996637                    /usr/local/MATLAB/R2010b-2/sys/os/glnxa64/libstdc++.so.6.0.10
7f6c2bf05000-7f6c2bf0c000 r--p 000ea000 fd:00 1996637                    /usr/local/MATLAB/R2010b-2/sys/os/glnxa64/libstdc++.so.6.0.10
7f6c2bf0c000-7f6c2bf0e000 rw-p 000f1000 fd:00 1996637                    /usr/local/MATLAB/R2010b-2/sys/os/glnxa64/libstdc++.so.6.0.10
7f6c2bf0e000-7f6c2bf21000 rw-p 00000000 00:00 0 
7f6c2bf21000-7f6c2c395000 r-xp 00000000 fd:00 1867719                    /usr/local/MATLAB/R2010b-2/bin/glnxa64/libmwm_interpreter.so
7f6c2c395000-7f6c2c595000 ---p 00474000 fd:00 1867719                    /usr/local/MATLAB/R2010b-2/bin/glnxa64/libmwm_interpreter.so
7f6c2c595000-7f6c2c66a000 rw-p 00474000 fd:00 1867719                    /usr/local/MATLAB/R2010b-2/bin/glnxa64/libmwm_interpreter.so
7f6c2c66a000-7f6c2c704000 rw-p 00000000 00:00 0 
7f6c2c704000-7f6c2c77e000 r-xp 00000000 fd:00 1867714                    /usr/local/MATLAB/R2010b-2/bin/glnxa64/libmwm_dispatcher.so
7f6c2c77e000-7f6c2c97d000 ---p 0007a000 fd:00 1867714                    /usr/local/MATLAB/R2010b-2/bin/glnxa64/libmwm_dispatcher.so
7f6c2c97d000-7f6c2c983000 rw-p 00079000 fd:00 1867714                    /usr/local/MATLAB/R2010b-2/bin/glnxa64/libmwm_dispatcher.so
7f6c2c983000-7f6c2c9f0000 r-xp 00000000 fd:00 1867649                    /usr/local/MATLAB/R2010b-2/bin/glnxa64/libmwmcr.so
7f6c2c9f0000-7f6c2cbef000 ---p 0006d000 fd:00 1867649                    /usr/local/MATLAB/R2010b-2/bin/glnxa64/libmwmcr.so
7f6c2cbef000-7f6c2cbf4000 rw-p 0006c000 fd:00 1867649                    /usr/local/MATLAB/R2010b-2/bin/glnxa64/libmwmcr.so
7f6c2cbf4000-7f6c2cbfb000 rw-p 00000000 00:00 0 
7f6c2cbfb000-7f6c2cc1e000 r-xp 00000000 fd:00 1867659                    /usr/local/MATLAB/R2010b-2/bin/glnxa64/libmwbridge.so
7f6c2cc1e000-7f6c2ce1e000 ---p 00023000 fd:00 1867659                    /usr/local/MATLAB/R2010b-2/bin/glnxa64/libmwbridge.so
7f6c2ce1e000-7f6c2ce21000 rw-p 00023000 fd:00 1867659                    /usr/local/MATLAB/R2010b-2/bin/glnxa64/libmwbridge.so
7f6c2ce21000-7f6c2ce28000 rw-p 00000000 00:00 0 
7f6c2ce28000-7f6c2ce7e000 r-xp 00000000 fd:00 1867636                    /usr/local/MATLAB/R2010b-2/bin/glnxa64/libmwjmi.so
7f6c2ce7e000-7f6c2d07e000 ---p 00056000 fd:00 1867636                    /usr/local/MATLAB/R2010b-2/bin/glnxa64/libmwjmi.so
7f6c2d07e000-7f6c2d082000 rw-p 00056000 fd:00 1867636                    /usr/local/MATLAB/R2010b-2/bin/glnxa64/libmwjmi.so
7f6c2d082000-7f6c2d083000 rw-p 00000000 00:00 0 
7f6c2d083000-7f6c2d21a000 r-xp 00000000 fd:00 1867706                    /usr/local/MATLAB/R2010b-2/bin/glnxa64/libmwservices.so
7f6c2d21a000-7f6c2d41a000 ---p 00197000 fd:00 1867706                    /usr/local/MATLAB/R2010b-2/bin/glnxa64/libmwservices.so
7f6c2d41a000-7f6c2d428000 rw-p 00197000 fd:00 1867706                    /usr/local/MATLAB/R2010b-2/bin/glnxa64/libmwservices.so
7f6c2d428000-7f6c2d438000 rw-p 00000000 00:00 0 
7f6c2d438000-7f6c2d470000 r-xp 00000000 fd:00 1867642                    /usr/local/MATLAB/R2010b-2/bin/glnxa64/libmwmpath.so
7f6c2d470000-7f6c2d670000 ---p 00038000 fd:00 1867642                    /usr/local/MATLAB/R2010b-2/bin/glnxa64/libmwmpath.so
7f6c2d670000-7f6c2d673000 rw-p 00038000 fd:00 1867642                    /usr/local/MATLAB/R2010b-2/bin/glnxa64/libmwmpath.so
7f6c2d673000-7f6c2d676000 rw-p 00000000 00:00 0 
7f6c2d676000-7f6c2d6d6000 r-xp 00000000 fd:00 1867811                    /usr/local/MATLAB/R2010b-2/bin/glnxa64/libmx.so
7f6c2d6d6000-7f6c2d8d5000 ---p 00060000 fd:00 1867811                    /usr/local/MATLAB/R2010b-2/bin/glnxa64/libmx.so
7f6c2d8d5000-7f6c2d8d8000 rw-p 0005f000 fd:00 1867811                    /usr/local/MATLAB/R2010b-2/bin/glnxa64/libmx.so
7f6c2d8d8000-7f6c2d967000 r-xp 00000000 fd:00 1867815                    /usr/local/MATLAB/R2010b-2/bin/glnxa64/libmwfl.so
7f6c2d967000-7f6c2db66000 ---p 0008f000 fd:00 1867815                    /usr/local/MATLAB/R2010b-2/bin/glnxa64/libmwfl.so
7f6c2db66000-7f6c2db6e000 rw-p 0008e000 fd:00 1867815                    /usr/local/MATLAB/R2010b-2/bin/glnxa64/libmwfl.so
7f6c2db6e000-7f6c2db7e000 rw-p 00000000 00:00 0 
7f6c2db7e000-7f6c2dc46000 r-xp 00000000 fd:00 1867810                    /usr/local/MATLAB/R2010b-2/bin/glnxa64/libut.so
7f6c2dc46000-7f6c2de45000 ---p 000c8000 fd:00 1867810                    /usr/local/MATLAB/R2010b-2/bin/glnxa64/libut.so
7f6c2de45000-7f6c2de50000 rw-p 000c7000 fd:00 1867810                    /usr/local/MATLAB/R2010b-2/bin/glnxa64/libut.so
7f6c2de50000-7f6c2de66000 rw-p 00000000 00:00 0 
7ffffc43a000-7ffffc45a000 rwxp 00000000 00:00 0                          [stack]
7ffffc45a000-7ffffc45e000 rw-p 00000000 00:00 0 
7ffffc594000-7ffffc595000 r-xp 00000000 00:00 0                          [vdso]
ffffffffff600000-ffffffffff601000 r-xp 00000000 00:00 0                  [vsyscall]

VM Arguments:
jvm_args: -Xms64m -XX:NewRatio=3 -XX:MaxPermSize=128m -Xmx196m -XX:MaxDirectMemorySize=2147400000 -Djava.util.prefs.PreferencesFactory=com.mathworks.util.DisabledPreferencesFactory -XX:+AllowUserSignalHandlers -Xrs -Dsun.awt.disableMixing=true -Djava.library.path=/usr/local/MATLAB/R2010b-2/bin/glnxa64 vfprintf abort -Djava.awt.headless=true -Dfile.encoding=UTF-8 
java_command: <unknown>
Launcher Type: generic

Environment Variables:
PATH=/media/DATAPART4/DarMart/Software/Fuentes/freesurfer/bin:/media/DATAPART4/DarMart/Software/Fuentes/freesurfer/fsfast/bin:/media/DATAPART4/DarMart/Software/Fuentes/freesurfer/tktools:/media/DATAPART2/Kangaroo/fsl/install/fsl/bin:/media/DATAPART4/DarMart/Software/Fuentes/freesurfer/mni/bin:/media/DATAPART2/Kangaroo/fsl/install/fsl/bin:/media/DATAPART4/DarMart/Software/Fuentes/freesurfer/bin:/media/DATAPART4/DarMart/Software/Fuentes/freesurfer/fsfast/bin:/media/DATAPART4/DarMart/Software/Fuentes/freesurfer/tktools:/media/DATAPART4/DarMart/Software/Fuentes/freesurfer/mni/bin:/usr/lib64/qt-3.3/bin:/usr/lib64/mpich2/bin:/usr/lib64/ccache:/usr/local/bin:/bin:/usr/bin:/usr/local/sbin:/usr/sbin:/sbin:/media/DATAPART2/CreaTools/All_Aug2011/thirdparty_install/bin:/media/DATAPART2/CreaTools/All_Aug2011/creatools_install/bin:/media/DATAPART2/CreaTools/All_Aug2011/creatools_install/bin:/home/imagine/bin:/media/DATAPART2/CreaTools/All_Aug2011/thirdparty_install/bin:/media/DATAPART2/CreaTools/All_Aug2011/creatools_install/bin:/media/DATAPART2/CreaTools/All_Aug2011/creatools_install/bin
LD_LIBRARY_PATH=/usr/local/MATLAB/R2010b-2/sys/os/glnxa64:/usr/local/MATLAB/R2010b-2/bin/glnxa64:/usr/local/MATLAB/R2010b-2/extern/lib/glnxa64:/usr/local/MATLAB/R2010b-2/runtime/glnxa64:/usr/local/MATLAB/R2010b-2/sys/java/jre/glnxa64/jre/lib/amd64/native_threads:/usr/local/MATLAB/R2010b-2/sys/java/jre/glnxa64/jre/lib/amd64/server:/usr/local/MATLAB/R2010b-2/sys/java/jre/glnxa64/jre/lib/amd64:/usr/lib64/mpich2/lib:/media/DATAPART2/CreaTools/All_Aug2011/thirdparty_install/lib/gdcm/:/media/DATAPART2/CreaTools/All_Aug2011/thirdparty_install/lib/InsightToolkit/:/media/DATAPART2/CreaTools/All_Aug2011/thirdparty_install/lib/vtk-5.6/:/media/DATAPART2/CreaTools/All_Aug2011/creatools_install/lib/creatools:/media/DATAPART2/CreaTools/All_Aug2011/creatools_install/lib64/creatools:/media/DATAPART2/CreaTools/All_Aug2011/creatools_install/lib/creatools:/media/DATAPART2/CreaTools/All_Aug2011/creatools_install/lib64/creatools:/media/DATAPART5/applications/vtk/build/bin
SHELL=/bin/bash
DISPLAY=
ARCH=glnxa64
OS=Linux

Signal Handlers:
SIGSEGV: [libjvm.so+0x6bddc0], sa_mask[0]=0x7ffbfeff, sa_flags=0x10000004
SIGBUS: [libjvm.so+0x6bddc0], sa_mask[0]=0x7ffbfeff, sa_flags=0x10000004
SIGFPE: [libjvm.so+0x594f90], sa_mask[0]=0x7ffbfeff, sa_flags=0x10000004
SIGPIPE: [libjvm.so+0x594f90], sa_mask[0]=0x7ffbfeff, sa_flags=0x10000004
SIGXFSZ: [libjvm.so+0x594f90], sa_mask[0]=0x7ffbfeff, sa_flags=0x10000004
SIGILL: [libjvm.so+0x594f90], sa_mask[0]=0x7ffbfeff, sa_flags=0x10000004
SIGUSR1: SIG_DFL, sa_mask[0]=0x00000000, sa_flags=0x00000000
SIGUSR2: [libjvm.so+0x597750], sa_mask[0]=0x08080002, sa_flags=0x10000004
SIGHUP: SIG_DFL, sa_mask[0]=0x00000000, sa_flags=0x00000000
SIGINT: SIG_IGN, sa_mask[0]=0x00000000, sa_flags=0x00000000
SIGTERM: SIG_DFL, sa_mask[0]=0x00000000, sa_flags=0x00000000
SIGQUIT: [libmwmcr.so+0x59410], sa_mask[0]=0x08080002, sa_flags=0x00000004


---------------  S Y S T E M  ---------------

OS:Fedora release 14 (Laughlin)

uname:Linux 2.6.35.14-106.fc14.x86_64 #1 SMP Wed Nov 23 13:07:52 UTC 2011 x86_64
libc:glibc 2.13 NPTL 2.13 
rlimit: STACK 8192k, CORE 0k, NPROC 1024, NOFILE 1024, AS infinity
load average:33.81 11.40 6.01

CPU:total 16 (8 cores per cpu, 2 threads per core) family 6 model 26 stepping 5, cmov, cx8, fxsr, mmx, sse, sse2, sse3, ssse3, sse4.1, sse4.2, ht

Memory: 4k page, physical 49621980k(151592k free), swap 51642364k(47427948k free)

vm_info: Java HotSpot(TM) 64-Bit Server VM (14.3-b01) for linux-amd64 JRE (1.6.0_17-b04), built on Oct 11 2009 01:08:48 by "java_re" with gcc 3.2.2 (SuSE Linux)

time: Mon Jul 22 16:54:49 2013
elapsed time: 0 seconds

