#
# A fatal error has been detected by the Java Runtime Environment:
#
# java.lang.OutOfMemoryError: Cannot create GC thread. Out of system resources.
#
#  Internal Error (gcTaskThread.cpp:38), pid=23307, tid=140711517222656
#  Error: Cannot create GC thread. Out of system resources.
#
# JRE version: 6.0_17-b04
# Java VM: Java HotSpot(TM) 64-Bit Server VM (14.3-b01 mixed mode linux-amd64 )
# If you would like to submit a bug report, please visit:
#   http://java.sun.com/webapps/bugreport/crash.jsp
#

---------------  T H R E A D  ---------------

Current thread (0x00007ff9ec062000):  JavaThread "Unknown thread" [_thread_in_vm, id=23355, stack(0x00007ff9f37ff000,0x00007ff9f4000000)]

Stack: [0x00007ff9f37ff000,0x00007ff9f4000000],  sp=0x00007ff9f3ffdc10,  free space=8187k
Native frames: (J=compiled Java code, j=interpreted, Vv=VM code, C=native code)
V  [libjvm.so+0x6bd1ef]
V  [libjvm.so+0x2be6c8]
V  [libjvm.so+0x33a2fd]
V  [libjvm.so+0x338e3e]
V  [libjvm.so+0x338bd3]
V  [libjvm.so+0x5a87c7]
V  [libjvm.so+0x697695]
V  [libjvm.so+0x69732a]
V  [libjvm.so+0x377cd0]
V  [libjvm.so+0x67f5af]
V  [libjvm.so+0x3def30]
C  [libmwjmi.so+0x33c30]  _Z9InitSunVMv+0xa20
C  [libmwjmi.so+0x346ab]
C  [libmwjmi.so+0x24429]  _Z7mljInitv+0x19
C  [libmwmcr.so+0x3778c]
C  [libmwmcr.so+0x2d650]
C  [libmwmcr.so+0x2d9de]


---------------  P R O C E S S  ---------------

Java Threads: ( => current thread )

Other Threads:

=>0x00007ff9ec062000 (exited) JavaThread "Unknown thread" [_thread_in_vm, id=23355, stack(0x00007ff9f37ff000,0x00007ff9f4000000)]

VM state:not at safepoint (not fully initialized)

VM Mutex/Monitor currently owned by a thread: None

Dynamic libraries:
00400000-00403000 r-xp 00000000 fd:00 1867834                            /usr/local/MATLAB/R2010b-2/bin/glnxa64/MATLAB
00602000-00603000 rw-p 00002000 fd:00 1867834                            /usr/local/MATLAB/R2010b-2/bin/glnxa64/MATLAB
0228e000-02375000 rw-p 00000000 00:00 0                                  [heap]
34e0a00000-34e0a5d000 r-xp 00000000 fd:00 399396                         /lib64/libfreebl3.so
34e0a5d000-34e0c5d000 ---p 0005d000 fd:00 399396                         /lib64/libfreebl3.so
34e0c5d000-34e0c5e000 rw-p 0005d000 fd:00 399396                         /lib64/libfreebl3.so
34e0c5e000-34e0c63000 rw-p 00000000 00:00 0 
34e2400000-34e2407000 r-xp 00000000 fd:00 399397                         /lib64/libcrypt-2.13.so
34e2407000-34e2607000 ---p 00007000 fd:00 399397                         /lib64/libcrypt-2.13.so
34e2607000-34e2608000 r--p 00007000 fd:00 399397                         /lib64/libcrypt-2.13.so
34e2608000-34e2609000 rw-p 00008000 fd:00 399397                         /lib64/libcrypt-2.13.so
34e2609000-34e2637000 rw-p 00000000 00:00 0 
3783a00000-3783a08000 r-xp 00000000 fd:00 1481025                        /usr/lib64/libXp.so.6.2.0
3783a08000-3783c08000 ---p 00008000 fd:00 1481025                        /usr/lib64/libXp.so.6.2.0
3783c08000-3783c09000 rw-p 00008000 fd:00 1481025                        /usr/lib64/libXp.so.6.2.0
3afb200000-3afb21f000 r-xp 00000000 fd:00 404930                         /lib64/ld-2.13.so
3afb41e000-3afb41f000 r--p 0001e000 fd:00 404930                         /lib64/ld-2.13.so
3afb41f000-3afb420000 rw-p 0001f000 fd:00 404930                         /lib64/ld-2.13.so
3afb420000-3afb421000 rw-p 00000000 00:00 0 
3afb600000-3afb791000 r-xp 00000000 fd:00 404931                         /lib64/libc-2.13.so
3afb791000-3afb991000 ---p 00191000 fd:00 404931                         /lib64/libc-2.13.so
3afb991000-3afb995000 r--p 00191000 fd:00 404931                         /lib64/libc-2.13.so
3afb995000-3afb996000 rw-p 00195000 fd:00 404931                         /lib64/libc-2.13.so
3afb996000-3afb99c000 rw-p 00000000 00:00 0 
3afba00000-3afba84000 r-xp 00000000 fd:00 404932                         /lib64/libm-2.13.so
3afba84000-3afbc83000 ---p 00084000 fd:00 404932                         /lib64/libm-2.13.so
3afbc83000-3afbc84000 r--p 00083000 fd:00 404932                         /lib64/libm-2.13.so
3afbc84000-3afbc85000 rw-p 00084000 fd:00 404932                         /lib64/libm-2.13.so
3afbe00000-3afbe02000 r-xp 00000000 fd:00 404937                         /lib64/libdl-2.13.so
3afbe02000-3afc002000 ---p 00002000 fd:00 404937                         /lib64/libdl-2.13.so
3afc002000-3afc003000 r--p 00002000 fd:00 404937                         /lib64/libdl-2.13.so
3afc003000-3afc004000 rw-p 00003000 fd:00 404937                         /lib64/libdl-2.13.so
3afc200000-3afc217000 r-xp 00000000 fd:00 404936                         /lib64/libpthread-2.13.so
3afc217000-3afc416000 ---p 00017000 fd:00 404936                         /lib64/libpthread-2.13.so
3afc416000-3afc417000 r--p 00016000 fd:00 404936                         /lib64/libpthread-2.13.so
3afc417000-3afc418000 rw-p 00017000 fd:00 404936                         /lib64/libpthread-2.13.so
3afc418000-3afc41c000 rw-p 00000000 00:00 0 
3afca00000-3afca07000 r-xp 00000000 fd:00 404952                         /lib64/librt-2.13.so
3afca07000-3afcc06000 ---p 00007000 fd:00 404952                         /lib64/librt-2.13.so
3afcc06000-3afcc07000 r--p 00006000 fd:00 404952                         /lib64/librt-2.13.so
3afcc07000-3afcc08000 rw-p 00007000 fd:00 404952                         /lib64/librt-2.13.so
3afce00000-3afce16000 r-xp 00000000 fd:00 404933                         /lib64/libz.so.1.2.5
3afce16000-3afd016000 ---p 00016000 fd:00 404933                         /lib64/libz.so.1.2.5
3afd016000-3afd017000 rw-p 00016000 fd:00 404933                         /lib64/libz.so.1.2.5
3afda00000-3afda02000 r-xp 00000000 fd:00 1442727                        /usr/lib64/libXau.so.6.0.0
3afda02000-3afdc02000 ---p 00002000 fd:00 1442727                        /usr/lib64/libXau.so.6.0.0
3afdc02000-3afdc03000 rw-p 00002000 fd:00 1442727                        /usr/lib64/libXau.so.6.0.0
3afde00000-3afde1b000 r-xp 00000000 fd:00 1480242                        /usr/lib64/libxcb.so.1.1.0
3afde1b000-3afe01a000 ---p 0001b000 fd:00 1480242                        /usr/lib64/libxcb.so.1.1.0
3afe01a000-3afe01b000 rw-p 0001a000 fd:00 1480242                        /usr/lib64/libxcb.so.1.1.0
3afe600000-3afe739000 r-xp 00000000 fd:00 1480243                        /usr/lib64/libX11.so.6.3.0
3afe739000-3afe939000 ---p 00139000 fd:00 1480243                        /usr/lib64/libX11.so.6.3.0
3afe939000-3afe93f000 rw-p 00139000 fd:00 1480243                        /usr/lib64/libX11.so.6.3.0
3afee00000-3afee11000 r-xp 00000000 fd:00 1480244                        /usr/lib64/libXext.so.6.4.0
3afee11000-3aff011000 ---p 00011000 fd:00 1480244                        /usr/lib64/libXext.so.6.4.0
3aff011000-3aff012000 rw-p 00011000 fd:00 1480244                        /usr/lib64/libXext.so.6.4.0
3b00200000-3b00204000 r-xp 00000000 fd:00 404954                         /lib64/libuuid.so.1.3.0
3b00204000-3b00403000 ---p 00004000 fd:00 404954                         /lib64/libuuid.so.1.3.0
3b00403000-3b00404000 rw-p 00003000 fd:00 404954                         /lib64/libuuid.so.1.3.0
3b02a00000-3b02a17000 r-xp 00000000 fd:00 1480245                        /usr/lib64/libICE.so.6.3.0
3b02a17000-3b02c17000 ---p 00017000 fd:00 1480245                        /usr/lib64/libICE.so.6.3.0
3b02c17000-3b02c18000 rw-p 00017000 fd:00 1480245                        /usr/lib64/libICE.so.6.3.0
3b02c18000-3b02c1c000 rw-p 00000000 00:00 0 
3b02e00000-3b02e07000 r-xp 00000000 fd:00 1480246                        /usr/lib64/libSM.so.6.0.0
3b02e07000-3b03007000 ---p 00007000 fd:00 1480246                        /usr/lib64/libSM.so.6.0.0
3b03007000-3b03008000 rw-p 00007000 fd:00 1480246                        /usr/lib64/libSM.so.6.0.0
3b08a00000-3b08a11000 r-xp 00000000 fd:00 1478722                        /usr/lib64/libXpm.so.4.11.0
3b08a11000-3b08c10000 ---p 00011000 fd:00 1478722                        /usr/lib64/libXpm.so.4.11.0
3b08c10000-3b08c11000 rw-p 00010000 fd:00 1478722                        /usr/lib64/libXpm.so.4.11.0
3b0b800000-3b0b823000 r-xp 00000000 fd:00 404938                         /lib64/libtinfo.so.5.7
3b0b823000-3b0ba22000 ---p 00023000 fd:00 404938                         /lib64/libtinfo.so.5.7
3b0ba22000-3b0ba27000 rw-p 00022000 fd:00 404938                         /lib64/libtinfo.so.5.7
3b0d400000-3b0d422000 r-xp 00000000 fd:00 393563                         /lib64/libncurses.so.5.7
3b0d422000-3b0d622000 ---p 00022000 fd:00 393563                         /lib64/libncurses.so.5.7
3b0d622000-3b0d623000 rw-p 00022000 fd:00 393563                         /lib64/libncurses.so.5.7
3c70a00000-3c70a18000 r-xp 00000000 fd:00 1443160                        /usr/lib64/libXmu.so.6.2.0
3c70a18000-3c70c18000 ---p 00018000 fd:00 1443160                        /usr/lib64/libXmu.so.6.2.0
3c70c18000-3c70c1a000 rw-p 00018000 fd:00 1443160                        /usr/lib64/libXmu.so.6.2.0
3c72600000-3c7265f000 r-xp 00000000 fd:00 1442726                        /usr/lib64/libXt.so.6.0.0
3c7265f000-3c7285e000 ---p 0005f000 fd:00 1442726                        /usr/lib64/libXt.so.6.0.0
3c7285e000-3c72865000 rw-p 0005e000 fd:00 1442726                        /usr/lib64/libXt.so.6.0.0
3c7ea00000-3c7ea16000 r-xp 00000000 fd:00 399309                         /lib64/libnsl-2.13.so
3c7ea16000-3c7ec15000 ---p 00016000 fd:00 399309                         /lib64/libnsl-2.13.so
3c7ec15000-3c7ec16000 r--p 00015000 fd:00 399309                         /lib64/libnsl-2.13.so
3c7ec16000-3c7ec17000 rw-p 00016000 fd:00 399309                         /lib64/libnsl-2.13.so
3c7ec17000-3c7ec19000 rw-p 00000000 00:00 0 
7ff9a0000000-7ff9a0021000 rw-p 00000000 00:00 0 
7ff9a0021000-7ff9a4000000 ---p 00000000 00:00 0 
7ff9a4000000-7ff9a4021000 rw-p 00000000 00:00 0 
7ff9a4021000-7ff9a8000000 ---p 00000000 00:00 0 
7ff9a8000000-7ff9a8021000 rw-p 00000000 00:00 0 
7ff9a8021000-7ff9ac000000 ---p 00000000 00:00 0 
7ff9ac000000-7ff9ac021000 rw-p 00000000 00:00 0 
7ff9ac021000-7ff9b0000000 ---p 00000000 00:00 0 
7ff9b0000000-7ff9b0021000 rw-p 00000000 00:00 0 
7ff9b0021000-7ff9b4000000 ---p 00000000 00:00 0 
7ff9b4000000-7ff9b4021000 rw-p 00000000 00:00 0 
7ff9b4021000-7ff9b8000000 ---p 00000000 00:00 0 
7ff9b8000000-7ff9b8021000 rw-p 00000000 00:00 0 
7ff9b8021000-7ff9bc000000 ---p 00000000 00:00 0 
7ff9bc000000-7ff9bc021000 rw-p 00000000 00:00 0 
7ff9bc021000-7ff9c0000000 ---p 00000000 00:00 0 
7ff9c0000000-7ff9c0021000 rw-p 00000000 00:00 0 
7ff9c0021000-7ff9c4000000 ---p 00000000 00:00 0 
7ff9c4000000-7ff9c4021000 rw-p 00000000 00:00 0 
7ff9c4021000-7ff9c8000000 ---p 00000000 00:00 0 
7ff9c8000000-7ff9c8021000 rw-p 00000000 00:00 0 
7ff9c8021000-7ff9cc000000 ---p 00000000 00:00 0 
7ff9cfc00000-7ff9d10c0000 rwxp 00000000 00:00 0 
7ff9d10c0000-7ff9d7c00000 rwxp 00000000 00:00 0 
7ff9d7c00000-7ff9dac00000 rwxp 00000000 00:00 0 
7ff9dac00000-7ff9e0f00000 rwxp 00000000 00:00 0 
7ff9e0f00000-7ff9e1f00000 rwxp 00000000 00:00 0 
7ff9e1f00000-7ff9e4000000 rwxp 00000000 00:00 0 
7ff9e4000000-7ff9e4021000 rw-p 00000000 00:00 0 
7ff9e4021000-7ff9e8000000 ---p 00000000 00:00 0 
7ff9e9000000-7ff9e9270000 rwxp 00000000 00:00 0 
7ff9e9270000-7ff9ec000000 rwxp 00000000 00:00 0 
7ff9ec000000-7ff9ec139000 rw-p 00000000 00:00 0 
7ff9ec139000-7ff9f0000000 ---p 00000000 00:00 0 
7ff9f022a000-7ff9f022b000 ---p 00000000 00:00 0 
7ff9f022b000-7ff9f032b000 rwxp 00000000 00:00 0 
7ff9f032b000-7ff9f032c000 ---p 00000000 00:00 0 
7ff9f032c000-7ff9f042c000 rwxp 00000000 00:00 0 
7ff9f042c000-7ff9f042d000 ---p 00000000 00:00 0 
7ff9f042d000-7ff9f052d000 rwxp 00000000 00:00 0 
7ff9f052d000-7ff9f052e000 ---p 00000000 00:00 0 
7ff9f052e000-7ff9f062e000 rwxp 00000000 00:00 0 
7ff9f062e000-7ff9f062f000 ---p 00000000 00:00 0 
7ff9f062f000-7ff9f072f000 rwxp 00000000 00:00 0 
7ff9f072f000-7ff9f0730000 ---p 00000000 00:00 0 
7ff9f0730000-7ff9f0830000 rwxp 00000000 00:00 0 
7ff9f0830000-7ff9f0831000 ---p 00000000 00:00 0 
7ff9f0831000-7ff9f0931000 rwxp 00000000 00:00 0 
7ff9f0931000-7ff9f0932000 ---p 00000000 00:00 0 
7ff9f0932000-7ff9f0a32000 rwxp 00000000 00:00 0 
7ff9f0a32000-7ff9f0a33000 ---p 00000000 00:00 0 
7ff9f0a33000-7ff9f0b33000 rwxp 00000000 00:00 0 
7ff9f0b33000-7ff9f0b34000 ---p 00000000 00:00 0 
7ff9f0b34000-7ff9f0c34000 rwxp 00000000 00:00 0 
7ff9f0c34000-7ff9f0c35000 ---p 00000000 00:00 0 
7ff9f0c35000-7ff9f0d35000 rwxp 00000000 00:00 0 
7ff9f0d35000-7ff9f0d36000 ---p 00000000 00:00 0 
7ff9f0d36000-7ff9f0e41000 rwxp 00000000 00:00 0 
7ff9f0e41000-7ff9f0e76000 rwxp 00000000 00:00 0 
7ff9f0e76000-7ff9f0e8e000 rwxp 00000000 00:00 0 
7ff9f0e8e000-7ff9f0ec0000 rwxp 00000000 00:00 0 
7ff9f0ec0000-7ff9f0eca000 rwxp 00000000 00:00 0 
7ff9f0eca000-7ff9f0f80000 rwxp 00000000 00:00 0 
7ff9f0f80000-7ff9f0f8e000 r-xp 00000000 fd:00 2245045                    /usr/local/MATLAB/R2010b-2/sys/java/jre/glnxa64/jre/lib/amd64/libzip.so
7ff9f0f8e000-7ff9f1090000 ---p 0000e000 fd:00 2245045                    /usr/local/MATLAB/R2010b-2/sys/java/jre/glnxa64/jre/lib/amd64/libzip.so
7ff9f1090000-7ff9f1093000 rw-p 00010000 fd:00 2245045                    /usr/local/MATLAB/R2010b-2/sys/java/jre/glnxa64/jre/lib/amd64/libzip.so
7ff9f1093000-7ff9f1094000 rw-p 00000000 00:00 0 
7ff9f1094000-7ff9f109f000 r-xp 00000000 fd:00 393245                     /lib64/libnss_files-2.13.so
7ff9f109f000-7ff9f129e000 ---p 0000b000 fd:00 393245                     /lib64/libnss_files-2.13.so
7ff9f129e000-7ff9f129f000 r--p 0000a000 fd:00 393245                     /lib64/libnss_files-2.13.so
7ff9f129f000-7ff9f12a0000 rw-p 0000b000 fd:00 393245                     /lib64/libnss_files-2.13.so
7ff9f12a0000-7ff9f12a7000 r-xp 00000000 fd:00 2245127                    /usr/local/MATLAB/R2010b-2/sys/java/jre/glnxa64/jre/lib/amd64/native_threads/libhpi.so
7ff9f12a7000-7ff9f13a8000 ---p 00007000 fd:00 2245127                    /usr/local/MATLAB/R2010b-2/sys/java/jre/glnxa64/jre/lib/amd64/native_threads/libhpi.so
7ff9f13a8000-7ff9f13aa000 rw-p 00008000 fd:00 2245127                    /usr/local/MATLAB/R2010b-2/sys/java/jre/glnxa64/jre/lib/amd64/native_threads/libhpi.so
7ff9f13aa000-7ff9f13ab000 rw-p 00000000 00:00 0 
7ff9f13ab000-7ff9f13ac000 ---p 00000000 00:00 0 
7ff9f13ac000-7ff9f1bac000 rwxp 00000000 00:00 0 
7ff9f1bac000-7ff9f1bb9000 r-xp 00000000 fd:00 2245133                    /usr/local/MATLAB/R2010b-2/sys/java/jre/glnxa64/jre/lib/amd64/libverify.so
7ff9f1bb9000-7ff9f1cb8000 ---p 0000d000 fd:00 2245133                    /usr/local/MATLAB/R2010b-2/sys/java/jre/glnxa64/jre/lib/amd64/libverify.so
7ff9f1cb8000-7ff9f1cbb000 rw-p 0000c000 fd:00 2245133                    /usr/local/MATLAB/R2010b-2/sys/java/jre/glnxa64/jre/lib/amd64/libverify.so
7ff9f1cbb000-7ff9f2419000 r-xp 00000000 fd:00 2245147                    /usr/local/MATLAB/R2010b-2/sys/java/jre/glnxa64/jre/lib/amd64/server/libjvm.so
7ff9f2419000-7ff9f2518000 ---p 0075e000 fd:00 2245147                    /usr/local/MATLAB/R2010b-2/sys/java/jre/glnxa64/jre/lib/amd64/server/libjvm.so
7ff9f2518000-7ff9f2690000 rw-p 0075d000 fd:00 2245147                    /usr/local/MATLAB/R2010b-2/sys/java/jre/glnxa64/jre/lib/amd64/server/libjvm.so
7ff9f2690000-7ff9f26ce000 rw-p 00000000 00:00 0 
7ff9f26ce000-7ff9f26f7000 r-xp 00000000 fd:00 2245063                    /usr/local/MATLAB/R2010b-2/sys/java/jre/glnxa64/jre/lib/amd64/libjava.so
7ff9f26f7000-7ff9f27f6000 ---p 00029000 fd:00 2245063                    /usr/local/MATLAB/R2010b-2/sys/java/jre/glnxa64/jre/lib/amd64/libjava.so
7ff9f27f6000-7ff9f27fd000 rw-p 00028000 fd:00 2245063                    /usr/local/MATLAB/R2010b-2/sys/java/jre/glnxa64/jre/lib/amd64/libjava.so
7ff9f27fd000-7ff9f27fe000 ---p 00000000 00:00 0 
7ff9f27fe000-7ff9f2ffe000 rwxp 00000000 00:00 0 
7ff9f2ffe000-7ff9f2fff000 ---p 00000000 00:00 0 
7ff9f2fff000-7ff9f37ff000 rwxp 00000000 00:00 0 
7ff9f37ff000-7ff9f3802000 ---p 00000000 00:00 0 
7ff9f3802000-7ff9f4000000 rwxp 00000000 00:00 0 
7ff9f4000000-7ff9f4021000 rw-p 00000000 00:00 0 
7ff9f4021000-7ff9f8000000 ---p 00000000 00:00 0 
7ff9f8016000-7ff9f8021000 rwxp 00000000 00:00 0 
7ff9f8021000-7ff9f8056000 rwxp 00000000 00:00 0 
7ff9f8056000-7ff9f806e000 rwxp 00000000 00:00 0 
7ff9f806e000-7ff9f809f000 rwxp 00000000 00:00 0 
7ff9f809f000-7ff9f80a8000 rwxp 00000000 00:00 0 
7ff9f80a8000-7ff9f80b8000 rwxp 00000000 00:00 0 
7ff9f80b8000-7ff9f80b9000 rwxp 00000000 00:00 0 
7ff9f80b9000-7ff9f80ba000 rw-p 00000000 00:00 0 
7ff9f80ba000-7ff9f80bb000 ---p 00000000 00:00 0 
7ff9f80bb000-7ff9f88bb000 rwxp 00000000 00:00 0 
7ff9f88bb000-7ff9fe74c000 r--p 00000000 fd:00 1478946                    /usr/lib/locale/locale-archive
7ff9fe74c000-7ff9fe756000 rw-p 00000000 00:00 0 
7ff9fe756000-7ff9fe75f000 r-xp 00000000 fd:00 1867630                    /usr/local/MATLAB/R2010b-2/bin/glnxa64/libmwbinder.so
7ff9fe75f000-7ff9fe95e000 ---p 00009000 fd:00 1867630                    /usr/local/MATLAB/R2010b-2/bin/glnxa64/libmwbinder.so
7ff9fe95e000-7ff9fe95f000 rw-p 00008000 fd:00 1867630                    /usr/local/MATLAB/R2010b-2/bin/glnxa64/libmwbinder.so
7ff9fe95f000-7ff9fe960000 rw-p 00000000 00:00 0 
7ff9fe960000-7ff9fedc5000 r-xp 00000000 fd:00 1867838                    /usr/local/MATLAB/R2010b-2/bin/glnxa64/libhdf5.so.6.0.2
7ff9fedc5000-7ff9fefc4000 ---p 00465000 fd:00 1867838                    /usr/local/MATLAB/R2010b-2/bin/glnxa64/libhdf5.so.6.0.2
7ff9fefc4000-7ff9fefce000 rw-p 00464000 fd:00 1867838                    /usr/local/MATLAB/R2010b-2/bin/glnxa64/libhdf5.so.6.0.2
7ff9fefce000-7ff9fefd0000 rw-p 00000000 00:00 0 
7ff9fefd0000-7ff9fefee000 r-xp 00000000 fd:00 1867839                    /usr/local/MATLAB/R2010b-2/bin/glnxa64/libhdf5_hl.so.6.0.2
7ff9fefee000-7ff9ff1ee000 ---p 0001e000 fd:00 1867839                    /usr/local/MATLAB/R2010b-2/bin/glnxa64/libhdf5_hl.so.6.0.2
7ff9ff1ee000-7ff9ff1ef000 rw-p 0001e000 fd:00 1867839                    /usr/local/MATLAB/R2010b-2/bin/glnxa64/libhdf5_hl.so.6.0.2
7ff9ff1ef000-7ff9ff202000 rw-p 00000000 00:00 0 
7ff9ff202000-7ff9ff483000 r-xp 00000000 fd:00 1996723                    /usr/local/MATLAB/R2010b-2/sys/os/glnxa64/libXm.so.3.0.2
7ff9ff483000-7ff9ff683000 ---p 00281000 fd:00 1996723                    /usr/local/MATLAB/R2010b-2/sys/os/glnxa64/libXm.so.3.0.2
7ff9ff683000-7ff9ff6ad000 rw-p 00281000 fd:00 1996723                    /usr/local/MATLAB/R2010b-2/sys/os/glnxa64/libXm.so.3.0.2
7ff9ff6ad000-7ff9ff6af000 rw-p 00000000 00:00 0 
7ff9ff6af000-7ff9ff757000 r-xp 00000000 fd:00 1867670                    /usr/local/MATLAB/R2010b-2/bin/glnxa64/libmwlapack.so
7ff9ff757000-7ff9ff957000 ---p 000a8000 fd:00 1867670                    /usr/local/MATLAB/R2010b-2/bin/glnxa64/libmwlapack.so
7ff9ff957000-7ff9ff960000 rw-p 000a8000 fd:00 1867670                    /usr/local/MATLAB/R2010b-2/bin/glnxa64/libmwlapack.so
7ff9ff960000-7ff9ffb72000 r-xp 00000000 fd:00 1867652                    /usr/local/MATLAB/R2010b-2/bin/glnxa64/libmwhgdatatypes.so
7ff9ffb72000-7ff9ffd71000 ---p 00212000 fd:00 1867652                    /usr/local/MATLAB/R2010b-2/bin/glnxa64/libmwhgdatatypes.so
7ff9ffd71000-7ff9ffd8c000 rw-p 00211000 fd:00 1867652                    /usr/local/MATLAB/R2010b-2/bin/glnxa64/libmwhgdatatypes.so
7ff9ffd8c000-7ff9ffd8e000 rw-p 00000000 00:00 0 
7ff9ffd8e000-7ff9ffdb7000 r-xp 00000000 fd:00 1867732                    /usr/local/MATLAB/R2010b-2/bin/glnxa64/libmwhardcopy.so
7ff9ffdb7000-7ff9fffb7000 ---p 00029000 fd:00 1867732                    /usr/local/MATLAB/R2010b-2/bin/glnxa64/libmwhardcopy.so
7ff9fffb7000-7ff9fffb9000 rw-p 00029000 fd:00 1867732                    /usr/local/MATLAB/R2010b-2/bin/glnxa64/libmwhardcopy.so
7ff9fffb9000-7ff9fffba000 rw-p 00000000 00:00 0 
7ff9fffba000-7ff9fffc7000 r-xp 00000000 fd:00 1867680                    /usr/local/MATLAB/R2010b-2/bin/glnxa64/libmwir_xfmr.so
7ff9fffc7000-7ffa001c7000 ---p 0000d000 fd:00 1867680                    /usr/local/MATLAB/R2010b-2/bin/glnxa64/libmwir_xfmr.so
7ffa001c7000-7ffa001c8000 rw-p 0000d000 fd:00 1867680                    /usr/local/MATLAB/R2010b-2/bin/glnxa64/libmwir_xfmr.so
7ffa001c8000-7ffa001ca000 rw-p 00000000 00:00 0 
7ffa001ca000-7ffa00214000 r-xp 00000000 fd:00 1867654                    /usr/local/MATLAB/R2010b-2/bin/glnxa64/libmwspmatrix.so
7ffa00214000-7ffa00413000 ---p 0004a000 fd:00 1867654                    /usr/local/MATLAB/R2010b-2/bin/glnxa64/libmwspmatrix.so
7ffa00413000-7ffa00414000 rw-p 00049000 fd:00 1867654                    /usr/local/MATLAB/R2010b-2/bin/glnxa64/libmwspmatrix.so
7ffa00414000-7ffa0042c000 r-xp 00000000 fd:00 1867674                    /usr/local/MATLAB/R2010b-2/bin/glnxa64/libmwm_pcodegen.so
7ffa0042c000-7ffa0062b000 ---p 00018000 fd:00 1867674                    /usr/local/MATLAB/R2010b-2/bin/glnxa64/libmwm_pcodegen.so
7ffa0062b000-7ffa0062d000 rw-p 00017000 fd:00 1867674                    /usr/local/MATLAB/R2010b-2/bin/glnxa64/libmwm_pcodegen.so
7ffa0062d000-7ffa0062e000 rw-p 00000000 00:00 0 
7ffa0062e000-7ffa00641000 r-xp 00000000 fd:00 1867716                    /usr/local/MATLAB/R2010b-2/bin/glnxa64/libmwm_pcodeio.so
7ffa00641000-7ffa00841000 ---p 00013000 fd:00 1867716                    /usr/local/MATLAB/R2010b-2/bin/glnxa64/libmwm_pcodeio.so
7ffa00841000-7ffa00842000 rw-p 00013000 fd:00 1867716                    /usr/local/MATLAB/R2010b-2/bin/glnxa64/libmwm_pcodeio.so
7ffa00842000-7ffa0084d000 r-xp 00000000 fd:00 1867633                    /usr/local/MATLAB/R2010b-2/bin/glnxa64/libmwmlib.so
7ffa0084d000-7ffa00a4c000 ---p 0000b000 fd:00 1867633                    /usr/local/MATLAB/R2010b-2/bin/glnxa64/libmwmlib.so
7ffa00a4c000-7ffa00a4e000 rw-p 0000a000 fd:00 1867633                    /usr/local/MATLAB/R2010b-2/bin/glnxa64/libmwmlib.so
7ffa00a4e000-7ffa00a6e000 r-xp 00000000 fd:00 1867709                    /usr/local/MATLAB/R2010b-2/bin/glnxa64/libmwmathrng.so
7ffa00a6e000-7ffa00c6e000 ---p 00020000 fd:00 1867709                    /usr/local/MATLAB/R2010b-2/bin/glnxa64/libmwmathrng.so
7ffa00c6e000-7ffa00c70000 rw-p 00020000 fd:00 1867709                    /usr/local/MATLAB/R2010b-2/bin/glnxa64/libmwmathrng.so
7ffa00c70000-7ffa00c72000 rw-p 00000000 00:00 0 
7ffa00c72000-7ffa00caf000 r-xp 00000000 fd:00 1867729                    /usr/local/MATLAB/R2010b-2/bin/glnxa64/libmwprofiler.so
7ffa00caf000-7ffa00eaf000 ---p 0003d000 fd:00 1867729                    /usr/local/MATLAB/R2010b-2/bin/glnxa64/libmwprofiler.so
7ffa00eaf000-7ffa00eb2000 rw-p 0003d000 fd:00 1867729                    /usr/local/MATLAB/R2010b-2/bin/glnxa64/libmwprofiler.so
7ffa00eb2000-7ffa00eea000 r-xp 00000000 fd:00 1867812                    /usr/local/MATLAB/R2010b-2/bin/glnxa64/libmat.so
7ffa00eea000-7ffa010e9000 ---p 00038000 fd:00 1867812                    /usr/local/MATLAB/R2010b-2/bin/glnxa64/libmat.so
7ffa010e9000-7ffa010ec000 rw-p 00037000 fd:00 1867812                    /usr/local/MATLAB/R2010b-2/bin/glnxa64/libmat.so
7ffa010ec000-7ffa010ed000 rw-p 00000000 00:00 0 
7ffa010ed000-7ffa014a8000 r-xp 00000000 fd:00 1867806                    /usr/local/MATLAB/R2010b-2/bin/glnxa64/libxerces-c.so.27.0
7ffa014a8000-7ffa016a7000 ---p 003bb000 fd:00 1867806                    /usr/local/MATLAB/R2010b-2/bin/glnxa64/libxerces-c.so.27.0
7ffa016a7000-7ffa016eb000 rw-p 003ba000 fd:00 1867806                    /usr/local/MATLAB/R2010b-2/bin/glnxa64/libxerces-c.so.27.0
7ffa016eb000-7ffa016ec000 rw-p 00000000 00:00 0 
7ffa016ec000-7ffa017b9000 r-xp 00000000 fd:00 1866791                    /usr/local/MATLAB/R2010b-2/bin/glnxa64/libboost_regex.so.1.40.0
7ffa017b9000-7ffa019b9000 ---p 000cd000 fd:00 1866791                    /usr/local/MATLAB/R2010b-2/bin/glnxa64/libboost_regex.so.1.40.0
7ffa019b9000-7ffa019bf000 rw-p 000cd000 fd:00 1866791                    /usr/local/MATLAB/R2010b-2/bin/glnxa64/libboost_regex.so.1.40.0
7ffa019bf000-7ffa01a30000 r-xp 00000000 fd:00 1867673                    /usr/local/MATLAB/R2010b-2/bin/glnxa64/libmwxmlcore.so
7ffa01a30000-7ffa01c30000 ---p 00071000 fd:00 1867673                    /usr/local/MATLAB/R2010b-2/bin/glnxa64/libmwxmlcore.so
7ffa01c30000-7ffa01c38000 rw-p 00071000 fd:00 1867673                    /usr/local/MATLAB/R2010b-2/bin/glnxa64/libmwxmlcore.so
7ffa01c38000-7ffa01c3a000 rw-p 00000000 00:00 0 
7ffa01c3a000-7ffa01d7e000 r-xp 00000000 fd:00 1867723                    /usr/local/MATLAB/R2010b-2/bin/glnxa64/libmwuix.so
7ffa01d7e000-7ffa01f7e000 ---p 00144000 fd:00 1867723                    /usr/local/MATLAB/R2010b-2/bin/glnxa64/libmwuix.so
7ffa01f7e000-7ffa01f92000 rw-p 00144000 fd:00 1867723                    /usr/local/MATLAB/R2010b-2/bin/glnxa64/libmwuix.so
7ffa01f92000-7ffa01f97000 rw-p 00000000 00:00 0 
7ffa01f97000-7ffa01fdc000 r-xp 00000000 fd:00 1867694                    /usr/local/MATLAB/R2010b-2/bin/glnxa64/libmwm_ir.so
7ffa01fdc000-7ffa021dc000 ---p 00045000 fd:00 1867694                    /usr/local/MATLAB/R2010b-2/bin/glnxa64/libmwm_ir.so
7ffa021dc000-7ffa021e4000 rw-p 00045000 fd:00 1867694                    /usr/local/MATLAB/R2010b-2/bin/glnxa64/libmwm_ir.so
7ffa021e4000-7ffa021e5000 rw-p 00000000 00:00 0 
7ffa021e5000-7ffa021ea000 r-xp 00000000 fd:00 1867727                    /usr/local/MATLAB/R2010b-2/bin/glnxa64/libmwuinone.so
7ffa021ea000-7ffa023ea000 ---p 00005000 fd:00 1867727                    /usr/local/MATLAB/R2010b-2/bin/glnxa64/libmwuinone.so
7ffa023ea000-7ffa023eb000 rw-p 00005000 fd:00 1867727                    /usr/local/MATLAB/R2010b-2/bin/glnxa64/libmwuinone.so
7ffa023eb000-7ffa0247e000 r-xp 00000000 fd:00 1867734                    /usr/local/MATLAB/R2010b-2/bin/glnxa64/libmwudd_mi.so
7ffa0247e000-7ffa0267e000 ---p 00093000 fd:00 1867734                    /usr/local/MATLAB/R2010b-2/bin/glnxa64/libmwudd_mi.so
7ffa0267e000-7ffa02689000 rw-p 00093000 fd:00 1867734                    /usr/local/MATLAB/R2010b-2/bin/glnxa64/libmwudd_mi.so
7ffa02689000-7ffa0268a000 rw-p 00000000 00:00 0 
7ffa0268a000-7ffa026d1000 r-xp 00000000 fd:00 1867684                    /usr/local/MATLAB/R2010b-2/bin/glnxa64/libuij.so
7ffa026d1000-7ffa028d1000 ---p 00047000 fd:00 1867684                    /usr/local/MATLAB/R2010b-2/bin/glnxa64/libuij.so
7ffa028d1000-7ffa028d3000 rw-p 00047000 fd:00 1867684                    /usr/local/MATLAB/R2010b-2/bin/glnxa64/libuij.so
7ffa028d3000-7ffa028d5000 rw-p 00000000 00:00 0 
7ffa028d5000-7ffa02979000 r-xp 00000000 fd:00 1867703                    /usr/local/MATLAB/R2010b-2/bin/glnxa64/libmwhgutils.so
7ffa02979000-7ffa02b78000 ---p 000a4000 fd:00 1867703                    /usr/local/MATLAB/R2010b-2/bin/glnxa64/libmwhgutils.so
7ffa02b78000-7ffa02b81000 rw-p 000a3000 fd:00 1867703                    /usr/local/MATLAB/R2010b-2/bin/glnxa64/libmwhgutils.so
7ffa02b81000-7ffa03323000 r-xp 00000000 fd:00 1867631                    /usr/local/MATLAB/R2010b-2/bin/glnxa64/libmwhg.so
7ffa03323000-7ffa03522000 ---p 007a2000 fd:00 1867631                    /usr/local/MATLAB/R2010b-2/bin/glnxa64/libmwhg.so
7ffa03522000-7ffa035c9000 rw-p 007a1000 fd:00 1867631                    /usr/local/MATLAB/R2010b-2/bin/glnxa64/libmwhg.so
7ffa035c9000-7ffa035d2000 rw-p 00000000 00:00 0 
7ffa035d2000-7ffa036d8000 r-xp 00000000 fd:00 1867660                    /usr/local/MATLAB/R2010b-2/bin/glnxa64/libmwgui.so
7ffa036d8000-7ffa038d8000 ---p 00106000 fd:00 1867660                    /usr/local/MATLAB/R2010b-2/bin/glnxa64/libmwgui.so
7ffa038d8000-7ffa03913000 rw-p 00106000 fd:00 1867660                    /usr/local/MATLAB/R2010b-2/bin/glnxa64/libmwgui.so
7ffa03913000-7ffa03915000 rw-p 00000000 00:00 0 
7ffa03915000-7ffa03b32000 r-xp 00000000 fd:00 1867704                    /usr/local/MATLAB/R2010b-2/bin/glnxa64/libmwmcos.so
7ffa03b32000-7ffa03d32000 ---p 0021d000 fd:00 1867704                    /usr/local/MATLAB/R2010b-2/bin/glnxa64/libmwmcos.so
7ffa03d32000-7ffa03d57000 rw-p 0021d000 fd:00 1867704                    /usr/local/MATLAB/R2010b-2/bin/glnxa64/libmwmcos.so
7ffa03d57000-7ffa03d5e000 r-xp 00000000 fd:00 1867676                    /usr/local/MATLAB/R2010b-2/bin/glnxa64/libmwmtok.so
7ffa03d5e000-7ffa03f5e000 ---p 00007000 fd:00 1867676                    /usr/local/MATLAB/R2010b-2/bin/glnxa64/libmwmtok.so
7ffa03f5e000-7ffa03f5f000 rw-p 00007000 fd:00 1867676                    /usr/local/MATLAB/R2010b-2/bin/glnxa64/libmwmtok.so
7ffa03f5f000-7ffa03fd7000 r-xp 00000000 fd:00 1867637                    /usr/local/MATLAB/R2010b-2/bin/glnxa64/libmwmlint.so
7ffa03fd7000-7ffa041d6000 ---p 00078000 fd:00 1867637                    /usr/local/MATLAB/R2010b-2/bin/glnxa64/libmwmlint.so
7ffa041d6000-7ffa041de000 rw-p 00077000 fd:00 1867637                    /usr/local/MATLAB/R2010b-2/bin/glnxa64/libmwmlint.so
7ffa041de000-7ffa041df000 rw-p 00000000 00:00 0 
7ffa041df000-7ffa042a3000 r-xp 00000000 fd:00 1867658                    /usr/local/MATLAB/R2010b-2/bin/glnxa64/libmwudd.so
7ffa042a3000-7ffa044a3000 ---p 000c4000 fd:00 1867658                    /usr/local/MATLAB/R2010b-2/bin/glnxa64/libmwudd.so
7ffa044a3000-7ffa044b9000 rw-p 000c4000 fd:00 1867658                    /usr/local/MATLAB/R2010b-2/bin/glnxa64/libmwudd.so
7ffa044b9000-7ffa044bc000 rw-p 00000000 00:00 0 
7ffa044bc000-7ffa046fe000 r-xp 00000000 fd:00 1867664                    /usr/local/MATLAB/R2010b-2/bin/glnxa64/libmwm_parser.so
7ffa046fe000-7ffa048fd000 ---p 00242000 fd:00 1867664                    /usr/local/MATLAB/R2010b-2/bin/glnxa64/libmwm_parser.so
7ffa048fd000-7ffa04d7d000 rw-p 00241000 fd:00 1867664                    /usr/local/MATLAB/R2010b-2/bin/glnxa64/libmwm_parser.so
7ffa04d7d000-7ffa04d7e000 rw-p 00000000 00:00 0 
7ffa04d7e000-7ffa04d8b000 r-xp 00000000 fd:00 1867713                    /usr/local/MATLAB/R2010b-2/bin/glnxa64/libmex.so
7ffa04d8b000-7ffa04f8b000 ---p 0000d000 fd:00 1867713                    /usr/local/MATLAB/R2010b-2/bin/glnxa64/libmex.so
7ffa04f8b000-7ffa04f8c000 rw-p 0000d000 fd:00 1867713                    /usr/local/MATLAB/R2010b-2/bin/glnxa64/libmex.so
7ffa04f8c000-7ffa04ff4000 r-xp 00000000 fd:00 1867635                    /usr/local/MATLAB/R2010b-2/bin/glnxa64/libmwiqm.so
7ffa04ff4000-7ffa051f4000 ---p 00068000 fd:00 1867635                    /usr/local/MATLAB/R2010b-2/bin/glnxa64/libmwiqm.so
7ffa051f4000-7ffa051f9000 rw-p 00068000 fd:00 1867635                    /usr/local/MATLAB/R2010b-2/bin/glnxa64/libmwiqm.so
7ffa051f9000-7ffa051fa000 rw-p 00000000 00:00 0 
7ffa051fa000-7ffa05267000 r-xp 00000000 fd:00 1866796                    /usr/local/MATLAB/R2010b-2/bin/glnxa64/libboost_serialization.so.1.40.0
7ffa05267000-7ffa05467000 ---p 0006d000 fd:00 1866796                    /usr/local/MATLAB/R2010b-2/bin/glnxa64/libboost_serialization.so.1.40.0
7ffa05467000-7ffa0546b000 rw-p 0006d000 fd:00 1866796                    /usr/local/MATLAB/R2010b-2/bin/glnxa64/libboost_serialization.so.1.40.0
7ffa0546b000-7ffa0546c000 rw-p 00000000 00:00 0 
7ffa0546c000-7ffa054e8000 r-xp 00000000 fd:00 1867657                    /usr/local/MATLAB/R2010b-2/bin/glnxa64/libmwmathutil.so
7ffa054e8000-7ffa056e8000 ---p 0007c000 fd:00 1867657                    /usr/local/MATLAB/R2010b-2/bin/glnxa64/libmwmathutil.so
7ffa056e8000-7ffa056e9000 rw-p 0007c000 fd:00 1867657                    /usr/local/MATLAB/R2010b-2/bin/glnxa64/libmwmathutil.so
7ffa056e9000-7ffa05823000 r-xp 00000000 fd:00 1867647                    /usr/local/MATLAB/R2010b-2/bin/glnxa64/libmwmlutil.so
7ffa05823000-7ffa05a23000 ---p 0013a000 fd:00 1867647                    /usr/local/MATLAB/R2010b-2/bin/glnxa64/libmwmlutil.so
7ffa05a23000-7ffa05a2b000 rw-p 0013a000 fd:00 1867647                    /usr/local/MATLAB/R2010b-2/bin/glnxa64/libmwmlutil.so
7ffa05a2b000-7ffa05a35000 rw-p 00000000 00:00 0 
7ffa05a35000-7ffa05a4a000 r-xp 00000000 fd:00 1866792                    /usr/local/MATLAB/R2010b-2/bin/glnxa64/libboost_signals.so.1.40.0
7ffa05a4a000-7ffa05c4a000 ---p 00015000 fd:00 1866792                    /usr/local/MATLAB/R2010b-2/bin/glnxa64/libboost_signals.so.1.40.0
7ffa05c4a000-7ffa05c4b000 rw-p 00015000 fd:00 1866792                    /usr/local/MATLAB/R2010b-2/bin/glnxa64/libboost_signals.so.1.40.0
7ffa05c4b000-7ffa05c4c000 rw-p 00000000 00:00 0 
7ffa05c4c000-7ffa05c5f000 r-xp 00000000 fd:00 1866809                    /usr/local/MATLAB/R2010b-2/bin/glnxa64/libboost_filesystem.so.1.40.0
7ffa05c5f000-7ffa05e5f000 ---p 00013000 fd:00 1866809                    /usr/local/MATLAB/R2010b-2/bin/glnxa64/libboost_filesystem.so.1.40.0
7ffa05e5f000-7ffa05e60000 rw-p 00013000 fd:00 1866809                    /usr/local/MATLAB/R2010b-2/bin/glnxa64/libboost_filesystem.so.1.40.0
7ffa05e60000-7ffa05e61000 rw-p 00000000 00:00 0 
7ffa05e61000-7ffa05e77000 r-xp 00000000 fd:00 1867855                    /usr/local/MATLAB/R2010b-2/bin/glnxa64/libtbbmalloc.so.2
7ffa05e77000-7ffa05f76000 ---p 00016000 fd:00 1867855                    /usr/local/MATLAB/R2010b-2/bin/glnxa64/libtbbmalloc.so.2
7ffa05f76000-7ffa05f79000 rw-p 00015000 fd:00 1867855                    /usr/local/MATLAB/R2010b-2/bin/glnxa64/libtbbmalloc.so.2
7ffa05f79000-7ffa05f86000 rw-p 00000000 00:00 0 
7ffa05f86000-7ffa05fb9000 r-xp 00000000 fd:00 1867854                    /usr/local/MATLAB/R2010b-2/bin/glnxa64/libtbb.so.2
7ffa05fb9000-7ffa060b8000 ---p 00033000 fd:00 1867854                    /usr/local/MATLAB/R2010b-2/bin/glnxa64/libtbb.so.2
7ffa060b8000-7ffa060bc000 rw-p 00032000 fd:00 1867854                    /usr/local/MATLAB/R2010b-2/bin/glnxa64/libtbb.so.2
7ffa060bc000-7ffa060bd000 rw-p 00000000 00:00 0 
7ffa060bd000-7ffa060c8000 r-xp 00000000 fd:00 1867741                    /usr/local/MATLAB/R2010b-2/bin/glnxa64/libicuio.so.42.1
7ffa060c8000-7ffa062c7000 ---p 0000b000 fd:00 1867741                    /usr/local/MATLAB/R2010b-2/bin/glnxa64/libicuio.so.42.1
7ffa062c7000-7ffa062c9000 rw-p 0000a000 fd:00 1867741                    /usr/local/MATLAB/R2010b-2/bin/glnxa64/libicuio.so.42.1
7ffa062c9000-7ffa062ca000 rw-p 00000000 00:00 0 
7ffa062ca000-7ffa06460000 r-xp 00000000 fd:00 1867746                    /usr/local/MATLAB/R2010b-2/bin/glnxa64/libicui18n.so.42.1
7ffa06460000-7ffa0665f000 ---p 00196000 fd:00 1867746                    /usr/local/MATLAB/R2010b-2/bin/glnxa64/libicui18n.so.42.1
7ffa0665f000-7ffa0666d000 rw-p 00195000 fd:00 1867746                    /usr/local/MATLAB/R2010b-2/bin/glnxa64/libicui18n.so.42.1
7ffa0666d000-7ffa067ba000 r-xp 00000000 fd:00 1867743                    /usr/local/MATLAB/R2010b-2/bin/glnxa64/libicuuc.so.42.1
7ffa067ba000-7ffa069b9000 ---p 0014d000 fd:00 1867743                    /usr/local/MATLAB/R2010b-2/bin/glnxa64/libicuuc.so.42.1
7ffa069b9000-7ffa069ca000 rw-p 0014c000 fd:00 1867743                    /usr/local/MATLAB/R2010b-2/bin/glnxa64/libicuuc.so.42.1
7ffa069ca000-7ffa069cc000 rw-p 00000000 00:00 0 
7ffa069cc000-7ffa07911000 r--p 00000000 fd:00 1867745                    /usr/local/MATLAB/R2010b-2/bin/glnxa64/libicudata.so.42.1
7ffa07911000-7ffa07b10000 ---p 00f45000 fd:00 1867745                    /usr/local/MATLAB/R2010b-2/bin/glnxa64/libicudata.so.42.1
7ffa07b10000-7ffa07b11000 rw-p 00f44000 fd:00 1867745                    /usr/local/MATLAB/R2010b-2/bin/glnxa64/libicudata.so.42.1
7ffa07b11000-7ffa07b12000 rw-p 00000000 00:00 0 
7ffa07b12000-7ffa07b38000 r-xp 00000000 fd:00 1867863                    /usr/local/MATLAB/R2010b-2/bin/glnxa64/libexpat.so.1.5.0
7ffa07b38000-7ffa07d37000 ---p 00026000 fd:00 1867863                    /usr/local/MATLAB/R2010b-2/bin/glnxa64/libexpat.so.1.5.0
7ffa07d37000-7ffa07d3a000 rw-p 00025000 fd:00 1867863                    /usr/local/MATLAB/R2010b-2/bin/glnxa64/libexpat.so.1.5.0
7ffa07d3a000-7ffa07d4e000 r-xp 00000000 fd:00 1866800                    /usr/local/MATLAB/R2010b-2/bin/glnxa64/libboost_thread.so.1.40.0
7ffa07d4e000-7ffa07f4d000 ---p 00014000 fd:00 1866800                    /usr/local/MATLAB/R2010b-2/bin/glnxa64/libboost_thread.so.1.40.0
7ffa07f4d000-7ffa07f4f000 rw-p 00013000 fd:00 1866800                    /usr/local/MATLAB/R2010b-2/bin/glnxa64/libboost_thread.so.1.40.0
7ffa07f4f000-7ffa07f50000 rw-p 00000000 00:00 0 
7ffa07f50000-7ffa07f53000 r-xp 00000000 fd:00 1866802                    /usr/local/MATLAB/R2010b-2/bin/glnxa64/libboost_system.so.1.40.0
7ffa07f53000-7ffa08152000 ---p 00003000 fd:00 1866802                    /usr/local/MATLAB/R2010b-2/bin/glnxa64/libboost_system.so.1.40.0
7ffa08152000-7ffa08153000 rw-p 00002000 fd:00 1866802                    /usr/local/MATLAB/R2010b-2/bin/glnxa64/libboost_system.so.1.40.0
7ffa08153000-7ffa08165000 r-xp 00000000 fd:00 1866803                    /usr/local/MATLAB/R2010b-2/bin/glnxa64/libboost_date_time.so.1.40.0
7ffa08165000-7ffa08364000 ---p 00012000 fd:00 1866803                    /usr/local/MATLAB/R2010b-2/bin/glnxa64/libboost_date_time.so.1.40.0
7ffa08364000-7ffa08366000 rw-p 00011000 fd:00 1866803                    /usr/local/MATLAB/R2010b-2/bin/glnxa64/libboost_date_time.so.1.40.0
7ffa08366000-7ffa08367000 rw-p 00000000 00:00 0 
7ffa08367000-7ffa083a9000 r-xp 00000000 fd:00 1867814                    /usr/local/MATLAB/R2010b-2/bin/glnxa64/libmwi18n.so
7ffa083a9000-7ffa085a9000 ---p 00042000 fd:00 1867814                    /usr/local/MATLAB/R2010b-2/bin/glnxa64/libmwi18n.so
7ffa085a9000-7ffa085ac000 rw-p 00042000 fd:00 1867814                    /usr/local/MATLAB/R2010b-2/bin/glnxa64/libmwi18n.so
7ffa085ac000-7ffa085ad000 rw-p 00000000 00:00 0 
7ffa085ad000-7ffa085c3000 r-xp 00000000 fd:00 1996634                    /usr/local/MATLAB/R2010b-2/sys/os/glnxa64/libgcc_s.so.1
7ffa085c3000-7ffa087c2000 ---p 00016000 fd:00 1996634                    /usr/local/MATLAB/R2010b-2/sys/os/glnxa64/libgcc_s.so.1
7ffa087c2000-7ffa087c3000 rw-p 00015000 fd:00 1996634                    /usr/local/MATLAB/R2010b-2/sys/os/glnxa64/libgcc_s.so.1
7ffa087c3000-7ffa087c4000 rw-p 00000000 00:00 0 
7ffa087f3000-7ffa087fb000 rw-s 00000000 fd:00 2136496                    /tmp/hsperfdata_imagine/23307
7ffa087fb000-7ffa087fc000 rw-p 00000000 00:00 0 
7ffa087fc000-7ffa087fd000 r--p 00000000 00:00 0 
7ffa087fd000-7ffa088e7000 r-xp 00000000 fd:00 1996637                    /usr/local/MATLAB/R2010b-2/sys/os/glnxa64/libstdc++.so.6.0.10
7ffa088e7000-7ffa08ae7000 ---p 000ea000 fd:00 1996637                    /usr/local/MATLAB/R2010b-2/sys/os/glnxa64/libstdc++.so.6.0.10
7ffa08ae7000-7ffa08aee000 r--p 000ea000 fd:00 1996637                    /usr/local/MATLAB/R2010b-2/sys/os/glnxa64/libstdc++.so.6.0.10
7ffa08aee000-7ffa08af0000 rw-p 000f1000 fd:00 1996637                    /usr/local/MATLAB/R2010b-2/sys/os/glnxa64/libstdc++.so.6.0.10
7ffa08af0000-7ffa08b03000 rw-p 00000000 00:00 0 
7ffa08b03000-7ffa08f77000 r-xp 00000000 fd:00 1867719                    /usr/local/MATLAB/R2010b-2/bin/glnxa64/libmwm_interpreter.so
7ffa08f77000-7ffa09177000 ---p 00474000 fd:00 1867719                    /usr/local/MATLAB/R2010b-2/bin/glnxa64/libmwm_interpreter.so
7ffa09177000-7ffa0924c000 rw-p 00474000 fd:00 1867719                    /usr/local/MATLAB/R2010b-2/bin/glnxa64/libmwm_interpreter.so
7ffa0924c000-7ffa092e6000 rw-p 00000000 00:00 0 
7ffa092e6000-7ffa09360000 r-xp 00000000 fd:00 1867714                    /usr/local/MATLAB/R2010b-2/bin/glnxa64/libmwm_dispatcher.so
7ffa09360000-7ffa0955f000 ---p 0007a000 fd:00 1867714                    /usr/local/MATLAB/R2010b-2/bin/glnxa64/libmwm_dispatcher.so
7ffa0955f000-7ffa09565000 rw-p 00079000 fd:00 1867714                    /usr/local/MATLAB/R2010b-2/bin/glnxa64/libmwm_dispatcher.so
7ffa09565000-7ffa095d2000 r-xp 00000000 fd:00 1867649                    /usr/local/MATLAB/R2010b-2/bin/glnxa64/libmwmcr.so
7ffa095d2000-7ffa097d1000 ---p 0006d000 fd:00 1867649                    /usr/local/MATLAB/R2010b-2/bin/glnxa64/libmwmcr.so
7ffa097d1000-7ffa097d6000 rw-p 0006c000 fd:00 1867649                    /usr/local/MATLAB/R2010b-2/bin/glnxa64/libmwmcr.so
7ffa097d6000-7ffa097dd000 rw-p 00000000 00:00 0 
7ffa097dd000-7ffa09800000 r-xp 00000000 fd:00 1867659                    /usr/local/MATLAB/R2010b-2/bin/glnxa64/libmwbridge.so
7ffa09800000-7ffa09a00000 ---p 00023000 fd:00 1867659                    /usr/local/MATLAB/R2010b-2/bin/glnxa64/libmwbridge.so
7ffa09a00000-7ffa09a03000 rw-p 00023000 fd:00 1867659                    /usr/local/MATLAB/R2010b-2/bin/glnxa64/libmwbridge.so
7ffa09a03000-7ffa09a0a000 rw-p 00000000 00:00 0 
7ffa09a0a000-7ffa09a60000 r-xp 00000000 fd:00 1867636                    /usr/local/MATLAB/R2010b-2/bin/glnxa64/libmwjmi.so
7ffa09a60000-7ffa09c60000 ---p 00056000 fd:00 1867636                    /usr/local/MATLAB/R2010b-2/bin/glnxa64/libmwjmi.so
7ffa09c60000-7ffa09c64000 rw-p 00056000 fd:00 1867636                    /usr/local/MATLAB/R2010b-2/bin/glnxa64/libmwjmi.so
7ffa09c64000-7ffa09c65000 rw-p 00000000 00:00 0 
7ffa09c65000-7ffa09dfc000 r-xp 00000000 fd:00 1867706                    /usr/local/MATLAB/R2010b-2/bin/glnxa64/libmwservices.so
7ffa09dfc000-7ffa09ffc000 ---p 00197000 fd:00 1867706                    /usr/local/MATLAB/R2010b-2/bin/glnxa64/libmwservices.so
7ffa09ffc000-7ffa0a00a000 rw-p 00197000 fd:00 1867706                    /usr/local/MATLAB/R2010b-2/bin/glnxa64/libmwservices.so
7ffa0a00a000-7ffa0a01a000 rw-p 00000000 00:00 0 
7ffa0a01a000-7ffa0a052000 r-xp 00000000 fd:00 1867642                    /usr/local/MATLAB/R2010b-2/bin/glnxa64/libmwmpath.so
7ffa0a052000-7ffa0a252000 ---p 00038000 fd:00 1867642                    /usr/local/MATLAB/R2010b-2/bin/glnxa64/libmwmpath.so
7ffa0a252000-7ffa0a255000 rw-p 00038000 fd:00 1867642                    /usr/local/MATLAB/R2010b-2/bin/glnxa64/libmwmpath.so
7ffa0a255000-7ffa0a258000 rw-p 00000000 00:00 0 
7ffa0a258000-7ffa0a2b8000 r-xp 00000000 fd:00 1867811                    /usr/local/MATLAB/R2010b-2/bin/glnxa64/libmx.so
7ffa0a2b8000-7ffa0a4b7000 ---p 00060000 fd:00 1867811                    /usr/local/MATLAB/R2010b-2/bin/glnxa64/libmx.so
7ffa0a4b7000-7ffa0a4ba000 rw-p 0005f000 fd:00 1867811                    /usr/local/MATLAB/R2010b-2/bin/glnxa64/libmx.so
7ffa0a4ba000-7ffa0a549000 r-xp 00000000 fd:00 1867815                    /usr/local/MATLAB/R2010b-2/bin/glnxa64/libmwfl.so
7ffa0a549000-7ffa0a748000 ---p 0008f000 fd:00 1867815                    /usr/local/MATLAB/R2010b-2/bin/glnxa64/libmwfl.so
7ffa0a748000-7ffa0a750000 rw-p 0008e000 fd:00 1867815                    /usr/local/MATLAB/R2010b-2/bin/glnxa64/libmwfl.so
7ffa0a750000-7ffa0a760000 rw-p 00000000 00:00 0 
7ffa0a760000-7ffa0a828000 r-xp 00000000 fd:00 1867810                    /usr/local/MATLAB/R2010b-2/bin/glnxa64/libut.so
7ffa0a828000-7ffa0aa27000 ---p 000c8000 fd:00 1867810                    /usr/local/MATLAB/R2010b-2/bin/glnxa64/libut.so
7ffa0aa27000-7ffa0aa32000 rw-p 000c7000 fd:00 1867810                    /usr/local/MATLAB/R2010b-2/bin/glnxa64/libut.so
7ffa0aa32000-7ffa0aa48000 rw-p 00000000 00:00 0 
7ffffffb0000-7ffffffd0000 rwxp 00000000 00:00 0                          [stack]
7ffffffd0000-7ffffffd4000 rw-p 00000000 00:00 0 
7fffffffe000-7ffffffff000 r-xp 00000000 00:00 0                          [vdso]
ffffffffff600000-ffffffffff601000 r-xp 00000000 00:00 0                  [vsyscall]

VM Arguments:
jvm_args: -Xms64m -XX:NewRatio=3 -XX:MaxPermSize=128m -Xmx196m -XX:MaxDirectMemorySize=2147400000 -Djava.util.prefs.PreferencesFactory=com.mathworks.util.DisabledPreferencesFactory -XX:+AllowUserSignalHandlers -Xrs -Dsun.awt.disableMixing=true -Djava.library.path=/usr/local/MATLAB/R2010b-2/bin/glnxa64 vfprintf abort -Djava.awt.headless=true -Dfile.encoding=UTF-8 
java_command: <unknown>
Launcher Type: generic

Environment Variables:
PATH=/media/DATAPART4/DarMart/Software/Fuentes/freesurfer/bin:/media/DATAPART4/DarMart/Software/Fuentes/freesurfer/fsfast/bin:/media/DATAPART4/DarMart/Software/Fuentes/freesurfer/tktools:/media/DATAPART2/Kangaroo/fsl/install/fsl/bin:/media/DATAPART4/DarMart/Software/Fuentes/freesurfer/mni/bin:/media/DATAPART2/Kangaroo/fsl/install/fsl/bin:/media/DATAPART4/DarMart/Software/Fuentes/freesurfer/bin:/media/DATAPART4/DarMart/Software/Fuentes/freesurfer/fsfast/bin:/media/DATAPART4/DarMart/Software/Fuentes/freesurfer/tktools:/media/DATAPART4/DarMart/Software/Fuentes/freesurfer/mni/bin:/usr/lib64/qt-3.3/bin:/usr/lib64/mpich2/bin:/usr/lib64/ccache:/usr/local/bin:/bin:/usr/bin:/usr/local/sbin:/usr/sbin:/sbin:/media/DATAPART2/CreaTools/All_Aug2011/thirdparty_install/bin:/media/DATAPART2/CreaTools/All_Aug2011/creatools_install/bin:/media/DATAPART2/CreaTools/All_Aug2011/creatools_install/bin:/home/imagine/bin:/media/DATAPART2/CreaTools/All_Aug2011/thirdparty_install/bin:/media/DATAPART2/CreaTools/All_Aug2011/creatools_install/bin:/media/DATAPART2/CreaTools/All_Aug2011/creatools_install/bin
LD_LIBRARY_PATH=/usr/local/MATLAB/R2010b-2/sys/os/glnxa64:/usr/local/MATLAB/R2010b-2/bin/glnxa64:/usr/local/MATLAB/R2010b-2/extern/lib/glnxa64:/usr/local/MATLAB/R2010b-2/runtime/glnxa64:/usr/local/MATLAB/R2010b-2/sys/java/jre/glnxa64/jre/lib/amd64/native_threads:/usr/local/MATLAB/R2010b-2/sys/java/jre/glnxa64/jre/lib/amd64/server:/usr/local/MATLAB/R2010b-2/sys/java/jre/glnxa64/jre/lib/amd64:/usr/lib64/mpich2/lib:/media/DATAPART2/CreaTools/All_Aug2011/thirdparty_install/lib/gdcm/:/media/DATAPART2/CreaTools/All_Aug2011/thirdparty_install/lib/InsightToolkit/:/media/DATAPART2/CreaTools/All_Aug2011/thirdparty_install/lib/vtk-5.6/:/media/DATAPART2/CreaTools/All_Aug2011/creatools_install/lib/creatools:/media/DATAPART2/CreaTools/All_Aug2011/creatools_install/lib64/creatools:/media/DATAPART2/CreaTools/All_Aug2011/creatools_install/lib/creatools:/media/DATAPART2/CreaTools/All_Aug2011/creatools_install/lib64/creatools:/media/DATAPART5/applications/vtk/build/bin
SHELL=/bin/bash
DISPLAY=
ARCH=glnxa64
OS=Linux

Signal Handlers:
SIGSEGV: [libjvm.so+0x6bddc0], sa_mask[0]=0x7ffbfeff, sa_flags=0x10000004
SIGBUS: [libjvm.so+0x6bddc0], sa_mask[0]=0x7ffbfeff, sa_flags=0x10000004
SIGFPE: [libjvm.so+0x594f90], sa_mask[0]=0x7ffbfeff, sa_flags=0x10000004
SIGPIPE: [libjvm.so+0x594f90], sa_mask[0]=0x7ffbfeff, sa_flags=0x10000004
SIGXFSZ: [libjvm.so+0x594f90], sa_mask[0]=0x7ffbfeff, sa_flags=0x10000004
SIGILL: [libjvm.so+0x594f90], sa_mask[0]=0x7ffbfeff, sa_flags=0x10000004
SIGUSR1: SIG_DFL, sa_mask[0]=0x00000000, sa_flags=0x00000000
SIGUSR2: [libjvm.so+0x597750], sa_mask[0]=0x08080002, sa_flags=0x10000004
SIGHUP: SIG_DFL, sa_mask[0]=0x00000000, sa_flags=0x00000000
SIGINT: SIG_IGN, sa_mask[0]=0x00000000, sa_flags=0x00000000
SIGTERM: SIG_DFL, sa_mask[0]=0x00000000, sa_flags=0x00000000
SIGQUIT: [libmwmcr.so+0x59410], sa_mask[0]=0x08080002, sa_flags=0x00000004


---------------  S Y S T E M  ---------------

OS:Fedora release 14 (Laughlin)

uname:Linux 2.6.35.14-106.fc14.x86_64 #1 SMP Wed Nov 23 13:07:52 UTC 2011 x86_64
libc:glibc 2.13 NPTL 2.13 
rlimit: STACK 8192k, CORE 0k, NPROC 1024, NOFILE 1024, AS infinity
load average:37.11 13.22 6.69

CPU:total 16 (8 cores per cpu, 2 threads per core) family 6 model 26 stepping 5, cmov, cx8, fxsr, mmx, sse, sse2, sse3, ssse3, sse4.1, sse4.2, ht

Memory: 4k page, physical 49621980k(149132k free), swap 51642364k(47427668k free)

vm_info: Java HotSpot(TM) 64-Bit Server VM (14.3-b01) for linux-amd64 JRE (1.6.0_17-b04), built on Oct 11 2009 01:08:48 by "java_re" with gcc 3.2.2 (SuSE Linux)

time: Mon Jul 22 16:55:05 2013
elapsed time: 0 seconds

